# JRE version: OpenJDK Runtime Environment (8.0_212-b04) (build 1.8.0_212-release-1586-b04)
# Java VM: OpenJDK 64-Bit Server VM (25.212-b04 mixed mode windows-amd64 compressed oops)
Heap:
 PSYoungGen      total 420864K, used 401522K [0x00000000e0000000, 0x00000000fe500000, 0x0000000100000000)
  eden space 357376K, 97% used [0x00000000e0000000,0x00000000f5523258,0x00000000f5d00000)
  from space 63488K, 82% used [0x00000000fa080000,0x00000000fd3795c8,0x00000000fde80000)
  to   space 69120K, 0% used [0x00000000f5d00000,0x00000000f5d00000,0x00000000fa080000)
 ParOldGen       total 241664K, used 95487K [0x00000000a0000000, 0x00000000aec00000, 0x00000000e0000000)
  object space 241664K, 39% used [0x00000000a0000000,0x00000000a5d3ff20,0x00000000aec00000)
 Metaspace       used 101880K, capacity 108636K, committed 108840K, reserved 1144832K
  class space    used 12900K, capacity 14043K, committed 14120K, reserved 1048576K
GC Heap History (10 events):
Event: 3706.367 GC heap before
{Heap before GC invocations=42 (full 4):
 PSYoungGen      total 325120K, used 264210K [0x00000000e0000000, 0x00000000f9980000, 0x0000000100000000)
  eden space 251392K, 100% used [0x00000000e0000000,0x00000000ef580000,0x00000000ef580000)
  from space 73728K, 17% used [0x00000000ef580000,0x00000000f0204ab0,0x00000000f3d80000)
  to   space 72192K, 0% used [0x00000000f5300000,0x00000000f5300000,0x00000000f9980000)
 ParOldGen       total 241664K, used 92942K [0x00000000a0000000, 0x00000000aec00000, 0x00000000e0000000)
  object space 241664K, 38% used [0x00000000a0000000,0x00000000a5ac3828,0x00000000aec00000)
 Metaspace       used 97857K, capacity 104292K, committed 104488K, reserved 1140736K
  class space    used 12442K, capacity 13539K, committed 13608K, reserved 1048576K
Event: 3706.434 GC heap after
Heap after GC invocations=42 (full 4):
 PSYoungGen      total 344064K, used 33629K [0x00000000e0000000, 0x00000000f9600000, 0x0000000100000000)
  eden space 275456K, 0% used [0x00000000e0000000,0x00000000e0000000,0x00000000f0d00000)
  from space 68608K, 49% used [0x00000000f5300000,0x00000000f73d7698,0x00000000f9600000)
  to   space 70144K, 0% used [0x00000000f0d00000,0x00000000f0d00000,0x00000000f5180000)
 ParOldGen       total 241664K, used 92950K [0x00000000a0000000, 0x00000000aec00000, 0x00000000e0000000)
  object space 241664K, 38% used [0x00000000a0000000,0x00000000a5ac5828,0x00000000aec00000)
 Metaspace       used 97857K, capacity 104292K, committed 104488K, reserved 1140736K
  class space    used 12442K, capacity 13539K, committed 13608K, reserved 1048576K
}
Event: 3710.812 GC heap before
{Heap before GC invocations=43 (full 4):
 PSYoungGen      total 344064K, used 309085K [0x00000000e0000000, 0x00000000f9600000, 0x0000000100000000)
  eden space 275456K, 100% used [0x00000000e0000000,0x00000000f0d00000,0x00000000f0d00000)
  from space 68608K, 49% used [0x00000000f5300000,0x00000000f73d7698,0x00000000f9600000)
  to   space 70144K, 0% used [0x00000000f0d00000,0x00000000f0d00000,0x00000000f5180000)
 ParOldGen       total 241664K, used 92953K [0x00000000a0000000, 0x00000000aec00000, 0x00000000e0000000)
  object space 241664K, 38% used [0x00000000a0000000,0x00000000a5ac6540,0x00000000aec00000)
 Metaspace       used 98075K, capacity 104602K, committed 104744K, reserved 1140736K
  class space    used 12448K, capacity 13548K, committed 13608K, reserved 1048576K
Event: 3711.636 GC heap after
Heap after GC invocations=43 (full 4):
 PSYoungGen      total 345600K, used 19175K [0x00000000e0000000, 0x00000000fc080000, 0x0000000100000000)
  eden space 275456K, 0% used [0x00000000e0000000,0x00000000e0000000,0x00000000f0d00000)
  from space 70144K, 27% used [0x00000000f0d00000,0x00000000f1fb9ed8,0x00000000f5180000)
  to   space 67072K, 0% used [0x00000000f7f00000,0x00000000f7f00000,0x00000000fc080000)
 ParOldGen       total 241664K, used 92961K [0x00000000a0000000, 0x00000000aec00000, 0x00000000e0000000)
  object space 241664K, 38% used [0x00000000a0000000,0x00000000a5ac8540,0x00000000aec00000)
 Metaspace       used 98075K, capacity 104602K, committed 104744K, reserved 1140736K
  class space    used 12448K, capacity 13548K, committed 13608K, reserved 1048576K
}
Event: 3775.400 GC heap before
{Heap before GC invocations=44 (full 4):
 PSYoungGen      total 345600K, used 294631K [0x00000000e0000000, 0x00000000fc080000, 0x0000000100000000)
  eden space 275456K, 100% used [0x00000000e0000000,0x00000000f0d00000,0x00000000f0d00000)
  from space 70144K, 27% used [0x00000000f0d00000,0x00000000f1fb9ed8,0x00000000f5180000)
  to   space 67072K, 0% used [0x00000000f7f00000,0x00000000f7f00000,0x00000000fc080000)
 ParOldGen       total 241664K, used 92961K [0x00000000a0000000, 0x00000000aec00000, 0x00000000e0000000)
  object space 241664K, 38% used [0x00000000a0000000,0x00000000a5ac8540,0x00000000aec00000)
 Metaspace       used 98225K, capacity 104828K, committed 105000K, reserved 1140736K
  class space    used 12463K, capacity 13575K, committed 13608K, reserved 1048576K
Event: 3775.639 GC heap after
Heap after GC invocations=44 (full 4):
 PSYoungGen      total 382976K, used 35495K [0x00000000e0000000, 0x00000000fbb80000, 0x0000000100000000)
  eden space 321024K, 0% used [0x00000000e0000000,0x00000000e0000000,0x00000000f3980000)
  from space 61952K, 57% used [0x00000000f7f00000,0x00000000fa1a9ef8,0x00000000fbb80000)
  to   space 66560K, 0% used [0x00000000f3980000,0x00000000f3980000,0x00000000f7a80000)
 ParOldGen       total 241664K, used 92969K [0x00000000a0000000, 0x00000000aec00000, 0x00000000e0000000)
  object space 241664K, 38% used [0x00000000a0000000,0x00000000a5aca540,0x00000000aec00000)
 Metaspace       used 98225K, capacity 104828K, committed 105000K, reserved 1140736K
  class space    used 12463K, capacity 13575K, committed 13608K, reserved 1048576K
}
Event: 4288.406 GC heap before
{Heap before GC invocations=45 (full 4):
 PSYoungGen      total 382976K, used 356519K [0x00000000e0000000, 0x00000000fbb80000, 0x0000000100000000)
  eden space 321024K, 100% used [0x00000000e0000000,0x00000000f3980000,0x00000000f3980000)
  from space 61952K, 57% used [0x00000000f7f00000,0x00000000fa1a9ef8,0x00000000fbb80000)
  to   space 66560K, 0% used [0x00000000f3980000,0x00000000f3980000,0x00000000f7a80000)
 ParOldGen       total 241664K, used 92969K [0x00000000a0000000, 0x00000000aec00000, 0x00000000e0000000)
  object space 241664K, 38% used [0x00000000a0000000,0x00000000a5aca540,0x00000000aec00000)
 Metaspace       used 98433K, capacity 105096K, committed 105384K, reserved 1140736K
  class space    used 12481K, capacity 13609K, committed 13736K, reserved 1048576K
Event: 4288.514 GC heap after
Heap after GC invocations=45 (full 4):
 PSYoungGen      total 387584K, used 22616K [0x00000000e0000000, 0x00000000fde80000, 0x0000000100000000)
  eden space 321024K, 0% used [0x00000000e0000000,0x00000000e0000000,0x00000000f3980000)
  from space 66560K, 33% used [0x00000000f3980000,0x00000000f4f96100,0x00000000f7a80000)
  to   space 63488K, 0% used [0x00000000fa080000,0x00000000fa080000,0x00000000fde80000)
 ParOldGen       total 241664K, used 95303K [0x00000000a0000000, 0x00000000aec00000, 0x00000000e0000000)
  object space 241664K, 39% used [0x00000000a0000000,0x00000000a5d11f10,0x00000000aec00000)
 Metaspace       used 98433K, capacity 105096K, committed 105384K, reserved 1140736K
  class space    used 12481K, capacity 13609K, committed 13736K, reserved 1048576K
}
Event: 4500.446 GC heap before
{Heap before GC invocations=46 (full 4):
 PSYoungGen      total 387584K, used 343640K [0x00000000e0000000, 0x00000000fde80000, 0x0000000100000000)
  eden space 321024K, 100% used [0x00000000e0000000,0x00000000f3980000,0x00000000f3980000)
  from space 66560K, 33% used [0x00000000f3980000,0x00000000f4f96100,0x00000000f7a80000)
  to   space 63488K, 0% used [0x00000000fa080000,0x00000000fa080000,0x00000000fde80000)
 ParOldGen       total 241664K, used 95303K [0x00000000a0000000, 0x00000000aec00000, 0x00000000e0000000)
  object space 241664K, 39% used [0x00000000a0000000,0x00000000a5d11f10,0x00000000aec00000)
 Metaspace       used 98568K, capacity 105234K, committed 105384K, reserved 1140736K
  class space    used 12482K, capacity 13610K, committed 13736K, reserved 1048576K
Event: 4500.905 GC heap after
Heap after GC invocations=46 (full 4):
 PSYoungGen      total 420864K, used 52197K [0x00000000e0000000, 0x00000000fe500000, 0x0000000100000000)
  eden space 357376K, 0% used [0x00000000e0000000,0x00000000e0000000,0x00000000f5d00000)
  from space 63488K, 82% used [0x00000000fa080000,0x00000000fd3795c8,0x00000000fde80000)
  to   space 69120K, 0% used [0x00000000f5d00000,0x00000000f5d00000,0x00000000fa080000)
 ParOldGen       total 241664K, used 95487K [0x00000000a0000000, 0x00000000aec00000, 0x00000000e0000000)
  object space 241664K, 39% used [0x00000000a0000000,0x00000000a5d3ff20,0x00000000aec00000)
 Metaspace       used 98568K, capacity 105234K, committed 105384K, reserved 1140736K
  class space    used 12482K, capacity 13610K, committed 13736K, reserved 1048576K
}

