# JRE version: OpenJDK Runtime Environment (8.0_212-b04) (build 1.8.0_212-release-1586-b04)
# Java VM: OpenJDK 64-Bit Server VM (25.212-b04 mixed mode windows-amd64 compressed oops)
Heap:
 PSYoungGen      total 416768K, used 234799K [0x00000000e0000000, 0x0000000100000000, 0x0000000100000000)
  eden space 368128K, 50% used [0x00000000e0000000,0x00000000eb5d1ce8,0x00000000f6780000)
  from space 48640K, 99% used [0x00000000fa400000,0x00000000fd37a168,0x00000000fd380000)
  to   space 61952K, 0% used [0x00000000f6780000,0x00000000f6780000,0x00000000fa400000)
 ParOldGen       total 222208K, used 78147K [0x00000000a0000000, 0x00000000ad900000, 0x00000000e0000000)
  object space 222208K, 35% used [0x00000000a0000000,0x00000000a4c50e90,0x00000000ad900000)
 Metaspace       used 99831K, capacity 106760K, committed 107008K, reserved 1142784K
  class space    used 12496K, capacity 13701K, committed 13824K, reserved 1048576K
GC Heap History (10 events):
Event: 15289.486 GC heap before
{Heap before GC invocations=62 (full 4):
 PSYoungGen      total 412672K, used 378751K [0x00000000e0000000, 0x00000000fc900000, 0x0000000100000000)
  eden space 359936K, 100% used [0x00000000e0000000,0x00000000f5f80000,0x00000000f5f80000)
  from space 52736K, 35% used [0x00000000f5f80000,0x00000000f71dffb0,0x00000000f9300000)
  to   space 50176K, 0% used [0x00000000f9800000,0x00000000f9800000,0x00000000fc900000)
 ParOldGen       total 222208K, used 61787K [0x00000000a0000000, 0x00000000ad900000, 0x00000000e0000000)
  object space 222208K, 27% used [0x00000000a0000000,0x00000000a3c56f80,0x00000000ad900000)
 Metaspace       used 98762K, capacity 105516K, committed 105728K, reserved 1140736K
  class space    used 12434K, capacity 13549K, committed 13568K, reserved 1048576K
Event: 15289.621 GC heap after
Heap after GC invocations=62 (full 4):
 PSYoungGen      total 413696K, used 9709K [0x00000000e0000000, 0x00000000fc680000, 0x0000000100000000)
  eden space 366080K, 0% used [0x00000000e0000000,0x00000000e0000000,0x00000000f6580000)
  from space 47616K, 20% used [0x00000000f9800000,0x00000000fa17b518,0x00000000fc680000)
  to   space 49664K, 0% used [0x00000000f6580000,0x00000000f6580000,0x00000000f9600000)
 ParOldGen       total 222208K, used 61795K [0x00000000a0000000, 0x00000000ad900000, 0x00000000e0000000)
  object space 222208K, 27% used [0x00000000a0000000,0x00000000a3c58f80,0x00000000ad900000)
 Metaspace       used 98762K, capacity 105516K, committed 105728K, reserved 1140736K
  class space    used 12434K, capacity 13549K, committed 13568K, reserved 1048576K
}
Event: 15457.639 GC heap before
{Heap before GC invocations=63 (full 4):
 PSYoungGen      total 413696K, used 375789K [0x00000000e0000000, 0x00000000fc680000, 0x0000000100000000)
  eden space 366080K, 100% used [0x00000000e0000000,0x00000000f6580000,0x00000000f6580000)
  from space 47616K, 20% used [0x00000000f9800000,0x00000000fa17b518,0x00000000fc680000)
  to   space 49664K, 0% used [0x00000000f6580000,0x00000000f6580000,0x00000000f9600000)
 ParOldGen       total 222208K, used 61796K [0x00000000a0000000, 0x00000000ad900000, 0x00000000e0000000)
  object space 222208K, 27% used [0x00000000a0000000,0x00000000a3c590f0,0x00000000ad900000)
 Metaspace       used 99018K, capacity 105810K, committed 106112K, reserved 1142784K
  class space    used 12437K, capacity 13582K, committed 13696K, reserved 1048576K
Event: 15458.069 GC heap after
Heap after GC invocations=63 (full 4):
 PSYoungGen      total 415744K, used 24918K [0x00000000e0000000, 0x00000000fcb80000, 0x0000000100000000)
  eden space 366080K, 0% used [0x00000000e0000000,0x00000000e0000000,0x00000000f6580000)
  from space 49664K, 50% used [0x00000000f6580000,0x00000000f7dd5a78,0x00000000f9600000)
  to   space 48128K, 0% used [0x00000000f9c80000,0x00000000f9c80000,0x00000000fcb80000)
 ParOldGen       total 222208K, used 62084K [0x00000000a0000000, 0x00000000ad900000, 0x00000000e0000000)
  object space 222208K, 27% used [0x00000000a0000000,0x00000000a3ca10f0,0x00000000ad900000)
 Metaspace       used 99018K, capacity 105810K, committed 106112K, reserved 1142784K
  class space    used 12437K, capacity 13582K, committed 13696K, reserved 1048576K
}
Event: 15823.075 GC heap before
{Heap before GC invocations=64 (full 4):
 PSYoungGen      total 415744K, used 390998K [0x00000000e0000000, 0x00000000fcb80000, 0x0000000100000000)
  eden space 366080K, 100% used [0x00000000e0000000,0x00000000f6580000,0x00000000f6580000)
  from space 49664K, 50% used [0x00000000f6580000,0x00000000f7dd5a78,0x00000000f9600000)
  to   space 48128K, 0% used [0x00000000f9c80000,0x00000000f9c80000,0x00000000fcb80000)
 ParOldGen       total 222208K, used 62086K [0x00000000a0000000, 0x00000000ad900000, 0x00000000e0000000)
  object space 222208K, 27% used [0x00000000a0000000,0x00000000a3ca1b10,0x00000000ad900000)
 Metaspace       used 99210K, capacity 106088K, committed 106368K, reserved 1142784K
  class space    used 12444K, capacity 13623K, committed 13696K, reserved 1048576K
Event: 15823.090 GC heap after
Heap after GC invocations=64 (full 4):
 PSYoungGen      total 419328K, used 8432K [0x00000000e0000000, 0x00000000fca00000, 0x0000000100000000)
  eden space 372736K, 0% used [0x00000000e0000000,0x00000000e0000000,0x00000000f6c00000)
  from space 46592K, 18% used [0x00000000f9c80000,0x00000000fa4bc040,0x00000000fca00000)
  to   space 48128K, 0% used [0x00000000f6c00000,0x00000000f6c00000,0x00000000f9b00000)
 ParOldGen       total 222208K, used 62158K [0x00000000a0000000, 0x00000000ad900000, 0x00000000e0000000)
  object space 222208K, 27% used [0x00000000a0000000,0x00000000a3cb3b10,0x00000000ad900000)
 Metaspace       used 99210K, capacity 106088K, committed 106368K, reserved 1142784K
  class space    used 12444K, capacity 13623K, committed 13696K, reserved 1048576K
}
Event: 15893.439 GC heap before
{Heap before GC invocations=65 (full 4):
 PSYoungGen      total 419328K, used 381168K [0x00000000e0000000, 0x00000000fca00000, 0x0000000100000000)
  eden space 372736K, 100% used [0x00000000e0000000,0x00000000f6c00000,0x00000000f6c00000)
  from space 46592K, 18% used [0x00000000f9c80000,0x00000000fa4bc040,0x00000000fca00000)
  to   space 48128K, 0% used [0x00000000f6c00000,0x00000000f6c00000,0x00000000f9b00000)
 ParOldGen       total 222208K, used 62158K [0x00000000a0000000, 0x00000000ad900000, 0x00000000e0000000)
  object space 222208K, 27% used [0x00000000a0000000,0x00000000a3cb3b10,0x00000000ad900000)
 Metaspace       used 99327K, capacity 106158K, committed 106368K, reserved 1142784K
  class space    used 12446K, capacity 13624K, committed 13696K, reserved 1048576K
Event: 15893.614 GC heap after
Heap after GC invocations=65 (full 4):
 PSYoungGen      total 420864K, used 30116K [0x00000000e0000000, 0x00000000fd380000, 0x0000000100000000)
  eden space 372736K, 0% used [0x00000000e0000000,0x00000000e0000000,0x00000000f6c00000)
  from space 48128K, 62% used [0x00000000f6c00000,0x00000000f89692a8,0x00000000f9b00000)
  to   space 48640K, 0% used [0x00000000fa400000,0x00000000fa400000,0x00000000fd380000)
 ParOldGen       total 222208K, used 62286K [0x00000000a0000000, 0x00000000ad900000, 0x00000000e0000000)
  object space 222208K, 28% used [0x00000000a0000000,0x00000000a3cd3b10,0x00000000ad900000)
 Metaspace       used 99327K, capacity 106158K, committed 106368K, reserved 1142784K
  class space    used 12446K, capacity 13624K, committed 13696K, reserved 1048576K
}
Event: 15896.291 GC heap before
{Heap before GC invocations=66 (full 4):
 PSYoungGen      total 420864K, used 402852K [0x00000000e0000000, 0x00000000fd380000, 0x0000000100000000)
  eden space 372736K, 100% used [0x00000000e0000000,0x00000000f6c00000,0x00000000f6c00000)
  from space 48128K, 62% used [0x00000000f6c00000,0x00000000f89692a8,0x00000000f9b00000)
  to   space 48640K, 0% used [0x00000000fa400000,0x00000000fa400000,0x00000000fd380000)
 ParOldGen       total 222208K, used 62286K [0x00000000a0000000, 0x00000000ad900000, 0x00000000e0000000)
  object space 222208K, 28% used [0x00000000a0000000,0x00000000a3cd3b10,0x00000000ad900000)
 Metaspace       used 99606K, capacity 106428K, committed 106624K, reserved 1142784K
  class space    used 12473K, capacity 13635K, committed 13696K, reserved 1048576K
Event: 15896.958 GC heap after
Heap after GC invocations=66 (full 4):
 PSYoungGen      total 416768K, used 48616K [0x00000000e0000000, 0x0000000100000000, 0x0000000100000000)
  eden space 368128K, 0% used [0x00000000e0000000,0x00000000e0000000,0x00000000f6780000)
  from space 48640K, 99% used [0x00000000fa400000,0x00000000fd37a168,0x00000000fd380000)
  to   space 61952K, 0% used [0x00000000f6780000,0x00000000f6780000,0x00000000fa400000)
 ParOldGen       total 222208K, used 78147K [0x00000000a0000000, 0x00000000ad900000, 0x00000000e0000000)
  object space 222208K, 35% used [0x00000000a0000000,0x00000000a4c50e90,0x00000000ad900000)
 Metaspace       used 99606K, capacity 106428K, committed 106624K, reserved 1142784K
  class space    used 12473K, capacity 13635K, committed 13696K, reserved 1048576K
}

