# JRE version: OpenJDK Runtime Environment (8.0_212-b04) (build 1.8.0_212-release-1586-b04)
# Java VM: OpenJDK 64-Bit Server VM (25.212-b04 mixed mode windows-amd64 compressed oops)
Heap:
 PSYoungGen      total 194560K, used 3002K [0x00000000e0000000, 0x00000000eda00000, 0x0000000100000000)
  eden space 175616K, 0% used [0x00000000e0000000,0x00000000e0000000,0x00000000eab80000)
  from space 18944K, 15% used [0x00000000ebe80000,0x00000000ec16e9d8,0x00000000ed100000)
  to   space 19456K, 0% used [0x00000000eab80000,0x00000000eab80000,0x00000000ebe80000)
 ParOldGen       total 88064K, used 34538K [0x00000000a0000000, 0x00000000a5600000, 0x00000000e0000000)
  object space 88064K, 39% used [0x00000000a0000000,0x00000000a21ba858,0x00000000a5600000)
 Metaspace       used 57060K, capacity 59030K, committed 59096K, reserved 1099776K
  class space    used 7895K, capacity 8394K, committed 8408K, reserved 1048576K
GC Heap History (10 events):
Event: 6.269 GC heap after
Heap after GC invocations=10 (full 1):
 PSYoungGen      total 117760K, used 10027K [0x00000000e0000000, 0x00000000ea180000, 0x0000000100000000)
  eden space 105984K, 0% used [0x00000000e0000000,0x00000000e0000000,0x00000000e6780000)
  from space 11776K, 85% used [0x00000000e6780000,0x00000000e714af50,0x00000000e7300000)
  to   space 12288K, 0% used [0x00000000e9580000,0x00000000e9580000,0x00000000ea180000)
 ParOldGen       total 59904K, used 9327K [0x00000000a0000000, 0x00000000a3a80000, 0x00000000e0000000)
  object space 59904K, 15% used [0x00000000a0000000,0x00000000a091bc30,0x00000000a3a80000)
 Metaspace       used 34566K, capacity 35436K, committed 35456K, reserved 1079296K
  class space    used 4755K, capacity 4975K, committed 4992K, reserved 1048576K
}
Event: 6.269 GC heap before
{Heap before GC invocations=11 (full 2):
 PSYoungGen      total 117760K, used 10027K [0x00000000e0000000, 0x00000000ea180000, 0x0000000100000000)
  eden space 105984K, 0% used [0x00000000e0000000,0x00000000e0000000,0x00000000e6780000)
  from space 11776K, 85% used [0x00000000e6780000,0x00000000e714af50,0x00000000e7300000)
  to   space 12288K, 0% used [0x00000000e9580000,0x00000000e9580000,0x00000000ea180000)
 ParOldGen       total 59904K, used 9327K [0x00000000a0000000, 0x00000000a3a80000, 0x00000000e0000000)
  object space 59904K, 15% used [0x00000000a0000000,0x00000000a091bc30,0x00000000a3a80000)
 Metaspace       used 34566K, capacity 35436K, committed 35456K, reserved 1079296K
  class space    used 4755K, capacity 4975K, committed 4992K, reserved 1048576K
Event: 6.308 GC heap after
Heap after GC invocations=11 (full 2):
 PSYoungGen      total 117760K, used 0K [0x00000000e0000000, 0x00000000ea180000, 0x0000000100000000)
  eden space 105984K, 0% used [0x00000000e0000000,0x00000000e0000000,0x00000000e6780000)
  from space 11776K, 0% used [0x00000000e6780000,0x00000000e6780000,0x00000000e7300000)
  to   space 12288K, 0% used [0x00000000e9580000,0x00000000e9580000,0x00000000ea180000)
 ParOldGen       total 88064K, used 16921K [0x00000000a0000000, 0x00000000a5600000, 0x00000000e0000000)
  object space 88064K, 19% used [0x00000000a0000000,0x00000000a10864e8,0x00000000a5600000)
 Metaspace       used 34537K, capacity 35340K, committed 35456K, reserved 1079296K
  class space    used 4746K, capacity 4959K, committed 4992K, reserved 1048576K
}
Event: 10.680 GC heap before
{Heap before GC invocations=12 (full 2):
 PSYoungGen      total 117760K, used 105984K [0x00000000e0000000, 0x00000000ea180000, 0x0000000100000000)
  eden space 105984K, 100% used [0x00000000e0000000,0x00000000e6780000,0x00000000e6780000)
  from space 11776K, 0% used [0x00000000e6780000,0x00000000e6780000,0x00000000e7300000)
  to   space 12288K, 0% used [0x00000000e9580000,0x00000000e9580000,0x00000000ea180000)
 ParOldGen       total 88064K, used 16921K [0x00000000a0000000, 0x00000000a5600000, 0x00000000e0000000)
  object space 88064K, 19% used [0x00000000a0000000,0x00000000a10864e8,0x00000000a5600000)
 Metaspace       used 45139K, capacity 46202K, committed 46336K, reserved 1089536K
  class space    used 6064K, capacity 6351K, committed 6400K, reserved 1048576K
Event: 10.693 GC heap after
Heap after GC invocations=12 (full 2):
 PSYoungGen      total 150528K, used 12286K [0x00000000e0000000, 0x00000000ea400000, 0x0000000100000000)
  eden space 138240K, 0% used [0x00000000e0000000,0x00000000e0000000,0x00000000e8700000)
  from space 12288K, 99% used [0x00000000e9580000,0x00000000ea17faa0,0x00000000ea180000)
  to   space 14848K, 0% used [0x00000000e8700000,0x00000000e8700000,0x00000000e9580000)
 ParOldGen       total 88064K, used 19273K [0x00000000a0000000, 0x00000000a5600000, 0x00000000e0000000)
  object space 88064K, 21% used [0x00000000a0000000,0x00000000a12d27b8,0x00000000a5600000)
 Metaspace       used 45139K, capacity 46202K, committed 46336K, reserved 1089536K
  class space    used 6064K, capacity 6351K, committed 6400K, reserved 1048576K
}
Event: 14.943 GC heap before
{Heap before GC invocations=13 (full 2):
 PSYoungGen      total 150528K, used 150526K [0x00000000e0000000, 0x00000000ea400000, 0x0000000100000000)
  eden space 138240K, 100% used [0x00000000e0000000,0x00000000e8700000,0x00000000e8700000)
  from space 12288K, 99% used [0x00000000e9580000,0x00000000ea17faa0,0x00000000ea180000)
  to   space 14848K, 0% used [0x00000000e8700000,0x00000000e8700000,0x00000000e9580000)
 ParOldGen       total 88064K, used 19273K [0x00000000a0000000, 0x00000000a5600000, 0x00000000e0000000)
  object space 88064K, 21% used [0x00000000a0000000,0x00000000a12d27b8,0x00000000a5600000)
 Metaspace       used 56176K, capacity 57966K, committed 58112K, reserved 1099776K
  class space    used 7738K, capacity 8152K, committed 8192K, reserved 1048576K
Event: 14.959 GC heap after
Heap after GC invocations=13 (full 2):
 PSYoungGen      total 153088K, used 14822K [0x00000000e0000000, 0x00000000ed100000, 0x0000000100000000)
  eden space 138240K, 0% used [0x00000000e0000000,0x00000000e0000000,0x00000000e8700000)
  from space 14848K, 99% used [0x00000000e8700000,0x00000000e9579820,0x00000000e9580000)
  to   space 18944K, 0% used [0x00000000ebe80000,0x00000000ebe80000,0x00000000ed100000)
 ParOldGen       total 88064K, used 26285K [0x00000000a0000000, 0x00000000a5600000, 0x00000000e0000000)
  object space 88064K, 29% used [0x00000000a0000000,0x00000000a19ab618,0x00000000a5600000)
 Metaspace       used 56176K, capacity 57966K, committed 58112K, reserved 1099776K
  class space    used 7738K, capacity 8152K, committed 8192K, reserved 1048576K
}
Event: 15.285 GC heap before
{Heap before GC invocations=14 (full 2):
 PSYoungGen      total 153088K, used 34773K [0x00000000e0000000, 0x00000000ed100000, 0x0000000100000000)
  eden space 138240K, 14% used [0x00000000e0000000,0x00000000e137bd08,0x00000000e8700000)
  from space 14848K, 99% used [0x00000000e8700000,0x00000000e9579820,0x00000000e9580000)
  to   space 18944K, 0% used [0x00000000ebe80000,0x00000000ebe80000,0x00000000ed100000)
 ParOldGen       total 88064K, used 26285K [0x00000000a0000000, 0x00000000a5600000, 0x00000000e0000000)
  object space 88064K, 29% used [0x00000000a0000000,0x00000000a19ab618,0x00000000a5600000)
 Metaspace       used 57060K, capacity 59030K, committed 59096K, reserved 1099776K
  class space    used 7895K, capacity 8394K, committed 8408K, reserved 1048576K
Event: 15.294 GC heap after
Heap after GC invocations=14 (full 2):
 PSYoungGen      total 194560K, used 3002K [0x00000000e0000000, 0x00000000eda00000, 0x0000000100000000)
  eden space 175616K, 0% used [0x00000000e0000000,0x00000000e0000000,0x00000000eab80000)
  from space 18944K, 15% used [0x00000000ebe80000,0x00000000ec16e9d8,0x00000000ed100000)
  to   space 19456K, 0% used [0x00000000eab80000,0x00000000eab80000,0x00000000ebe80000)
 ParOldGen       total 88064K, used 34538K [0x00000000a0000000, 0x00000000a5600000, 0x00000000e0000000)
  object space 88064K, 39% used [0x00000000a0000000,0x00000000a21ba858,0x00000000a5600000)
 Metaspace       used 57060K, capacity 59030K, committed 59096K, reserved 1099776K
  class space    used 7895K, capacity 8394K, committed 8408K, reserved 1048576K
}
Event: 15.294 GC heap before
{Heap before GC invocations=15 (full 3):
 PSYoungGen      total 194560K, used 3002K [0x00000000e0000000, 0x00000000eda00000, 0x0000000100000000)
  eden space 175616K, 0% used [0x00000000e0000000,0x00000000e0000000,0x00000000eab80000)
  from space 18944K, 15% used [0x00000000ebe80000,0x00000000ec16e9d8,0x00000000ed100000)
  to   space 19456K, 0% used [0x00000000eab80000,0x00000000eab80000,0x00000000ebe80000)
 ParOldGen       total 88064K, used 34538K [0x00000000a0000000, 0x00000000a5600000, 0x00000000e0000000)
  object space 88064K, 39% used [0x00000000a0000000,0x00000000a21ba858,0x00000000a5600000)
 Metaspace       used 57060K, capacity 59030K, committed 59096K, reserved 1099776K
  class space    used 7895K, capacity 8394K, committed 8408K, reserved 1048576K

