# JRE version: OpenJDK Runtime Environment (8.0_212-b04) (build 1.8.0_212-release-1586-b04)
# Java VM: OpenJDK 64-Bit Server VM (25.212-b04 mixed mode windows-amd64 compressed oops)
Heap:
 PSYoungGen      total 189952K, used 78485K [0x00000000e0000000, 0x00000000ef280000, 0x0000000100000000)
  eden space 143360K, 27% used [0x00000000e0000000,0x00000000e261d4b8,0x00000000e8c00000)
  from space 46592K, 84% used [0x00000000ebe80000,0x00000000ee5082b0,0x00000000eec00000)
  to   space 51712K, 0% used [0x00000000e8c00000,0x00000000e8c00000,0x00000000ebe80000)
 ParOldGen       total 145408K, used 80050K [0x00000000a0000000, 0x00000000a8e00000, 0x00000000e0000000)
  object space 145408K, 55% used [0x00000000a0000000,0x00000000a4e2cba8,0x00000000a8e00000)
 Metaspace       used 84126K, capacity 87943K, committed 88192K, reserved 1126400K
  class space    used 11355K, capacity 12091K, committed 12160K, reserved 1048576K
GC Heap History (10 events):
Event: 39.528 GC heap before
{Heap before GC invocations=19 (full 3):
 PSYoungGen      total 121344K, used 109391K [0x00000000e0000000, 0x00000000e9d00000, 0x0000000100000000)
  eden space 101376K, 100% used [0x00000000e0000000,0x00000000e6300000,0x00000000e6300000)
  from space 19968K, 40% used [0x00000000e6300000,0x00000000e6ad3f68,0x00000000e7680000)
  to   space 19456K, 0% used [0x00000000e8a00000,0x00000000e8a00000,0x00000000e9d00000)
 ParOldGen       total 145408K, used 31083K [0x00000000a0000000, 0x00000000a8e00000, 0x00000000e0000000)
  object space 145408K, 21% used [0x00000000a0000000,0x00000000a1e5afd0,0x00000000a8e00000)
 Metaspace       used 62826K, capacity 65449K, committed 65664K, reserved 1105920K
  class space    used 8750K, capacity 9290K, committed 9344K, reserved 1048576K
Event: 39.548 GC heap after
Heap after GC invocations=19 (full 3):
 PSYoungGen      total 139776K, used 14725K [0x00000000e0000000, 0x00000000e9d80000, 0x0000000100000000)
  eden space 120320K, 0% used [0x00000000e0000000,0x00000000e0000000,0x00000000e7580000)
  from space 19456K, 75% used [0x00000000e8a00000,0x00000000e98616d0,0x00000000e9d00000)
  to   space 20480K, 0% used [0x00000000e7580000,0x00000000e7580000,0x00000000e8980000)
 ParOldGen       total 145408K, used 31091K [0x00000000a0000000, 0x00000000a8e00000, 0x00000000e0000000)
  object space 145408K, 21% used [0x00000000a0000000,0x00000000a1e5cfd0,0x00000000a8e00000)
 Metaspace       used 62826K, capacity 65449K, committed 65664K, reserved 1105920K
  class space    used 8750K, capacity 9290K, committed 9344K, reserved 1048576K
}
Event: 124.632 GC heap before
{Heap before GC invocations=20 (full 3):
 PSYoungGen      total 139776K, used 135045K [0x00000000e0000000, 0x00000000e9d80000, 0x0000000100000000)
  eden space 120320K, 100% used [0x00000000e0000000,0x00000000e7580000,0x00000000e7580000)
  from space 19456K, 75% used [0x00000000e8a00000,0x00000000e98616d0,0x00000000e9d00000)
  to   space 20480K, 0% used [0x00000000e7580000,0x00000000e7580000,0x00000000e8980000)
 ParOldGen       total 145408K, used 31091K [0x00000000a0000000, 0x00000000a8e00000, 0x00000000e0000000)
  object space 145408K, 21% used [0x00000000a0000000,0x00000000a1e5cfd0,0x00000000a8e00000)
 Metaspace       used 67770K, capacity 70517K, committed 70784K, reserved 1110016K
  class space    used 9145K, capacity 9746K, committed 9856K, reserved 1048576K
Event: 124.672 GC heap after
Heap after GC invocations=20 (full 3):
 PSYoungGen      total 140800K, used 20464K [0x00000000e0000000, 0x00000000eb000000, 0x0000000100000000)
  eden space 120320K, 0% used [0x00000000e0000000,0x00000000e0000000,0x00000000e7580000)
  from space 20480K, 99% used [0x00000000e7580000,0x00000000e897c3f8,0x00000000e8980000)
  to   space 23552K, 0% used [0x00000000e9900000,0x00000000e9900000,0x00000000eb000000)
 ParOldGen       total 145408K, used 32565K [0x00000000a0000000, 0x00000000a8e00000, 0x00000000e0000000)
  object space 145408K, 22% used [0x00000000a0000000,0x00000000a1fcd760,0x00000000a8e00000)
 Metaspace       used 67770K, capacity 70517K, committed 70784K, reserved 1110016K
  class space    used 9145K, capacity 9746K, committed 9856K, reserved 1048576K
}
Event: 130.217 GC heap before
{Heap before GC invocations=21 (full 3):
 PSYoungGen      total 140800K, used 140784K [0x00000000e0000000, 0x00000000eb000000, 0x0000000100000000)
  eden space 120320K, 100% used [0x00000000e0000000,0x00000000e7580000,0x00000000e7580000)
  from space 20480K, 99% used [0x00000000e7580000,0x00000000e897c3f8,0x00000000e8980000)
  to   space 23552K, 0% used [0x00000000e9900000,0x00000000e9900000,0x00000000eb000000)
 ParOldGen       total 145408K, used 32565K [0x00000000a0000000, 0x00000000a8e00000, 0x00000000e0000000)
  object space 145408K, 22% used [0x00000000a0000000,0x00000000a1fcd760,0x00000000a8e00000)
 Metaspace       used 79920K, capacity 83333K, committed 83584K, reserved 1122304K
  class space    used 10865K, capacity 11540K, committed 11648K, reserved 1048576K
Event: 130.250 GC heap after
Heap after GC invocations=21 (full 3):
 PSYoungGen      total 147456K, used 23547K [0x00000000e0000000, 0x00000000ec180000, 0x0000000100000000)
  eden space 123904K, 0% used [0x00000000e0000000,0x00000000e0000000,0x00000000e7900000)
  from space 23552K, 99% used [0x00000000e9900000,0x00000000eaffeda8,0x00000000eb000000)
  to   space 32768K, 0% used [0x00000000e7900000,0x00000000e7900000,0x00000000e9900000)
 ParOldGen       total 145408K, used 48126K [0x00000000a0000000, 0x00000000a8e00000, 0x00000000e0000000)
  object space 145408K, 33% used [0x00000000a0000000,0x00000000a2effa70,0x00000000a8e00000)
 Metaspace       used 79920K, capacity 83333K, committed 83584K, reserved 1122304K
  class space    used 10865K, capacity 11540K, committed 11648K, reserved 1048576K
}
Event: 131.521 GC heap before
{Heap before GC invocations=22 (full 3):
 PSYoungGen      total 147456K, used 147451K [0x00000000e0000000, 0x00000000ec180000, 0x0000000100000000)
  eden space 123904K, 100% used [0x00000000e0000000,0x00000000e7900000,0x00000000e7900000)
  from space 23552K, 99% used [0x00000000e9900000,0x00000000eaffeda8,0x00000000eb000000)
  to   space 32768K, 0% used [0x00000000e7900000,0x00000000e7900000,0x00000000e9900000)
 ParOldGen       total 145408K, used 48126K [0x00000000a0000000, 0x00000000a8e00000, 0x00000000e0000000)
  object space 145408K, 33% used [0x00000000a0000000,0x00000000a2effa70,0x00000000a8e00000)
 Metaspace       used 81165K, capacity 84813K, committed 84992K, reserved 1122304K
  class space    used 11029K, capacity 11730K, committed 11776K, reserved 1048576K
Event: 131.587 GC heap after
Heap after GC invocations=22 (full 3):
 PSYoungGen      total 156672K, used 32765K [0x00000000e0000000, 0x00000000eec00000, 0x0000000100000000)
  eden space 123904K, 0% used [0x00000000e0000000,0x00000000e0000000,0x00000000e7900000)
  from space 32768K, 99% used [0x00000000e7900000,0x00000000e98ff4e8,0x00000000e9900000)
  to   space 46592K, 0% used [0x00000000ebe80000,0x00000000ebe80000,0x00000000eec00000)
 ParOldGen       total 145408K, used 71910K [0x00000000a0000000, 0x00000000a8e00000, 0x00000000e0000000)
  object space 145408K, 49% used [0x00000000a0000000,0x00000000a4639a08,0x00000000a8e00000)
 Metaspace       used 81165K, capacity 84813K, committed 84992K, reserved 1122304K
  class space    used 11029K, capacity 11730K, committed 11776K, reserved 1048576K
}
Event: 404.898 GC heap before
{Heap before GC invocations=23 (full 3):
 PSYoungGen      total 156672K, used 156669K [0x00000000e0000000, 0x00000000eec00000, 0x0000000100000000)
  eden space 123904K, 100% used [0x00000000e0000000,0x00000000e7900000,0x00000000e7900000)
  from space 32768K, 99% used [0x00000000e7900000,0x00000000e98ff4e8,0x00000000e9900000)
  to   space 46592K, 0% used [0x00000000ebe80000,0x00000000ebe80000,0x00000000eec00000)
 ParOldGen       total 145408K, used 71910K [0x00000000a0000000, 0x00000000a8e00000, 0x00000000e0000000)
  object space 145408K, 49% used [0x00000000a0000000,0x00000000a4639a08,0x00000000a8e00000)
 Metaspace       used 83720K, capacity 87519K, committed 87680K, reserved 1124352K
  class space    used 11313K, capacity 12047K, committed 12160K, reserved 1048576K
Event: 404.953 GC heap after
Heap after GC invocations=23 (full 3):
 PSYoungGen      total 189952K, used 39456K [0x00000000e0000000, 0x00000000ef280000, 0x0000000100000000)
  eden space 143360K, 0% used [0x00000000e0000000,0x00000000e0000000,0x00000000e8c00000)
  from space 46592K, 84% used [0x00000000ebe80000,0x00000000ee5082b0,0x00000000eec00000)
  to   space 51712K, 0% used [0x00000000e8c00000,0x00000000e8c00000,0x00000000ebe80000)
 ParOldGen       total 145408K, used 80050K [0x00000000a0000000, 0x00000000a8e00000, 0x00000000e0000000)
  object space 145408K, 55% used [0x00000000a0000000,0x00000000a4e2cba8,0x00000000a8e00000)
 Metaspace       used 83720K, capacity 87519K, committed 87680K, reserved 1124352K
  class space    used 11313K, capacity 12047K, committed 12160K, reserved 1048576K
}

