# JRE version: OpenJDK Runtime Environment (8.0_212-b04) (build 1.8.0_212-release-1586-b04)
# Java VM: OpenJDK 64-Bit Server VM (25.212-b04 mixed mode windows-amd64 compressed oops)
Heap:
 PSYoungGen      total 99328K, used 55902K [0x00000000e0000000, 0x00000000e9700000, 0x0000000100000000)
  eden space 90624K, 52% used [0x00000000e0000000,0x00000000e2e8cfa0,0x00000000e5880000)
  from space 8704K, 94% used [0x00000000e8e80000,0x00000000e968ab18,0x00000000e9700000)
  to   space 12800K, 0% used [0x00000000e7e00000,0x00000000e7e00000,0x00000000e8a80000)
 ParOldGen       total 72192K, used 11957K [0x00000000a0000000, 0x00000000a4680000, 0x00000000e0000000)
  object space 72192K, 16% used [0x00000000a0000000,0x00000000a0bad780,0x00000000a4680000)
 Metaspace       used 31329K, capacity 31928K, committed 32256K, reserved 1077248K
  class space    used 4278K, capacity 4495K, committed 4608K, reserved 1048576K
GC Heap History (10 events):
Event: 1.583 GC heap before
{Heap before GC invocations=3 (full 0):
 PSYoungGen      total 38400K, used 36829K [0x00000000e0000000, 0x00000000e4b00000, 0x0000000100000000)
  eden space 33280K, 100% used [0x00000000e0000000,0x00000000e2080000,0x00000000e2080000)
  from space 5120K, 69% used [0x00000000e2580000,0x00000000e28f76e0,0x00000000e2a80000)
  to   space 5120K, 0% used [0x00000000e2080000,0x00000000e2080000,0x00000000e2580000)
 ParOldGen       total 87552K, used 16K [0x00000000a0000000, 0x00000000a5580000, 0x00000000e0000000)
  object space 87552K, 0% used [0x00000000a0000000,0x00000000a0004000,0x00000000a5580000)
 Metaspace       used 12450K, capacity 12862K, committed 13184K, reserved 1060864K
  class space    used 1685K, capacity 1839K, committed 1920K, reserved 1048576K
Event: 1.588 GC heap after
Heap after GC invocations=3 (full 0):
 PSYoungGen      total 38400K, used 5120K [0x00000000e0000000, 0x00000000e4b00000, 0x0000000100000000)
  eden space 33280K, 0% used [0x00000000e0000000,0x00000000e0000000,0x00000000e2080000)
  from space 5120K, 100% used [0x00000000e2080000,0x00000000e2580000,0x00000000e2580000)
  to   space 5120K, 0% used [0x00000000e4600000,0x00000000e4600000,0x00000000e4b00000)
 ParOldGen       total 87552K, used 1584K [0x00000000a0000000, 0x00000000a5580000, 0x00000000e0000000)
  object space 87552K, 1% used [0x00000000a0000000,0x00000000a018c3f0,0x00000000a5580000)
 Metaspace       used 12450K, capacity 12862K, committed 13184K, reserved 1060864K
  class space    used 1685K, capacity 1839K, committed 1920K, reserved 1048576K
}
Event: 1.778 GC heap before
{Heap before GC invocations=4 (full 0):
 PSYoungGen      total 38400K, used 38400K [0x00000000e0000000, 0x00000000e4b00000, 0x0000000100000000)
  eden space 33280K, 100% used [0x00000000e0000000,0x00000000e2080000,0x00000000e2080000)
  from space 5120K, 100% used [0x00000000e2080000,0x00000000e2580000,0x00000000e2580000)
  to   space 5120K, 0% used [0x00000000e4600000,0x00000000e4600000,0x00000000e4b00000)
 ParOldGen       total 87552K, used 1584K [0x00000000a0000000, 0x00000000a5580000, 0x00000000e0000000)
  object space 87552K, 1% used [0x00000000a0000000,0x00000000a018c3f0,0x00000000a5580000)
 Metaspace       used 14761K, capacity 15210K, committed 15616K, reserved 1062912K
  class space    used 2073K, capacity 2197K, committed 2304K, reserved 1048576K
Event: 1.784 GC heap after
Heap after GC invocations=4 (full 0):
 PSYoungGen      total 71680K, used 5120K [0x00000000e0000000, 0x00000000e4b00000, 0x0000000100000000)
  eden space 66560K, 0% used [0x00000000e0000000,0x00000000e0000000,0x00000000e4100000)
  from space 5120K, 100% used [0x00000000e4600000,0x00000000e4b00000,0x00000000e4b00000)
  to   space 5120K, 0% used [0x00000000e4100000,0x00000000e4100000,0x00000000e4600000)
 ParOldGen       total 87552K, used 4078K [0x00000000a0000000, 0x00000000a5580000, 0x00000000e0000000)
  object space 87552K, 4% used [0x00000000a0000000,0x00000000a03fb9d8,0x00000000a5580000)
 Metaspace       used 14761K, capacity 15210K, committed 15616K, reserved 1062912K
  class space    used 2073K, capacity 2197K, committed 2304K, reserved 1048576K
}
Event: 3.003 GC heap before
{Heap before GC invocations=5 (full 0):
 PSYoungGen      total 71680K, used 63939K [0x00000000e0000000, 0x00000000e4b00000, 0x0000000100000000)
  eden space 66560K, 88% used [0x00000000e0000000,0x00000000e3970e48,0x00000000e4100000)
  from space 5120K, 100% used [0x00000000e4600000,0x00000000e4b00000,0x00000000e4b00000)
  to   space 5120K, 0% used [0x00000000e4100000,0x00000000e4100000,0x00000000e4600000)
 ParOldGen       total 87552K, used 4078K [0x00000000a0000000, 0x00000000a5580000, 0x00000000e0000000)
  object space 87552K, 4% used [0x00000000a0000000,0x00000000a03fb9d8,0x00000000a5580000)
 Metaspace       used 20680K, capacity 21206K, committed 21296K, reserved 1067008K
  class space    used 2986K, capacity 3165K, committed 3200K, reserved 1048576K
Event: 3.011 GC heap after
Heap after GC invocations=5 (full 0):
 PSYoungGen      total 71680K, used 5108K [0x00000000e0000000, 0x00000000e9b00000, 0x0000000100000000)
  eden space 66560K, 0% used [0x00000000e0000000,0x00000000e0000000,0x00000000e4100000)
  from space 5120K, 99% used [0x00000000e4100000,0x00000000e45fd060,0x00000000e4600000)
  to   space 12800K, 0% used [0x00000000e8e80000,0x00000000e8e80000,0x00000000e9b00000)
 ParOldGen       total 87552K, used 11304K [0x00000000a0000000, 0x00000000a5580000, 0x00000000e0000000)
  object space 87552K, 12% used [0x00000000a0000000,0x00000000a0b0a120,0x00000000a5580000)
 Metaspace       used 20680K, capacity 21206K, committed 21296K, reserved 1067008K
  class space    used 2986K, capacity 3165K, committed 3200K, reserved 1048576K
}
Event: 3.011 GC heap before
{Heap before GC invocations=6 (full 1):
 PSYoungGen      total 71680K, used 5108K [0x00000000e0000000, 0x00000000e9b00000, 0x0000000100000000)
  eden space 66560K, 0% used [0x00000000e0000000,0x00000000e0000000,0x00000000e4100000)
  from space 5120K, 99% used [0x00000000e4100000,0x00000000e45fd060,0x00000000e4600000)
  to   space 12800K, 0% used [0x00000000e8e80000,0x00000000e8e80000,0x00000000e9b00000)
 ParOldGen       total 87552K, used 11304K [0x00000000a0000000, 0x00000000a5580000, 0x00000000e0000000)
  object space 87552K, 12% used [0x00000000a0000000,0x00000000a0b0a120,0x00000000a5580000)
 Metaspace       used 20680K, capacity 21206K, committed 21296K, reserved 1067008K
  class space    used 2986K, capacity 3165K, committed 3200K, reserved 1048576K
Event: 3.070 GC heap after
Heap after GC invocations=6 (full 1):
 PSYoungGen      total 71680K, used 0K [0x00000000e0000000, 0x00000000e9b00000, 0x0000000100000000)
  eden space 66560K, 0% used [0x00000000e0000000,0x00000000e0000000,0x00000000e4100000)
  from space 5120K, 0% used [0x00000000e4100000,0x00000000e4100000,0x00000000e4600000)
  to   space 12800K, 0% used [0x00000000e8e80000,0x00000000e8e80000,0x00000000e9b00000)
 ParOldGen       total 72192K, used 11949K [0x00000000a0000000, 0x00000000a4680000, 0x00000000e0000000)
  object space 72192K, 16% used [0x00000000a0000000,0x00000000a0bab780,0x00000000a4680000)
 Metaspace       used 20680K, capacity 21206K, committed 21296K, reserved 1067008K
  class space    used 2986K, capacity 3165K, committed 3200K, reserved 1048576K
}
Event: 5.036 GC heap before
{Heap before GC invocations=7 (full 1):
 PSYoungGen      total 71680K, used 66560K [0x00000000e0000000, 0x00000000e9b00000, 0x0000000100000000)
  eden space 66560K, 100% used [0x00000000e0000000,0x00000000e4100000,0x00000000e4100000)
  from space 5120K, 0% used [0x00000000e4100000,0x00000000e4100000,0x00000000e4600000)
  to   space 12800K, 0% used [0x00000000e8e80000,0x00000000e8e80000,0x00000000e9b00000)
 ParOldGen       total 72192K, used 11949K [0x00000000a0000000, 0x00000000a4680000, 0x00000000e0000000)
  object space 72192K, 16% used [0x00000000a0000000,0x00000000a0bab780,0x00000000a4680000)
 Metaspace       used 29057K, capacity 29632K, committed 29952K, reserved 1075200K
  class space    used 3910K, capacity 4071K, committed 4096K, reserved 1048576K
Event: 5.043 GC heap after
Heap after GC invocations=7 (full 1):
 PSYoungGen      total 99328K, used 8234K [0x00000000e0000000, 0x00000000e9700000, 0x0000000100000000)
  eden space 90624K, 0% used [0x00000000e0000000,0x00000000e0000000,0x00000000e5880000)
  from space 8704K, 94% used [0x00000000e8e80000,0x00000000e968ab18,0x00000000e9700000)
  to   space 12800K, 0% used [0x00000000e7e00000,0x00000000e7e00000,0x00000000e8a80000)
 ParOldGen       total 72192K, used 11957K [0x00000000a0000000, 0x00000000a4680000, 0x00000000e0000000)
  object space 72192K, 16% used [0x00000000a0000000,0x00000000a0bad780,0x00000000a4680000)
 Metaspace       used 29057K, capacity 29632K, committed 29952K, reserved 1075200K
  class space    used 3910K, capacity 4071K, committed 4096K, reserved 1048576K
}

