# JRE version: OpenJDK Runtime Environment (8.0_212-b04) (build 1.8.0_212-release-1586-b04)
# Java VM: OpenJDK 64-Bit Server VM (25.212-b04 mixed mode windows-amd64 compressed oops)
Heap:
 PSYoungGen      total 285696K, used 75471K [0x00000000e0000000, 0x00000000f4900000, 0x0000000100000000)
  eden space 249856K, 24% used [0x00000000e0000000,0x00000000e3b437e0,0x00000000ef400000)
  from space 35840K, 41% used [0x00000000f2600000,0x00000000f3470490,0x00000000f4900000)
  to   space 43520K, 0% used [0x00000000ef400000,0x00000000ef400000,0x00000000f1e80000)
 ParOldGen       total 134144K, used 109872K [0x00000000a0000000, 0x00000000a8300000, 0x00000000e0000000)
  object space 134144K, 81% used [0x00000000a0000000,0x00000000a6b4c2c0,0x00000000a8300000)
 Metaspace       used 85209K, capacity 89532K, committed 89688K, reserved 1126400K
  class space    used 11429K, capacity 12287K, committed 12376K, reserved 1048576K
GC Heap History (10 events):
Event: 9.597 GC heap before
{Heap before GC invocations=17 (full 3):
 PSYoungGen      total 187904K, used 183339K [0x00000000e0000000, 0x00000000eeb80000, 0x0000000100000000)
  eden space 171008K, 100% used [0x00000000e0000000,0x00000000ea700000,0x00000000ea700000)
  from space 16896K, 72% used [0x00000000ea700000,0x00000000eb30ae38,0x00000000eb780000)
  to   space 17408K, 0% used [0x00000000eda80000,0x00000000eda80000,0x00000000eeb80000)
 ParOldGen       total 134144K, used 31433K [0x00000000a0000000, 0x00000000a8300000, 0x00000000e0000000)
  object space 134144K, 23% used [0x00000000a0000000,0x00000000a1eb2448,0x00000000a8300000)
 Metaspace       used 65380K, capacity 68496K, committed 68696K, reserved 1107968K
  class space    used 9110K, capacity 9735K, committed 9816K, reserved 1048576K
Event: 9.646 GC heap after
Heap after GC invocations=17 (full 3):
 PSYoungGen      total 206336K, used 17384K [0x00000000e0000000, 0x00000000f1200000, 0x0000000100000000)
  eden space 188928K, 0% used [0x00000000e0000000,0x00000000e0000000,0x00000000eb880000)
  from space 17408K, 99% used [0x00000000eda80000,0x00000000eeb7a0e0,0x00000000eeb80000)
  to   space 34816K, 0% used [0x00000000eb880000,0x00000000eb880000,0x00000000eda80000)
 ParOldGen       total 134144K, used 72568K [0x00000000a0000000, 0x00000000a8300000, 0x00000000e0000000)
  object space 134144K, 54% used [0x00000000a0000000,0x00000000a46de028,0x00000000a8300000)
 Metaspace       used 65380K, capacity 68496K, committed 68696K, reserved 1107968K
  class space    used 9110K, capacity 9735K, committed 9816K, reserved 1048576K
}
Event: 13.689 GC heap before
{Heap before GC invocations=18 (full 3):
 PSYoungGen      total 206336K, used 206312K [0x00000000e0000000, 0x00000000f1200000, 0x0000000100000000)
  eden space 188928K, 100% used [0x00000000e0000000,0x00000000eb880000,0x00000000eb880000)
  from space 17408K, 99% used [0x00000000eda80000,0x00000000eeb7a0e0,0x00000000eeb80000)
  to   space 34816K, 0% used [0x00000000eb880000,0x00000000eb880000,0x00000000eda80000)
 ParOldGen       total 134144K, used 72568K [0x00000000a0000000, 0x00000000a8300000, 0x00000000e0000000)
  object space 134144K, 54% used [0x00000000a0000000,0x00000000a46de028,0x00000000a8300000)
 Metaspace       used 74665K, capacity 78328K, committed 78552K, reserved 1116160K
  class space    used 10209K, capacity 10929K, committed 10968K, reserved 1048576K
Event: 13.732 GC heap after
Heap after GC invocations=18 (full 3):
 PSYoungGen      total 223744K, used 20820K [0x00000000e0000000, 0x00000000f2500000, 0x0000000100000000)
  eden space 188928K, 0% used [0x00000000e0000000,0x00000000e0000000,0x00000000eb880000)
  from space 34816K, 59% used [0x00000000eb880000,0x00000000eccd5028,0x00000000eda80000)
  to   space 35328K, 0% used [0x00000000f0280000,0x00000000f0280000,0x00000000f2500000)
 ParOldGen       total 134144K, used 84973K [0x00000000a0000000, 0x00000000a8300000, 0x00000000e0000000)
  object space 134144K, 63% used [0x00000000a0000000,0x00000000a52fb5b8,0x00000000a8300000)
 Metaspace       used 74665K, capacity 78328K, committed 78552K, reserved 1116160K
  class space    used 10209K, capacity 10929K, committed 10968K, reserved 1048576K
}
Event: 41.728 GC heap before
{Heap before GC invocations=19 (full 3):
 PSYoungGen      total 223744K, used 209696K [0x00000000e0000000, 0x00000000f2500000, 0x0000000100000000)
  eden space 188928K, 99% used [0x00000000e0000000,0x00000000eb873148,0x00000000eb880000)
  from space 34816K, 59% used [0x00000000eb880000,0x00000000eccd5028,0x00000000eda80000)
  to   space 35328K, 0% used [0x00000000f0280000,0x00000000f0280000,0x00000000f2500000)
 ParOldGen       total 134144K, used 84973K [0x00000000a0000000, 0x00000000a8300000, 0x00000000e0000000)
  object space 134144K, 63% used [0x00000000a0000000,0x00000000a52fb5b8,0x00000000a8300000)
 Metaspace       used 79583K, capacity 83304K, committed 83544K, reserved 1122304K
  class space    used 10790K, capacity 11535K, committed 11608K, reserved 1048576K
Event: 41.752 GC heap after
Heap after GC invocations=19 (full 3):
 PSYoungGen      total 248320K, used 17456K [0x00000000e0000000, 0x00000000f1b80000, 0x0000000100000000)
  eden space 222720K, 0% used [0x00000000e0000000,0x00000000e0000000,0x00000000ed980000)
  from space 25600K, 68% used [0x00000000f0280000,0x00000000f138c238,0x00000000f1b80000)
  to   space 33792K, 0% used [0x00000000ed980000,0x00000000ed980000,0x00000000efa80000)
 ParOldGen       total 134144K, used 84981K [0x00000000a0000000, 0x00000000a8300000, 0x00000000e0000000)
  object space 134144K, 63% used [0x00000000a0000000,0x00000000a52fd5b8,0x00000000a8300000)
 Metaspace       used 79583K, capacity 83304K, committed 83544K, reserved 1122304K
  class space    used 10790K, capacity 11535K, committed 11608K, reserved 1048576K
}
Event: 43.083 GC heap before
{Heap before GC invocations=20 (full 3):
 PSYoungGen      total 248320K, used 240176K [0x00000000e0000000, 0x00000000f1b80000, 0x0000000100000000)
  eden space 222720K, 100% used [0x00000000e0000000,0x00000000ed980000,0x00000000ed980000)
  from space 25600K, 68% used [0x00000000f0280000,0x00000000f138c238,0x00000000f1b80000)
  to   space 33792K, 0% used [0x00000000ed980000,0x00000000ed980000,0x00000000efa80000)
 ParOldGen       total 134144K, used 84981K [0x00000000a0000000, 0x00000000a8300000, 0x00000000e0000000)
  object space 134144K, 63% used [0x00000000a0000000,0x00000000a52fd5b8,0x00000000a8300000)
 Metaspace       used 84593K, capacity 88692K, committed 88792K, reserved 1126400K
  class space    used 11388K, capacity 12213K, committed 12248K, reserved 1048576K
Event: 43.135 GC heap after
Heap after GC invocations=20 (full 3):
 PSYoungGen      total 256512K, used 33760K [0x00000000e0000000, 0x00000000f5280000, 0x0000000100000000)
  eden space 222720K, 0% used [0x00000000e0000000,0x00000000e0000000,0x00000000ed980000)
  from space 33792K, 99% used [0x00000000ed980000,0x00000000efa78280,0x00000000efa80000)
  to   space 45568K, 0% used [0x00000000f2600000,0x00000000f2600000,0x00000000f5280000)
 ParOldGen       total 134144K, used 102310K [0x00000000a0000000, 0x00000000a8300000, 0x00000000e0000000)
  object space 134144K, 76% used [0x00000000a0000000,0x00000000a63e9b28,0x00000000a8300000)
 Metaspace       used 84593K, capacity 88692K, committed 88792K, reserved 1126400K
  class space    used 11388K, capacity 12213K, committed 12248K, reserved 1048576K
}
Event: 62.537 GC heap before
{Heap before GC invocations=21 (full 3):
 PSYoungGen      total 256512K, used 256480K [0x00000000e0000000, 0x00000000f5280000, 0x0000000100000000)
  eden space 222720K, 100% used [0x00000000e0000000,0x00000000ed980000,0x00000000ed980000)
  from space 33792K, 99% used [0x00000000ed980000,0x00000000efa78280,0x00000000efa80000)
  to   space 45568K, 0% used [0x00000000f2600000,0x00000000f2600000,0x00000000f5280000)
 ParOldGen       total 134144K, used 102310K [0x00000000a0000000, 0x00000000a8300000, 0x00000000e0000000)
  object space 134144K, 76% used [0x00000000a0000000,0x00000000a63e9b28,0x00000000a8300000)
 Metaspace       used 85015K, capacity 89358K, committed 89688K, reserved 1126400K
  class space    used 11419K, capacity 12270K, committed 12376K, reserved 1048576K
Event: 62.555 GC heap after
Heap after GC invocations=21 (full 3):
 PSYoungGen      total 285696K, used 14785K [0x00000000e0000000, 0x00000000f4900000, 0x0000000100000000)
  eden space 249856K, 0% used [0x00000000e0000000,0x00000000e0000000,0x00000000ef400000)
  from space 35840K, 41% used [0x00000000f2600000,0x00000000f3470490,0x00000000f4900000)
  to   space 43520K, 0% used [0x00000000ef400000,0x00000000ef400000,0x00000000f1e80000)
 ParOldGen       total 134144K, used 109872K [0x00000000a0000000, 0x00000000a8300000, 0x00000000e0000000)
  object space 134144K, 81% used [0x00000000a0000000,0x00000000a6b4c2c0,0x00000000a8300000)
 Metaspace       used 85015K, capacity 89358K, committed 89688K, reserved 1126400K
  class space    used 11419K, capacity 12270K, committed 12376K, reserved 1048576K
}

