# JRE version: OpenJDK Runtime Environment (8.0_212-b04) (build 1.8.0_212-release-1586-b04)
# Java VM: OpenJDK 64-Bit Server VM (25.212-b04 mixed mode windows-amd64 compressed oops)
Heap:
 PSYoungGen      total 358912K, used 261031K [0x00000000e0000000, 0x00000000f9d00000, 0x0000000100000000)
  eden space 302080K, 80% used [0x00000000e0000000,0x00000000eecd5ff8,0x00000000f2700000)
  from space 56832K, 32% used [0x00000000f2700000,0x00000000f3913d68,0x00000000f5e80000)
  to   space 55296K, 0% used [0x00000000f6700000,0x00000000f6700000,0x00000000f9d00000)
 ParOldGen       total 211968K, used 60768K [0x00000000a0000000, 0x00000000acf00000, 0x00000000e0000000)
  object space 211968K, 28% used [0x00000000a0000000,0x00000000a3b58220,0x00000000acf00000)
 Metaspace       used 93384K, capacity 99554K, committed 99584K, reserved 1136640K
  class space    used 11967K, capacity 13056K, committed 13056K, reserved 1048576K
GC Heap History (10 events):
Event: 2028.756 GC heap before
{Heap before GC invocations=31 (full 4):
 PSYoungGen      total 325632K, used 301627K [0x00000000e0000000, 0x00000000f7c80000, 0x0000000100000000)
  eden space 275968K, 100% used [0x00000000e0000000,0x00000000f0d80000,0x00000000f0d80000)
  from space 49664K, 51% used [0x00000000f4c00000,0x00000000f650eea8,0x00000000f7c80000)
  to   space 56832K, 0% used [0x00000000f0d80000,0x00000000f0d80000,0x00000000f4500000)
 ParOldGen       total 211968K, used 60736K [0x00000000a0000000, 0x00000000acf00000, 0x00000000e0000000)
  object space 211968K, 28% used [0x00000000a0000000,0x00000000a3b50220,0x00000000acf00000)
 Metaspace       used 91677K, capacity 96224K, committed 97536K, reserved 1134592K
  class space    used 11729K, capacity 12621K, committed 13056K, reserved 1048576K
Event: 2028.773 GC heap after
Heap after GC invocations=31 (full 4):
 PSYoungGen      total 332800K, used 14777K [0x00000000e0000000, 0x00000000f8d00000, 0x0000000100000000)
  eden space 275968K, 0% used [0x00000000e0000000,0x00000000e0000000,0x00000000f0d80000)
  from space 56832K, 26% used [0x00000000f0d80000,0x00000000f1bee5d0,0x00000000f4500000)
  to   space 54784K, 0% used [0x00000000f5780000,0x00000000f5780000,0x00000000f8d00000)
 ParOldGen       total 211968K, used 60744K [0x00000000a0000000, 0x00000000acf00000, 0x00000000e0000000)
  object space 211968K, 28% used [0x00000000a0000000,0x00000000a3b52220,0x00000000acf00000)
 Metaspace       used 91677K, capacity 96224K, committed 97536K, reserved 1134592K
  class space    used 11729K, capacity 12621K, committed 13056K, reserved 1048576K
}
Event: 2288.841 GC heap before
{Heap before GC invocations=32 (full 4):
 PSYoungGen      total 332800K, used 288852K [0x00000000e0000000, 0x00000000f8d00000, 0x0000000100000000)
  eden space 275968K, 99% used [0x00000000e0000000,0x00000000f0ba6c78,0x00000000f0d80000)
  from space 56832K, 26% used [0x00000000f0d80000,0x00000000f1bee5d0,0x00000000f4500000)
  to   space 54784K, 0% used [0x00000000f5780000,0x00000000f5780000,0x00000000f8d00000)
 ParOldGen       total 211968K, used 60744K [0x00000000a0000000, 0x00000000acf00000, 0x00000000e0000000)
  object space 211968K, 28% used [0x00000000a0000000,0x00000000a3b52220,0x00000000acf00000)
 Metaspace       used 91962K, capacity 96798K, committed 97792K, reserved 1134592K
  class space    used 11758K, capacity 12674K, committed 13056K, reserved 1048576K
Event: 2288.882 GC heap after
Heap after GC invocations=32 (full 4):
 PSYoungGen      total 340480K, used 25892K [0x00000000e0000000, 0x00000000f8580000, 0x0000000100000000)
  eden space 293376K, 0% used [0x00000000e0000000,0x00000000e0000000,0x00000000f1e80000)
  from space 47104K, 54% used [0x00000000f5780000,0x00000000f70c92a8,0x00000000f8580000)
  to   space 52736K, 0% used [0x00000000f1e80000,0x00000000f1e80000,0x00000000f5200000)
 ParOldGen       total 211968K, used 60752K [0x00000000a0000000, 0x00000000acf00000, 0x00000000e0000000)
  object space 211968K, 28% used [0x00000000a0000000,0x00000000a3b54220,0x00000000acf00000)
 Metaspace       used 91962K, capacity 96798K, committed 97792K, reserved 1134592K
  class space    used 11758K, capacity 12674K, committed 13056K, reserved 1048576K
}
Event: 2299.523 GC heap before
{Heap before GC invocations=33 (full 4):
 PSYoungGen      total 340480K, used 319268K [0x00000000e0000000, 0x00000000f8580000, 0x0000000100000000)
  eden space 293376K, 100% used [0x00000000e0000000,0x00000000f1e80000,0x00000000f1e80000)
  from space 47104K, 54% used [0x00000000f5780000,0x00000000f70c92a8,0x00000000f8580000)
  to   space 52736K, 0% used [0x00000000f1e80000,0x00000000f1e80000,0x00000000f5200000)
 ParOldGen       total 211968K, used 60752K [0x00000000a0000000, 0x00000000acf00000, 0x00000000e0000000)
  object space 211968K, 28% used [0x00000000a0000000,0x00000000a3b54220,0x00000000acf00000)
 Metaspace       used 92120K, capacity 96994K, committed 98048K, reserved 1134592K
  class space    used 11764K, capacity 12684K, committed 13056K, reserved 1048576K
Event: 2299.537 GC heap after
Heap after GC invocations=33 (full 4):
 PSYoungGen      total 346112K, used 20110K [0x00000000e0000000, 0x00000000f8f80000, 0x0000000100000000)
  eden space 293376K, 0% used [0x00000000e0000000,0x00000000e0000000,0x00000000f1e80000)
  from space 52736K, 38% used [0x00000000f1e80000,0x00000000f3223828,0x00000000f5200000)
  to   space 50176K, 0% used [0x00000000f5e80000,0x00000000f5e80000,0x00000000f8f80000)
 ParOldGen       total 211968K, used 60760K [0x00000000a0000000, 0x00000000acf00000, 0x00000000e0000000)
  object space 211968K, 28% used [0x00000000a0000000,0x00000000a3b56220,0x00000000acf00000)
 Metaspace       used 92120K, capacity 96994K, committed 98048K, reserved 1134592K
  class space    used 11764K, capacity 12684K, committed 13056K, reserved 1048576K
}
Event: 2468.376 GC heap before
{Heap before GC invocations=34 (full 4):
 PSYoungGen      total 346112K, used 313486K [0x00000000e0000000, 0x00000000f8f80000, 0x0000000100000000)
  eden space 293376K, 100% used [0x00000000e0000000,0x00000000f1e80000,0x00000000f1e80000)
  from space 52736K, 38% used [0x00000000f1e80000,0x00000000f3223828,0x00000000f5200000)
  to   space 50176K, 0% used [0x00000000f5e80000,0x00000000f5e80000,0x00000000f8f80000)
 ParOldGen       total 211968K, used 60760K [0x00000000a0000000, 0x00000000acf00000, 0x00000000e0000000)
  object space 211968K, 28% used [0x00000000a0000000,0x00000000a3b56220,0x00000000acf00000)
 Metaspace       used 92312K, capacity 97214K, committed 98048K, reserved 1134592K
  class space    used 11773K, capacity 12698K, committed 13056K, reserved 1048576K
Event: 2468.451 GC heap after
Heap after GC invocations=34 (full 4):
 PSYoungGen      total 352256K, used 48056K [0x00000000e0000000, 0x00000000f9a00000, 0x0000000100000000)
  eden space 302080K, 0% used [0x00000000e0000000,0x00000000e0000000,0x00000000f2700000)
  from space 50176K, 95% used [0x00000000f5e80000,0x00000000f8d6e020,0x00000000f8f80000)
  to   space 56832K, 0% used [0x00000000f2700000,0x00000000f2700000,0x00000000f5e80000)
 ParOldGen       total 211968K, used 60768K [0x00000000a0000000, 0x00000000acf00000, 0x00000000e0000000)
  object space 211968K, 28% used [0x00000000a0000000,0x00000000a3b58220,0x00000000acf00000)
 Metaspace       used 92312K, capacity 97214K, committed 98048K, reserved 1134592K
  class space    used 11773K, capacity 12698K, committed 13056K, reserved 1048576K
}
Event: 2618.556 GC heap before
{Heap before GC invocations=35 (full 4):
 PSYoungGen      total 352256K, used 350136K [0x00000000e0000000, 0x00000000f9a00000, 0x0000000100000000)
  eden space 302080K, 100% used [0x00000000e0000000,0x00000000f2700000,0x00000000f2700000)
  from space 50176K, 95% used [0x00000000f5e80000,0x00000000f8d6e020,0x00000000f8f80000)
  to   space 56832K, 0% used [0x00000000f2700000,0x00000000f2700000,0x00000000f5e80000)
 ParOldGen       total 211968K, used 60768K [0x00000000a0000000, 0x00000000acf00000, 0x00000000e0000000)
  object space 211968K, 28% used [0x00000000a0000000,0x00000000a3b58220,0x00000000acf00000)
 Metaspace       used 92462K, capacity 97388K, committed 98304K, reserved 1134592K
  class space    used 11778K, capacity 12705K, committed 13056K, reserved 1048576K
Event: 2618.596 GC heap after
Heap after GC invocations=35 (full 4):
 PSYoungGen      total 358912K, used 18511K [0x00000000e0000000, 0x00000000f9d00000, 0x0000000100000000)
  eden space 302080K, 0% used [0x00000000e0000000,0x00000000e0000000,0x00000000f2700000)
  from space 56832K, 32% used [0x00000000f2700000,0x00000000f3913d68,0x00000000f5e80000)
  to   space 55296K, 0% used [0x00000000f6700000,0x00000000f6700000,0x00000000f9d00000)
 ParOldGen       total 211968K, used 60768K [0x00000000a0000000, 0x00000000acf00000, 0x00000000e0000000)
  object space 211968K, 28% used [0x00000000a0000000,0x00000000a3b58220,0x00000000acf00000)
 Metaspace       used 92462K, capacity 97388K, committed 98304K, reserved 1134592K
  class space    used 11778K, capacity 12705K, committed 13056K, reserved 1048576K
}

