# JRE version: OpenJDK Runtime Environment (8.0_212-b04) (build 1.8.0_212-release-1586-b04)
# Java VM: OpenJDK 64-Bit Server VM (25.212-b04 mixed mode windows-amd64 compressed oops)
Heap:
 PSYoungGen      total 258560K, used 41753K [0x00000000e0000000, 0x00000000f4280000, 0x0000000100000000)
  eden space 201216K, 20% used [0x00000000e0000000,0x00000000e28c64f8,0x00000000ec480000)
  from space 57344K, 0% used [0x00000000ec480000,0x00000000ec480000,0x00000000efc80000)
  to   space 54784K, 0% used [0x00000000f0d00000,0x00000000f0d00000,0x00000000f4280000)
 ParOldGen       total 237568K, used 63156K [0x00000000a0000000, 0x00000000ae800000, 0x00000000e0000000)
  object space 237568K, 26% used [0x00000000a0000000,0x00000000a3dad010,0x00000000ae800000)
 Metaspace       used 85506K, capacity 89216K, committed 90456K, reserved 1128448K
  class space    used 11314K, capacity 12085K, committed 12376K, reserved 1048576K
GC Heap History (10 events):
Event: 179.241 GC heap before
{Heap before GC invocations=19 (full 3):
 PSYoungGen      total 208896K, used 208869K [0x00000000e0000000, 0x00000000f0d80000, 0x0000000100000000)
  eden space 184832K, 99% used [0x00000000e0000000,0x00000000eb47fa88,0x00000000eb480000)
  from space 24064K, 99% used [0x00000000eb480000,0x00000000ecbf9d68,0x00000000ecc00000)
  to   space 32256K, 0% used [0x00000000eee00000,0x00000000eee00000,0x00000000f0d80000)
 ParOldGen       total 141312K, used 50756K [0x00000000a0000000, 0x00000000a8a00000, 0x00000000e0000000)
  object space 141312K, 35% used [0x00000000a0000000,0x00000000a3191120,0x00000000a8a00000)
 Metaspace       used 82571K, capacity 86254K, committed 86488K, reserved 1124352K
  class space    used 11178K, capacity 11922K, committed 11992K, reserved 1048576K
Event: 179.307 GC heap after
Heap after GC invocations=19 (full 3):
 PSYoungGen      total 227328K, used 32246K [0x00000000e0000000, 0x00000000f3180000, 0x0000000100000000)
  eden space 195072K, 0% used [0x00000000e0000000,0x00000000e0000000,0x00000000ebe80000)
  from space 32256K, 99% used [0x00000000eee00000,0x00000000f0d7d928,0x00000000f0d80000)
  to   space 48640K, 0% used [0x00000000ebe80000,0x00000000ebe80000,0x00000000eee00000)
 ParOldGen       total 141312K, used 81052K [0x00000000a0000000, 0x00000000a8a00000, 0x00000000e0000000)
  object space 141312K, 57% used [0x00000000a0000000,0x00000000a4f272b8,0x00000000a8a00000)
 Metaspace       used 82571K, capacity 86254K, committed 86488K, reserved 1124352K
  class space    used 11178K, capacity 11922K, committed 11992K, reserved 1048576K
}
Event: 325.829 GC heap before
{Heap before GC invocations=20 (full 3):
 PSYoungGen      total 227328K, used 227318K [0x00000000e0000000, 0x00000000f3180000, 0x0000000100000000)
  eden space 195072K, 100% used [0x00000000e0000000,0x00000000ebe80000,0x00000000ebe80000)
  from space 32256K, 99% used [0x00000000eee00000,0x00000000f0d7d928,0x00000000f0d80000)
  to   space 48640K, 0% used [0x00000000ebe80000,0x00000000ebe80000,0x00000000eee00000)
 ParOldGen       total 141312K, used 81052K [0x00000000a0000000, 0x00000000a8a00000, 0x00000000e0000000)
  object space 141312K, 57% used [0x00000000a0000000,0x00000000a4f272b8,0x00000000a8a00000)
 Metaspace       used 84498K, capacity 88378K, committed 88536K, reserved 1126400K
  class space    used 11360K, capacity 12164K, committed 12248K, reserved 1048576K
Event: 325.867 GC heap after
Heap after GC invocations=20 (full 3):
 PSYoungGen      total 243712K, used 17380K [0x00000000e0000000, 0x00000000f2980000, 0x0000000100000000)
  eden space 195072K, 0% used [0x00000000e0000000,0x00000000e0000000,0x00000000ebe80000)
  from space 48640K, 35% used [0x00000000ebe80000,0x00000000ecf790c0,0x00000000eee00000)
  to   space 46080K, 0% used [0x00000000efc80000,0x00000000efc80000,0x00000000f2980000)
 ParOldGen       total 141312K, used 96040K [0x00000000a0000000, 0x00000000a8a00000, 0x00000000e0000000)
  object space 141312K, 67% used [0x00000000a0000000,0x00000000a5dca0f8,0x00000000a8a00000)
 Metaspace       used 84498K, capacity 88378K, committed 88536K, reserved 1126400K
  class space    used 11360K, capacity 12164K, committed 12248K, reserved 1048576K
}
Event: 327.104 GC heap before
{Heap before GC invocations=21 (full 3):
 PSYoungGen      total 243712K, used 212452K [0x00000000e0000000, 0x00000000f2980000, 0x0000000100000000)
  eden space 195072K, 100% used [0x00000000e0000000,0x00000000ebe80000,0x00000000ebe80000)
  from space 48640K, 35% used [0x00000000ebe80000,0x00000000ecf790c0,0x00000000eee00000)
  to   space 46080K, 0% used [0x00000000efc80000,0x00000000efc80000,0x00000000f2980000)
 ParOldGen       total 141312K, used 96040K [0x00000000a0000000, 0x00000000a8a00000, 0x00000000e0000000)
  object space 141312K, 67% used [0x00000000a0000000,0x00000000a5dca0f8,0x00000000a8a00000)
 Metaspace       used 84934K, capacity 88892K, committed 89048K, reserved 1126400K
  class space    used 11368K, capacity 12175K, committed 12248K, reserved 1048576K
Event: 327.148 GC heap after
Heap after GC invocations=21 (full 3):
 PSYoungGen      total 247296K, used 46064K [0x00000000e0000000, 0x00000000f4500000, 0x0000000100000000)
  eden space 201216K, 0% used [0x00000000e0000000,0x00000000e0000000,0x00000000ec480000)
  from space 46080K, 99% used [0x00000000efc80000,0x00000000f297c360,0x00000000f2980000)
  to   space 57344K, 0% used [0x00000000ec480000,0x00000000ec480000,0x00000000efc80000)
 ParOldGen       total 141312K, used 106481K [0x00000000a0000000, 0x00000000a8a00000, 0x00000000e0000000)
  object space 141312K, 75% used [0x00000000a0000000,0x00000000a67fc5f8,0x00000000a8a00000)
 Metaspace       used 84934K, capacity 88892K, committed 89048K, reserved 1126400K
  class space    used 11368K, capacity 12175K, committed 12248K, reserved 1048576K
}
Event: 519.433 GC heap before
{Heap before GC invocations=22 (full 3):
 PSYoungGen      total 247296K, used 247280K [0x00000000e0000000, 0x00000000f4500000, 0x0000000100000000)
  eden space 201216K, 100% used [0x00000000e0000000,0x00000000ec480000,0x00000000ec480000)
  from space 46080K, 99% used [0x00000000efc80000,0x00000000f297c360,0x00000000f2980000)
  to   space 57344K, 0% used [0x00000000ec480000,0x00000000ec480000,0x00000000efc80000)
 ParOldGen       total 141312K, used 106481K [0x00000000a0000000, 0x00000000a8a00000, 0x00000000e0000000)
  object space 141312K, 75% used [0x00000000a0000000,0x00000000a67fc5f8,0x00000000a8a00000)
 Metaspace       used 85823K, capacity 90098K, committed 90456K, reserved 1128448K
  class space    used 11418K, capacity 12270K, committed 12376K, reserved 1048576K
Event: 519.478 GC heap after
Heap after GC invocations=22 (full 3):
 PSYoungGen      total 258560K, used 16482K [0x00000000e0000000, 0x00000000f4280000, 0x0000000100000000)
  eden space 201216K, 0% used [0x00000000e0000000,0x00000000e0000000,0x00000000ec480000)
  from space 57344K, 28% used [0x00000000ec480000,0x00000000ed498908,0x00000000efc80000)
  to   space 54784K, 0% used [0x00000000f0d00000,0x00000000f0d00000,0x00000000f4280000)
 ParOldGen       total 141312K, used 133379K [0x00000000a0000000, 0x00000000a8a00000, 0x00000000e0000000)
  object space 141312K, 94% used [0x00000000a0000000,0x00000000a8240cd8,0x00000000a8a00000)
 Metaspace       used 85823K, capacity 90098K, committed 90456K, reserved 1128448K
  class space    used 11418K, capacity 12270K, committed 12376K, reserved 1048576K
}
Event: 519.478 GC heap before
{Heap before GC invocations=23 (full 4):
 PSYoungGen      total 258560K, used 16482K [0x00000000e0000000, 0x00000000f4280000, 0x0000000100000000)
  eden space 201216K, 0% used [0x00000000e0000000,0x00000000e0000000,0x00000000ec480000)
  from space 57344K, 28% used [0x00000000ec480000,0x00000000ed498908,0x00000000efc80000)
  to   space 54784K, 0% used [0x00000000f0d00000,0x00000000f0d00000,0x00000000f4280000)
 ParOldGen       total 141312K, used 133379K [0x00000000a0000000, 0x00000000a8a00000, 0x00000000e0000000)
  object space 141312K, 94% used [0x00000000a0000000,0x00000000a8240cd8,0x00000000a8a00000)
 Metaspace       used 85823K, capacity 90098K, committed 90456K, reserved 1128448K
  class space    used 11418K, capacity 12270K, committed 12376K, reserved 1048576K
Event: 519.617 GC heap after
Heap after GC invocations=23 (full 4):
 PSYoungGen      total 258560K, used 0K [0x00000000e0000000, 0x00000000f4280000, 0x0000000100000000)
  eden space 201216K, 0% used [0x00000000e0000000,0x00000000e0000000,0x00000000ec480000)
  from space 57344K, 0% used [0x00000000ec480000,0x00000000ec480000,0x00000000efc80000)
  to   space 54784K, 0% used [0x00000000f0d00000,0x00000000f0d00000,0x00000000f4280000)
 ParOldGen       total 237568K, used 63156K [0x00000000a0000000, 0x00000000ae800000, 0x00000000e0000000)
  object space 237568K, 26% used [0x00000000a0000000,0x00000000a3dad010,0x00000000ae800000)
 Metaspace       used 85494K, capacity 89186K, committed 90456K, reserved 1128448K
  class space    used 11312K, capacity 12080K, committed 12376K, reserved 1048576K
}

