# JRE version: OpenJDK Runtime Environment (8.0_212-b04) (build 1.8.0_212-release-1586-b04)
# Java VM: OpenJDK 64-Bit Server VM (25.212-b04 mixed mode windows-amd64 compressed oops)
Heap:
 PSYoungGen      total 177152K, used 177125K [0x00000000e0000000, 0x00000000eda00000, 0x0000000100000000)
  eden space 154624K, 100% used [0x00000000e0000000,0x00000000e9700000,0x00000000e9700000)
  from space 22528K, 99% used [0x00000000e9700000,0x00000000eacf95f8,0x00000000ead00000)
  to   space 29696K, 85% used [0x00000000ebd00000,0x00000000ed5c02e0,0x00000000eda00000)
 ParOldGen       total 145920K, used 55045K [0x00000000a0000000, 0x00000000a8e80000, 0x00000000e0000000)
  object space 145920K, 37% used [0x00000000a0000000,0x00000000a35c1578,0x00000000a8e80000)
 Metaspace       used 85618K, capacity 90482K, committed 90584K, reserved 1128448K
  class space    used 11365K, capacity 12432K, committed 12504K, reserved 1048576K
GC Heap History (10 events):
Event: 153.152 GC heap after
Heap after GC invocations=22 (full 3):
 PSYoungGen      total 156672K, used 12188K [0x00000000e0000000, 0x00000000eb900000, 0x0000000100000000)
  eden space 136704K, 0% used [0x00000000e0000000,0x00000000e0000000,0x00000000e8580000)
  from space 19968K, 61% used [0x00000000e8580000,0x00000000e9167090,0x00000000e9900000)
  to   space 19968K, 0% used [0x00000000ea580000,0x00000000ea580000,0x00000000eb900000)
 ParOldGen       total 145920K, used 43366K [0x00000000a0000000, 0x00000000a8e80000, 0x00000000e0000000)
  object space 145920K, 29% used [0x00000000a0000000,0x00000000a2a59ae0,0x00000000a8e80000)
 Metaspace       used 68555K, capacity 71452K, committed 71640K, reserved 1112064K
  class space    used 9065K, capacity 9621K, committed 9688K, reserved 1048576K
}
Event: 170.314 GC heap before
{Heap before GC invocations=23 (full 3):
 PSYoungGen      total 156672K, used 148892K [0x00000000e0000000, 0x00000000eb900000, 0x0000000100000000)
  eden space 136704K, 100% used [0x00000000e0000000,0x00000000e8580000,0x00000000e8580000)
  from space 19968K, 61% used [0x00000000e8580000,0x00000000e9167090,0x00000000e9900000)
  to   space 19968K, 0% used [0x00000000ea580000,0x00000000ea580000,0x00000000eb900000)
 ParOldGen       total 145920K, used 43366K [0x00000000a0000000, 0x00000000a8e80000, 0x00000000e0000000)
  object space 145920K, 29% used [0x00000000a0000000,0x00000000a2a59ae0,0x00000000a8e80000)
 Metaspace       used 69648K, capacity 72678K, committed 72792K, reserved 1112064K
  class space    used 9169K, capacity 9784K, committed 9816K, reserved 1048576K
Event: 170.334 GC heap after
Heap after GC invocations=23 (full 3):
 PSYoungGen      total 165376K, used 12522K [0x00000000e0000000, 0x00000000eb700000, 0x0000000100000000)
  eden space 147456K, 0% used [0x00000000e0000000,0x00000000e0000000,0x00000000e9000000)
  from space 17920K, 69% used [0x00000000ea580000,0x00000000eb1ba840,0x00000000eb700000)
  to   space 19968K, 0% used [0x00000000e9000000,0x00000000e9000000,0x00000000ea380000)
 ParOldGen       total 145920K, used 43374K [0x00000000a0000000, 0x00000000a8e80000, 0x00000000e0000000)
  object space 145920K, 29% used [0x00000000a0000000,0x00000000a2a5bae0,0x00000000a8e80000)
 Metaspace       used 69648K, capacity 72678K, committed 72792K, reserved 1112064K
  class space    used 9169K, capacity 9784K, committed 9816K, reserved 1048576K
}
Event: 183.477 GC heap before
{Heap before GC invocations=24 (full 3):
 PSYoungGen      total 165376K, used 159978K [0x00000000e0000000, 0x00000000eb700000, 0x0000000100000000)
  eden space 147456K, 100% used [0x00000000e0000000,0x00000000e9000000,0x00000000e9000000)
  from space 17920K, 69% used [0x00000000ea580000,0x00000000eb1ba840,0x00000000eb700000)
  to   space 19968K, 0% used [0x00000000e9000000,0x00000000e9000000,0x00000000ea380000)
 ParOldGen       total 145920K, used 43374K [0x00000000a0000000, 0x00000000a8e80000, 0x00000000e0000000)
  object space 145920K, 29% used [0x00000000a0000000,0x00000000a2a5bae0,0x00000000a8e80000)
 Metaspace       used 69961K, capacity 73106K, committed 73432K, reserved 1112064K
  class space    used 9190K, capacity 9822K, committed 9944K, reserved 1048576K
Event: 183.490 GC heap after
Heap after GC invocations=24 (full 3):
 PSYoungGen      total 167424K, used 12412K [0x00000000e0000000, 0x00000000ec080000, 0x0000000100000000)
  eden space 147456K, 0% used [0x00000000e0000000,0x00000000e0000000,0x00000000e9000000)
  from space 19968K, 62% used [0x00000000e9000000,0x00000000e9c1f0a0,0x00000000ea380000)
  to   space 19968K, 0% used [0x00000000ead00000,0x00000000ead00000,0x00000000ec080000)
 ParOldGen       total 145920K, used 43382K [0x00000000a0000000, 0x00000000a8e80000, 0x00000000e0000000)
  object space 145920K, 29% used [0x00000000a0000000,0x00000000a2a5dae0,0x00000000a8e80000)
 Metaspace       used 69961K, capacity 73106K, committed 73432K, reserved 1112064K
  class space    used 9190K, capacity 9822K, committed 9944K, reserved 1048576K
}
Event: 189.758 GC heap before
{Heap before GC invocations=25 (full 3):
 PSYoungGen      total 167424K, used 159868K [0x00000000e0000000, 0x00000000ec080000, 0x0000000100000000)
  eden space 147456K, 100% used [0x00000000e0000000,0x00000000e9000000,0x00000000e9000000)
  from space 19968K, 62% used [0x00000000e9000000,0x00000000e9c1f0a0,0x00000000ea380000)
  to   space 19968K, 0% used [0x00000000ead00000,0x00000000ead00000,0x00000000ec080000)
 ParOldGen       total 145920K, used 43382K [0x00000000a0000000, 0x00000000a8e80000, 0x00000000e0000000)
  object space 145920K, 29% used [0x00000000a0000000,0x00000000a2a5dae0,0x00000000a8e80000)
 Metaspace       used 70827K, capacity 74062K, committed 74200K, reserved 1114112K
  class space    used 9267K, capacity 9932K, committed 9944K, reserved 1048576K
Event: 189.783 GC heap after
Heap after GC invocations=25 (full 3):
 PSYoungGen      total 174592K, used 19956K [0x00000000e0000000, 0x00000000ec500000, 0x0000000100000000)
  eden space 154624K, 0% used [0x00000000e0000000,0x00000000e0000000,0x00000000e9700000)
  from space 19968K, 99% used [0x00000000ead00000,0x00000000ec07d3c8,0x00000000ec080000)
  to   space 22528K, 0% used [0x00000000e9700000,0x00000000e9700000,0x00000000ead00000)
 ParOldGen       total 145920K, used 43835K [0x00000000a0000000, 0x00000000a8e80000, 0x00000000e0000000)
  object space 145920K, 30% used [0x00000000a0000000,0x00000000a2acef98,0x00000000a8e80000)
 Metaspace       used 70827K, capacity 74062K, committed 74200K, reserved 1114112K
  class space    used 9267K, capacity 9932K, committed 9944K, reserved 1048576K
}
Event: 201.381 GC heap before
{Heap before GC invocations=26 (full 3):
 PSYoungGen      total 174592K, used 174580K [0x00000000e0000000, 0x00000000ec500000, 0x0000000100000000)
  eden space 154624K, 100% used [0x00000000e0000000,0x00000000e9700000,0x00000000e9700000)
  from space 19968K, 99% used [0x00000000ead00000,0x00000000ec07d3c8,0x00000000ec080000)
  to   space 22528K, 0% used [0x00000000e9700000,0x00000000e9700000,0x00000000ead00000)
 ParOldGen       total 145920K, used 43839K [0x00000000a0000000, 0x00000000a8e80000, 0x00000000e0000000)
  object space 145920K, 30% used [0x00000000a0000000,0x00000000a2acffa8,0x00000000a8e80000)
 Metaspace       used 78321K, capacity 81574K, committed 81752K, reserved 1120256K
  class space    used 10081K, capacity 10720K, committed 10840K, reserved 1048576K
Event: 201.420 GC heap after
Heap after GC invocations=26 (full 3):
 PSYoungGen      total 177152K, used 22501K [0x00000000e0000000, 0x00000000eda00000, 0x0000000100000000)
  eden space 154624K, 0% used [0x00000000e0000000,0x00000000e0000000,0x00000000e9700000)
  from space 22528K, 99% used [0x00000000e9700000,0x00000000eacf95f8,0x00000000ead00000)
  to   space 29696K, 0% used [0x00000000ebd00000,0x00000000ebd00000,0x00000000eda00000)
 ParOldGen       total 145920K, used 54563K [0x00000000a0000000, 0x00000000a8e80000, 0x00000000e0000000)
  object space 145920K, 37% used [0x00000000a0000000,0x00000000a3548c88,0x00000000a8e80000)
 Metaspace       used 78321K, capacity 81574K, committed 81752K, reserved 1120256K
  class space    used 10081K, capacity 10720K, committed 10840K, reserved 1048576K
}
Event: 205.957 GC heap before
{Heap before GC invocations=27 (full 3):
 PSYoungGen      total 177152K, used 177125K [0x00000000e0000000, 0x00000000eda00000, 0x0000000100000000)
  eden space 154624K, 100% used [0x00000000e0000000,0x00000000e9700000,0x00000000e9700000)
  from space 22528K, 99% used [0x00000000e9700000,0x00000000eacf95f8,0x00000000ead00000)
  to   space 29696K, 0% used [0x00000000ebd00000,0x00000000ebd00000,0x00000000eda00000)
 ParOldGen       total 145920K, used 54565K [0x00000000a0000000, 0x00000000a8e80000, 0x00000000e0000000)
  object space 145920K, 37% used [0x00000000a0000000,0x00000000a3549548,0x00000000a8e80000)
 Metaspace       used 85618K, capacity 90482K, committed 90584K, reserved 1128448K
  class space    used 11365K, capacity 12432K, committed 12504K, reserved 1048576K

