# JRE version: OpenJDK Runtime Environment (8.0_212-b04) (build 1.8.0_212-release-1586-b04)
# Java VM: OpenJDK 64-Bit Server VM (25.212-b04 mixed mode windows-amd64 compressed oops)
Heap:
 PSYoungGen      total 139776K, used 77709K [0x00000000e0000000, 0x00000000e9f80000, 0x0000000100000000)
  eden space 127488K, 51% used [0x00000000e0000000,0x00000000e3fe4c18,0x00000000e7c80000)
  from space 12288K, 99% used [0x00000000e9380000,0x00000000e9f7e838,0x00000000e9f80000)
  to   space 14336K, 0% used [0x00000000e8380000,0x00000000e8380000,0x00000000e9180000)
 ParOldGen       total 96256K, used 18580K [0x00000000a0000000, 0x00000000a5e00000, 0x00000000e0000000)
  object space 96256K, 19% used [0x00000000a0000000,0x00000000a12253c8,0x00000000a5e00000)
 Metaspace       used 51266K, capacity 52756K, committed 52992K, reserved 1095680K
  class space    used 7012K, capacity 7379K, committed 7424K, reserved 1048576K
GC Heap History (10 events):
Event: 4.355 GC heap before
{Heap before GC invocations=8 (full 1):
 PSYoungGen      total 76800K, used 66048K [0x00000000e0000000, 0x00000000e5700000, 0x0000000100000000)
  eden space 66048K, 100% used [0x00000000e0000000,0x00000000e4080000,0x00000000e4080000)
  from space 10752K, 0% used [0x00000000e4b80000,0x00000000e4b80000,0x00000000e5600000)
  to   space 11264K, 0% used [0x00000000e4080000,0x00000000e4080000,0x00000000e4b80000)
 ParOldGen       total 60416K, used 9201K [0x00000000a0000000, 0x00000000a3b00000, 0x00000000e0000000)
  object space 60416K, 15% used [0x00000000a0000000,0x00000000a08fc468,0x00000000a3b00000)
 Metaspace       used 28592K, capacity 29050K, committed 29440K, reserved 1075200K
  class space    used 3845K, capacity 3980K, committed 4096K, reserved 1048576K
Event: 4.366 GC heap after
Heap after GC invocations=8 (full 1):
 PSYoungGen      total 77312K, used 7792K [0x00000000e0000000, 0x00000000e7c00000, 0x0000000100000000)
  eden space 66048K, 0% used [0x00000000e0000000,0x00000000e0000000,0x00000000e4080000)
  from space 11264K, 69% used [0x00000000e4080000,0x00000000e481c338,0x00000000e4b80000)
  to   space 11264K, 0% used [0x00000000e7100000,0x00000000e7100000,0x00000000e7c00000)
 ParOldGen       total 60416K, used 9209K [0x00000000a0000000, 0x00000000a3b00000, 0x00000000e0000000)
  object space 60416K, 15% used [0x00000000a0000000,0x00000000a08fe468,0x00000000a3b00000)
 Metaspace       used 28592K, capacity 29050K, committed 29440K, reserved 1075200K
  class space    used 3845K, capacity 3980K, committed 4096K, reserved 1048576K
}
Event: 4.929 GC heap before
{Heap before GC invocations=9 (full 1):
 PSYoungGen      total 77312K, used 73840K [0x00000000e0000000, 0x00000000e7c00000, 0x0000000100000000)
  eden space 66048K, 100% used [0x00000000e0000000,0x00000000e4080000,0x00000000e4080000)
  from space 11264K, 69% used [0x00000000e4080000,0x00000000e481c338,0x00000000e4b80000)
  to   space 11264K, 0% used [0x00000000e7100000,0x00000000e7100000,0x00000000e7c00000)
 ParOldGen       total 60416K, used 9217K [0x00000000a0000000, 0x00000000a3b00000, 0x00000000e0000000)
  object space 60416K, 15% used [0x00000000a0000000,0x00000000a0900430,0x00000000a3b00000)
 Metaspace       used 31782K, capacity 32274K, committed 32512K, reserved 1077248K
  class space    used 4358K, capacity 4500K, committed 4608K, reserved 1048576K
Event: 4.938 GC heap after
Heap after GC invocations=9 (full 1):
 PSYoungGen      total 114688K, used 8390K [0x00000000e0000000, 0x00000000e7b80000, 0x0000000100000000)
  eden space 103936K, 0% used [0x00000000e0000000,0x00000000e0000000,0x00000000e6580000)
  from space 10752K, 78% used [0x00000000e7100000,0x00000000e7931a38,0x00000000e7b80000)
  to   space 11264K, 0% used [0x00000000e6580000,0x00000000e6580000,0x00000000e7080000)
 ParOldGen       total 60416K, used 9225K [0x00000000a0000000, 0x00000000a3b00000, 0x00000000e0000000)
  object space 60416K, 15% used [0x00000000a0000000,0x00000000a0902430,0x00000000a3b00000)
 Metaspace       used 31782K, capacity 32274K, committed 32512K, reserved 1077248K
  class space    used 4358K, capacity 4500K, committed 4608K, reserved 1048576K
}
Event: 5.669 GC heap before
{Heap before GC invocations=10 (full 1):
 PSYoungGen      total 114688K, used 69172K [0x00000000e0000000, 0x00000000e7b80000, 0x0000000100000000)
  eden space 103936K, 58% used [0x00000000e0000000,0x00000000e3b5b780,0x00000000e6580000)
  from space 10752K, 78% used [0x00000000e7100000,0x00000000e7931a38,0x00000000e7b80000)
  to   space 11264K, 0% used [0x00000000e6580000,0x00000000e6580000,0x00000000e7080000)
 ParOldGen       total 60416K, used 9225K [0x00000000a0000000, 0x00000000a3b00000, 0x00000000e0000000)
  object space 60416K, 15% used [0x00000000a0000000,0x00000000a0902430,0x00000000a3b00000)
 Metaspace       used 34582K, capacity 35466K, committed 35496K, reserved 1079296K
  class space    used 4767K, capacity 4969K, committed 4992K, reserved 1048576K
Event: 5.679 GC heap after
Heap after GC invocations=10 (full 1):
 PSYoungGen      total 115200K, used 10763K [0x00000000e0000000, 0x00000000e9f80000, 0x0000000100000000)
  eden space 103936K, 0% used [0x00000000e0000000,0x00000000e0000000,0x00000000e6580000)
  from space 11264K, 95% used [0x00000000e6580000,0x00000000e7002ea0,0x00000000e7080000)
  to   space 12288K, 0% used [0x00000000e9380000,0x00000000e9380000,0x00000000e9f80000)
 ParOldGen       total 60416K, used 9233K [0x00000000a0000000, 0x00000000a3b00000, 0x00000000e0000000)
  object space 60416K, 15% used [0x00000000a0000000,0x00000000a0904430,0x00000000a3b00000)
 Metaspace       used 34582K, capacity 35466K, committed 35496K, reserved 1079296K
  class space    used 4767K, capacity 4969K, committed 4992K, reserved 1048576K
}
Event: 5.679 GC heap before
{Heap before GC invocations=11 (full 2):
 PSYoungGen      total 115200K, used 10763K [0x00000000e0000000, 0x00000000e9f80000, 0x0000000100000000)
  eden space 103936K, 0% used [0x00000000e0000000,0x00000000e0000000,0x00000000e6580000)
  from space 11264K, 95% used [0x00000000e6580000,0x00000000e7002ea0,0x00000000e7080000)
  to   space 12288K, 0% used [0x00000000e9380000,0x00000000e9380000,0x00000000e9f80000)
 ParOldGen       total 60416K, used 9233K [0x00000000a0000000, 0x00000000a3b00000, 0x00000000e0000000)
  object space 60416K, 15% used [0x00000000a0000000,0x00000000a0904430,0x00000000a3b00000)
 Metaspace       used 34582K, capacity 35466K, committed 35496K, reserved 1079296K
  class space    used 4767K, capacity 4969K, committed 4992K, reserved 1048576K
Event: 5.760 GC heap after
Heap after GC invocations=11 (full 2):
 PSYoungGen      total 115200K, used 0K [0x00000000e0000000, 0x00000000e9f80000, 0x0000000100000000)
  eden space 103936K, 0% used [0x00000000e0000000,0x00000000e0000000,0x00000000e6580000)
  from space 11264K, 0% used [0x00000000e6580000,0x00000000e6580000,0x00000000e7080000)
  to   space 12288K, 0% used [0x00000000e9380000,0x00000000e9380000,0x00000000e9f80000)
 ParOldGen       total 96256K, used 17513K [0x00000000a0000000, 0x00000000a5e00000, 0x00000000e0000000)
  object space 96256K, 18% used [0x00000000a0000000,0x00000000a111a738,0x00000000a5e00000)
 Metaspace       used 34555K, capacity 35376K, committed 35496K, reserved 1079296K
  class space    used 4759K, capacity 4954K, committed 4992K, reserved 1048576K
}
Event: 6.946 GC heap before
{Heap before GC invocations=12 (full 2):
 PSYoungGen      total 115200K, used 103936K [0x00000000e0000000, 0x00000000e9f80000, 0x0000000100000000)
  eden space 103936K, 100% used [0x00000000e0000000,0x00000000e6580000,0x00000000e6580000)
  from space 11264K, 0% used [0x00000000e6580000,0x00000000e6580000,0x00000000e7080000)
  to   space 12288K, 0% used [0x00000000e9380000,0x00000000e9380000,0x00000000e9f80000)
 ParOldGen       total 96256K, used 17513K [0x00000000a0000000, 0x00000000a5e00000, 0x00000000e0000000)
  object space 96256K, 18% used [0x00000000a0000000,0x00000000a111a738,0x00000000a5e00000)
 Metaspace       used 45078K, capacity 46126K, committed 46336K, reserved 1089536K
  class space    used 6055K, capacity 6361K, committed 6400K, reserved 1048576K
Event: 6.958 GC heap after
Heap after GC invocations=12 (full 2):
 PSYoungGen      total 139776K, used 12282K [0x00000000e0000000, 0x00000000e9f80000, 0x0000000100000000)
  eden space 127488K, 0% used [0x00000000e0000000,0x00000000e0000000,0x00000000e7c80000)
  from space 12288K, 99% used [0x00000000e9380000,0x00000000e9f7e838,0x00000000e9f80000)
  to   space 14336K, 0% used [0x00000000e8380000,0x00000000e8380000,0x00000000e9180000)
 ParOldGen       total 96256K, used 18580K [0x00000000a0000000, 0x00000000a5e00000, 0x00000000e0000000)
  object space 96256K, 19% used [0x00000000a0000000,0x00000000a12253c8,0x00000000a5e00000)
 Metaspace       used 45078K, capacity 46126K, committed 46336K, reserved 1089536K
  class space    used 6055K, capacity 6361K, committed 6400K, reserved 1048576K
}

