# JRE version: OpenJDK Runtime Environment (8.0_212-b04) (build 1.8.0_212-release-1586-b04)
# Java VM: OpenJDK 64-Bit Server VM (25.212-b04 mixed mode windows-amd64 compressed oops)
Heap:
 PSYoungGen      total 238592K, used 238574K [0x00000000e0000000, 0x00000000f2a80000, 0x0000000100000000)
  eden space 210944K, 100% used [0x00000000e0000000,0x00000000ece00000,0x00000000ece00000)
  from space 27648K, 99% used [0x00000000ef600000,0x00000000f10fba58,0x00000000f1100000)
  to   space 40960K, 19% used [0x00000000ece00000,0x00000000ed5dc060,0x00000000ef600000)
 ParOldGen       total 139776K, used 105238K [0x00000000a0000000, 0x00000000a8880000, 0x00000000e0000000)
  object space 139776K, 75% used [0x00000000a0000000,0x00000000a66c59e0,0x00000000a8880000)
 Metaspace       used 86893K, capacity 91020K, committed 91096K, reserved 1128448K
  class space    used 11613K, capacity 12447K, committed 12504K, reserved 1048576K
GC Heap History (10 events):
Event: 6.784 GC heap after
Heap after GC invocations=15 (full 3):
 PSYoungGen      total 186880K, used 0K [0x00000000e0000000, 0x00000000ed280000, 0x0000000100000000)
  eden space 167936K, 0% used [0x00000000e0000000,0x00000000e0000000,0x00000000ea400000)
  from space 18944K, 0% used [0x00000000eb680000,0x00000000eb680000,0x00000000ec900000)
  to   space 18944K, 0% used [0x00000000ea400000,0x00000000ea400000,0x00000000eb680000)
 ParOldGen       total 139776K, used 31491K [0x00000000a0000000, 0x00000000a8880000, 0x00000000e0000000)
  object space 139776K, 22% used [0x00000000a0000000,0x00000000a1ec0ca8,0x00000000a8880000)
 Metaspace       used 56920K, capacity 58768K, committed 59096K, reserved 1099776K
  class space    used 7861K, capacity 8305K, committed 8408K, reserved 1048576K
}
Event: 9.627 GC heap before
{Heap before GC invocations=16 (full 3):
 PSYoungGen      total 186880K, used 167936K [0x00000000e0000000, 0x00000000ed280000, 0x0000000100000000)
  eden space 167936K, 100% used [0x00000000e0000000,0x00000000ea400000,0x00000000ea400000)
  from space 18944K, 0% used [0x00000000eb680000,0x00000000eb680000,0x00000000ec900000)
  to   space 18944K, 0% used [0x00000000ea400000,0x00000000ea400000,0x00000000eb680000)
 ParOldGen       total 139776K, used 31491K [0x00000000a0000000, 0x00000000a8880000, 0x00000000e0000000)
  object space 139776K, 22% used [0x00000000a0000000,0x00000000a1ec0ca8,0x00000000a8880000)
 Metaspace       used 61593K, capacity 64094K, committed 64472K, reserved 1103872K
  class space    used 8496K, capacity 9058K, committed 9176K, reserved 1048576K
Event: 9.639 GC heap after
Heap after GC invocations=16 (full 3):
 PSYoungGen      total 186880K, used 13044K [0x00000000e0000000, 0x00000000ee880000, 0x0000000100000000)
  eden space 167936K, 0% used [0x00000000e0000000,0x00000000e0000000,0x00000000ea400000)
  from space 18944K, 68% used [0x00000000ea400000,0x00000000eb0bd230,0x00000000eb680000)
  to   space 19456K, 0% used [0x00000000ed580000,0x00000000ed580000,0x00000000ee880000)
 ParOldGen       total 139776K, used 31499K [0x00000000a0000000, 0x00000000a8880000, 0x00000000e0000000)
  object space 139776K, 22% used [0x00000000a0000000,0x00000000a1ec2ca8,0x00000000a8880000)
 Metaspace       used 61593K, capacity 64094K, committed 64472K, reserved 1103872K
  class space    used 8496K, capacity 9058K, committed 9176K, reserved 1048576K
}
Event: 21.630 GC heap before
{Heap before GC invocations=17 (full 3):
 PSYoungGen      total 186880K, used 180980K [0x00000000e0000000, 0x00000000ee880000, 0x0000000100000000)
  eden space 167936K, 100% used [0x00000000e0000000,0x00000000ea400000,0x00000000ea400000)
  from space 18944K, 68% used [0x00000000ea400000,0x00000000eb0bd230,0x00000000eb680000)
  to   space 19456K, 0% used [0x00000000ed580000,0x00000000ed580000,0x00000000ee880000)
 ParOldGen       total 139776K, used 31531K [0x00000000a0000000, 0x00000000a8880000, 0x00000000e0000000)
  object space 139776K, 22% used [0x00000000a0000000,0x00000000a1ecacb8,0x00000000a8880000)
 Metaspace       used 70777K, capacity 73490K, committed 73688K, reserved 1112064K
  class space    used 9556K, capacity 10128K, committed 10200K, reserved 1048576K
Event: 21.659 GC heap after
Heap after GC invocations=17 (full 3):
 PSYoungGen      total 212480K, used 19424K [0x00000000e0000000, 0x00000000eef80000, 0x0000000100000000)
  eden space 193024K, 0% used [0x00000000e0000000,0x00000000e0000000,0x00000000ebc80000)
  from space 19456K, 99% used [0x00000000ed580000,0x00000000ee8783f8,0x00000000ee880000)
  to   space 25600K, 0% used [0x00000000ebc80000,0x00000000ebc80000,0x00000000ed580000)
 ParOldGen       total 139776K, used 41037K [0x00000000a0000000, 0x00000000a8880000, 0x00000000e0000000)
  object space 139776K, 29% used [0x00000000a0000000,0x00000000a28137a8,0x00000000a8880000)
 Metaspace       used 70777K, capacity 73490K, committed 73688K, reserved 1112064K
  class space    used 9556K, capacity 10128K, committed 10200K, reserved 1048576K
}
Event: 23.178 GC heap before
{Heap before GC invocations=18 (full 3):
 PSYoungGen      total 212480K, used 212448K [0x00000000e0000000, 0x00000000eef80000, 0x0000000100000000)
  eden space 193024K, 100% used [0x00000000e0000000,0x00000000ebc80000,0x00000000ebc80000)
  from space 19456K, 99% used [0x00000000ed580000,0x00000000ee8783f8,0x00000000ee880000)
  to   space 25600K, 0% used [0x00000000ebc80000,0x00000000ebc80000,0x00000000ed580000)
 ParOldGen       total 139776K, used 41040K [0x00000000a0000000, 0x00000000a8880000, 0x00000000e0000000)
  object space 139776K, 29% used [0x00000000a0000000,0x00000000a28141e8,0x00000000a8880000)
 Metaspace       used 77500K, capacity 80670K, committed 80984K, reserved 1118208K
  class space    used 10542K, capacity 11232K, committed 11352K, reserved 1048576K
Event: 23.203 GC heap after
Heap after GC invocations=18 (full 3):
 PSYoungGen      total 218624K, used 19892K [0x00000000e0000000, 0x00000000f1100000, 0x0000000100000000)
  eden space 193024K, 0% used [0x00000000e0000000,0x00000000e0000000,0x00000000ebc80000)
  from space 25600K, 77% used [0x00000000ebc80000,0x00000000ecfed398,0x00000000ed580000)
  to   space 27648K, 0% used [0x00000000ef600000,0x00000000ef600000,0x00000000f1100000)
 ParOldGen       total 139776K, used 57362K [0x00000000a0000000, 0x00000000a8880000, 0x00000000e0000000)
  object space 139776K, 41% used [0x00000000a0000000,0x00000000a3804bd0,0x00000000a8880000)
 Metaspace       used 77500K, capacity 80670K, committed 80984K, reserved 1118208K
  class space    used 10542K, capacity 11232K, committed 11352K, reserved 1048576K
}
Event: 26.779 GC heap before
{Heap before GC invocations=19 (full 3):
 PSYoungGen      total 218624K, used 212916K [0x00000000e0000000, 0x00000000f1100000, 0x0000000100000000)
  eden space 193024K, 100% used [0x00000000e0000000,0x00000000ebc80000,0x00000000ebc80000)
  from space 25600K, 77% used [0x00000000ebc80000,0x00000000ecfed398,0x00000000ed580000)
  to   space 27648K, 0% used [0x00000000ef600000,0x00000000ef600000,0x00000000f1100000)
 ParOldGen       total 139776K, used 57362K [0x00000000a0000000, 0x00000000a8880000, 0x00000000e0000000)
  object space 139776K, 41% used [0x00000000a0000000,0x00000000a3804bd0,0x00000000a8880000)
 Metaspace       used 80013K, capacity 83766K, committed 83928K, reserved 1122304K
  class space    used 10873K, capacity 11632K, committed 11736K, reserved 1048576K
Event: 26.824 GC heap after
Heap after GC invocations=19 (full 3):
 PSYoungGen      total 238592K, used 27630K [0x00000000e0000000, 0x00000000f2a80000, 0x0000000100000000)
  eden space 210944K, 0% used [0x00000000e0000000,0x00000000e0000000,0x00000000ece00000)
  from space 27648K, 99% used [0x00000000ef600000,0x00000000f10fba58,0x00000000f1100000)
  to   space 40960K, 0% used [0x00000000ece00000,0x00000000ece00000,0x00000000ef600000)
 ParOldGen       total 139776K, used 82563K [0x00000000a0000000, 0x00000000a8880000, 0x00000000e0000000)
  object space 139776K, 59% used [0x00000000a0000000,0x00000000a50a0e70,0x00000000a8880000)
 Metaspace       used 80013K, capacity 83766K, committed 83928K, reserved 1122304K
  class space    used 10873K, capacity 11632K, committed 11736K, reserved 1048576K
}
Event: 174.969 GC heap before
{Heap before GC invocations=20 (full 3):
 PSYoungGen      total 238592K, used 238574K [0x00000000e0000000, 0x00000000f2a80000, 0x0000000100000000)
  eden space 210944K, 100% used [0x00000000e0000000,0x00000000ece00000,0x00000000ece00000)
  from space 27648K, 99% used [0x00000000ef600000,0x00000000f10fba58,0x00000000f1100000)
  to   space 40960K, 0% used [0x00000000ece00000,0x00000000ece00000,0x00000000ef600000)
 ParOldGen       total 139776K, used 82563K [0x00000000a0000000, 0x00000000a8880000, 0x00000000e0000000)
  object space 139776K, 59% used [0x00000000a0000000,0x00000000a50a0e70,0x00000000a8880000)
 Metaspace       used 86893K, capacity 91020K, committed 91096K, reserved 1128448K
  class space    used 11613K, capacity 12447K, committed 12504K, reserved 1048576K

