# JRE version: OpenJDK Runtime Environment (8.0_212-b04) (build 1.8.0_212-release-1586-b04)
# Java VM: OpenJDK 64-Bit Server VM (25.212-b04 mixed mode windows-amd64 compressed oops)
Heap:
 PSYoungGen      total 115712K, used 9944K [0x00000000e0000000, 0x00000000ea100000, 0x0000000100000000)
  eden space 103936K, 0% used [0x00000000e0000000,0x00000000e0000000,0x00000000e6580000)
  from space 11776K, 84% used [0x00000000e6580000,0x00000000e6f361a0,0x00000000e7100000)
  to   space 12288K, 0% used [0x00000000e9500000,0x00000000e9500000,0x00000000ea100000)
 ParOldGen       total 60416K, used 9314K [0x00000000a0000000, 0x00000000a3b00000, 0x00000000e0000000)
  object space 60416K, 15% used [0x00000000a0000000,0x00000000a0918940,0x00000000a3b00000)
 Metaspace       used 34527K, capacity 35442K, committed 35496K, reserved 1079296K
  class space    used 4750K, capacity 4976K, committed 4992K, reserved 1048576K
GC Heap History (10 events):
Event: 2.160 GC heap after
Heap after GC invocations=6 (full 0):
 PSYoungGen      total 76800K, used 8583K [0x00000000e0000000, 0x00000000e5700000, 0x0000000100000000)
  eden space 66048K, 0% used [0x00000000e0000000,0x00000000e0000000,0x00000000e4080000)
  from space 10752K, 79% used [0x00000000e4b80000,0x00000000e53e1ee8,0x00000000e5600000)
  to   space 11264K, 0% used [0x00000000e4080000,0x00000000e4080000,0x00000000e4b80000)
 ParOldGen       total 87552K, used 7831K [0x00000000a0000000, 0x00000000a5580000, 0x00000000e0000000)
  object space 87552K, 8% used [0x00000000a0000000,0x00000000a07a5cf0,0x00000000a5580000)
 Metaspace       used 20607K, capacity 21174K, committed 21296K, reserved 1067008K
  class space    used 2971K, capacity 3133K, committed 3200K, reserved 1048576K
}
Event: 2.160 GC heap before
{Heap before GC invocations=7 (full 1):
 PSYoungGen      total 76800K, used 8583K [0x00000000e0000000, 0x00000000e5700000, 0x0000000100000000)
  eden space 66048K, 0% used [0x00000000e0000000,0x00000000e0000000,0x00000000e4080000)
  from space 10752K, 79% used [0x00000000e4b80000,0x00000000e53e1ee8,0x00000000e5600000)
  to   space 11264K, 0% used [0x00000000e4080000,0x00000000e4080000,0x00000000e4b80000)
 ParOldGen       total 87552K, used 7831K [0x00000000a0000000, 0x00000000a5580000, 0x00000000e0000000)
  object space 87552K, 8% used [0x00000000a0000000,0x00000000a07a5cf0,0x00000000a5580000)
 Metaspace       used 20607K, capacity 21174K, committed 21296K, reserved 1067008K
  class space    used 2971K, capacity 3133K, committed 3200K, reserved 1048576K
Event: 2.189 GC heap after
Heap after GC invocations=7 (full 1):
 PSYoungGen      total 76800K, used 0K [0x00000000e0000000, 0x00000000e5700000, 0x0000000100000000)
  eden space 66048K, 0% used [0x00000000e0000000,0x00000000e0000000,0x00000000e4080000)
  from space 10752K, 0% used [0x00000000e4b80000,0x00000000e4b80000,0x00000000e5600000)
  to   space 11264K, 0% used [0x00000000e4080000,0x00000000e4080000,0x00000000e4b80000)
 ParOldGen       total 60416K, used 9290K [0x00000000a0000000, 0x00000000a3b00000, 0x00000000e0000000)
  object space 60416K, 15% used [0x00000000a0000000,0x00000000a0912940,0x00000000a3b00000)
 Metaspace       used 20607K, capacity 21174K, committed 21296K, reserved 1067008K
  class space    used 2971K, capacity 3133K, committed 3200K, reserved 1048576K
}
Event: 2.793 GC heap before
{Heap before GC invocations=8 (full 1):
 PSYoungGen      total 76800K, used 66048K [0x00000000e0000000, 0x00000000e5700000, 0x0000000100000000)
  eden space 66048K, 100% used [0x00000000e0000000,0x00000000e4080000,0x00000000e4080000)
  from space 10752K, 0% used [0x00000000e4b80000,0x00000000e4b80000,0x00000000e5600000)
  to   space 11264K, 0% used [0x00000000e4080000,0x00000000e4080000,0x00000000e4b80000)
 ParOldGen       total 60416K, used 9290K [0x00000000a0000000, 0x00000000a3b00000, 0x00000000e0000000)
  object space 60416K, 15% used [0x00000000a0000000,0x00000000a0912940,0x00000000a3b00000)
 Metaspace       used 29052K, capacity 29632K, committed 29952K, reserved 1075200K
  class space    used 3917K, capacity 4071K, committed 4096K, reserved 1048576K
Event: 2.802 GC heap after
Heap after GC invocations=8 (full 1):
 PSYoungGen      total 77312K, used 8174K [0x00000000e0000000, 0x00000000e7c00000, 0x0000000100000000)
  eden space 66048K, 0% used [0x00000000e0000000,0x00000000e0000000,0x00000000e4080000)
  from space 11264K, 72% used [0x00000000e4080000,0x00000000e487b920,0x00000000e4b80000)
  to   space 11264K, 0% used [0x00000000e7100000,0x00000000e7100000,0x00000000e7c00000)
 ParOldGen       total 60416K, used 9298K [0x00000000a0000000, 0x00000000a3b00000, 0x00000000e0000000)
  object space 60416K, 15% used [0x00000000a0000000,0x00000000a0914940,0x00000000a3b00000)
 Metaspace       used 29052K, capacity 29632K, committed 29952K, reserved 1075200K
  class space    used 3917K, capacity 4071K, committed 4096K, reserved 1048576K
}
Event: 3.293 GC heap before
{Heap before GC invocations=9 (full 1):
 PSYoungGen      total 77312K, used 74222K [0x00000000e0000000, 0x00000000e7c00000, 0x0000000100000000)
  eden space 66048K, 100% used [0x00000000e0000000,0x00000000e4080000,0x00000000e4080000)
  from space 11264K, 72% used [0x00000000e4080000,0x00000000e487b920,0x00000000e4b80000)
  to   space 11264K, 0% used [0x00000000e7100000,0x00000000e7100000,0x00000000e7c00000)
 ParOldGen       total 60416K, used 9298K [0x00000000a0000000, 0x00000000a3b00000, 0x00000000e0000000)
  object space 60416K, 15% used [0x00000000a0000000,0x00000000a0914940,0x00000000a3b00000)
 Metaspace       used 32195K, capacity 32824K, committed 33152K, reserved 1077248K
  class space    used 4424K, capacity 4623K, committed 4736K, reserved 1048576K
Event: 3.302 GC heap after
Heap after GC invocations=9 (full 1):
 PSYoungGen      total 115200K, used 8664K [0x00000000e0000000, 0x00000000e7d00000, 0x0000000100000000)
  eden space 103936K, 0% used [0x00000000e0000000,0x00000000e0000000,0x00000000e6580000)
  from space 11264K, 76% used [0x00000000e7100000,0x00000000e7976250,0x00000000e7c00000)
  to   space 11776K, 0% used [0x00000000e6580000,0x00000000e6580000,0x00000000e7100000)
 ParOldGen       total 60416K, used 9306K [0x00000000a0000000, 0x00000000a3b00000, 0x00000000e0000000)
  object space 60416K, 15% used [0x00000000a0000000,0x00000000a0916940,0x00000000a3b00000)
 Metaspace       used 32195K, capacity 32824K, committed 33152K, reserved 1077248K
  class space    used 4424K, capacity 4623K, committed 4736K, reserved 1048576K
}
Event: 4.354 GC heap before
{Heap before GC invocations=10 (full 1):
 PSYoungGen      total 115200K, used 61802K [0x00000000e0000000, 0x00000000e7d00000, 0x0000000100000000)
  eden space 103936K, 51% used [0x00000000e0000000,0x00000000e33e4998,0x00000000e6580000)
  from space 11264K, 76% used [0x00000000e7100000,0x00000000e7976250,0x00000000e7c00000)
  to   space 11776K, 0% used [0x00000000e6580000,0x00000000e6580000,0x00000000e7100000)
 ParOldGen       total 60416K, used 9306K [0x00000000a0000000, 0x00000000a3b00000, 0x00000000e0000000)
  object space 60416K, 15% used [0x00000000a0000000,0x00000000a0916940,0x00000000a3b00000)
 Metaspace       used 34527K, capacity 35442K, committed 35496K, reserved 1079296K
  class space    used 4750K, capacity 4976K, committed 4992K, reserved 1048576K
Event: 4.376 GC heap after
Heap after GC invocations=10 (full 1):
 PSYoungGen      total 115712K, used 9944K [0x00000000e0000000, 0x00000000ea100000, 0x0000000100000000)
  eden space 103936K, 0% used [0x00000000e0000000,0x00000000e0000000,0x00000000e6580000)
  from space 11776K, 84% used [0x00000000e6580000,0x00000000e6f361a0,0x00000000e7100000)
  to   space 12288K, 0% used [0x00000000e9500000,0x00000000e9500000,0x00000000ea100000)
 ParOldGen       total 60416K, used 9314K [0x00000000a0000000, 0x00000000a3b00000, 0x00000000e0000000)
  object space 60416K, 15% used [0x00000000a0000000,0x00000000a0918940,0x00000000a3b00000)
 Metaspace       used 34527K, capacity 35442K, committed 35496K, reserved 1079296K
  class space    used 4750K, capacity 4976K, committed 4992K, reserved 1048576K
}
Event: 4.376 GC heap before
{Heap before GC invocations=11 (full 2):
 PSYoungGen      total 115712K, used 9944K [0x00000000e0000000, 0x00000000ea100000, 0x0000000100000000)
  eden space 103936K, 0% used [0x00000000e0000000,0x00000000e0000000,0x00000000e6580000)
  from space 11776K, 84% used [0x00000000e6580000,0x00000000e6f361a0,0x00000000e7100000)
  to   space 12288K, 0% used [0x00000000e9500000,0x00000000e9500000,0x00000000ea100000)
 ParOldGen       total 60416K, used 9314K [0x00000000a0000000, 0x00000000a3b00000, 0x00000000e0000000)
  object space 60416K, 15% used [0x00000000a0000000,0x00000000a0918940,0x00000000a3b00000)
 Metaspace       used 34527K, capacity 35442K, committed 35496K, reserved 1079296K
  class space    used 4750K, capacity 4976K, committed 4992K, reserved 1048576K

