# JRE version: OpenJDK Runtime Environment (8.0_212-b04) (build 1.8.0_212-release-1586-b04)
# Java VM: OpenJDK 64-Bit Server VM (25.212-b04 mixed mode windows-amd64 compressed oops)
Heap:
 PSYoungGen      total 148480K, used 17072K [0x00000000e0000000, 0x00000000edc00000, 0x0000000100000000)
  eden space 131072K, 0% used [0x00000000e0000000,0x00000000e0000000,0x00000000e8000000)
  from space 17408K, 98% used [0x00000000e8000000,0x00000000e90ac168,0x00000000e9100000)
  to   space 19456K, 0% used [0x00000000ec900000,0x00000000ec900000,0x00000000edc00000)
 ParOldGen       total 81408K, used 23098K [0x00000000a0000000, 0x00000000a4f80000, 0x00000000e0000000)
  object space 81408K, 28% used [0x00000000a0000000,0x00000000a168eb98,0x00000000a4f80000)
 Metaspace       used 57068K, capacity 59008K, committed 59096K, reserved 1099776K
  class space    used 7891K, capacity 8351K, committed 8408K, reserved 1048576K
GC Heap History (10 events):
Event: 20.419 GC heap before
{Heap before GC invocations=12 (full 1):
 PSYoungGen      total 72192K, used 11147K [0x00000000e0000000, 0x00000000e5380000, 0x0000000100000000)
  eden space 61440K, 1% used [0x00000000e0000000,0x00000000e0122ec0,0x00000000e3c00000)
  from space 10752K, 92% used [0x00000000e4780000,0x00000000e513ff50,0x00000000e5200000)
  to   space 11776K, 0% used [0x00000000e3c00000,0x00000000e3c00000,0x00000000e4780000)
 ParOldGen       total 69120K, used 9302K [0x00000000a0000000, 0x00000000a4380000, 0x00000000e0000000)
  object space 69120K, 13% used [0x00000000a0000000,0x00000000a09159b8,0x00000000a4380000)
 Metaspace       used 34502K, capacity 35386K, committed 35456K, reserved 1079296K
  class space    used 4744K, capacity 4976K, committed 4992K, reserved 1048576K
Event: 20.424 GC heap after
Heap after GC invocations=12 (full 1):
 PSYoungGen      total 73216K, used 7808K [0x00000000e0000000, 0x00000000e6f80000, 0x0000000100000000)
  eden space 61440K, 0% used [0x00000000e0000000,0x00000000e0000000,0x00000000e3c00000)
  from space 11776K, 66% used [0x00000000e3c00000,0x00000000e43a0000,0x00000000e4780000)
  to   space 11776K, 0% used [0x00000000e6400000,0x00000000e6400000,0x00000000e6f80000)
 ParOldGen       total 69120K, used 9302K [0x00000000a0000000, 0x00000000a4380000, 0x00000000e0000000)
  object space 69120K, 13% used [0x00000000a0000000,0x00000000a09159b8,0x00000000a4380000)
 Metaspace       used 34502K, capacity 35386K, committed 35456K, reserved 1079296K
  class space    used 4744K, capacity 4976K, committed 4992K, reserved 1048576K
}
Event: 20.424 GC heap before
{Heap before GC invocations=13 (full 2):
 PSYoungGen      total 73216K, used 7808K [0x00000000e0000000, 0x00000000e6f80000, 0x0000000100000000)
  eden space 61440K, 0% used [0x00000000e0000000,0x00000000e0000000,0x00000000e3c00000)
  from space 11776K, 66% used [0x00000000e3c00000,0x00000000e43a0000,0x00000000e4780000)
  to   space 11776K, 0% used [0x00000000e6400000,0x00000000e6400000,0x00000000e6f80000)
 ParOldGen       total 69120K, used 9302K [0x00000000a0000000, 0x00000000a4380000, 0x00000000e0000000)
  object space 69120K, 13% used [0x00000000a0000000,0x00000000a09159b8,0x00000000a4380000)
 Metaspace       used 34502K, capacity 35386K, committed 35456K, reserved 1079296K
  class space    used 4744K, capacity 4976K, committed 4992K, reserved 1048576K
Event: 20.461 GC heap after
Heap after GC invocations=13 (full 2):
 PSYoungGen      total 73216K, used 0K [0x00000000e0000000, 0x00000000e6f80000, 0x0000000100000000)
  eden space 61440K, 0% used [0x00000000e0000000,0x00000000e0000000,0x00000000e3c00000)
  from space 11776K, 0% used [0x00000000e3c00000,0x00000000e3c00000,0x00000000e4780000)
  to   space 11776K, 0% used [0x00000000e6400000,0x00000000e6400000,0x00000000e6f80000)
 ParOldGen       total 81408K, used 14710K [0x00000000a0000000, 0x00000000a4f80000, 0x00000000e0000000)
  object space 81408K, 18% used [0x00000000a0000000,0x00000000a0e5d9a0,0x00000000a4f80000)
 Metaspace       used 34469K, capacity 35272K, committed 35456K, reserved 1079296K
  class space    used 4733K, capacity 4957K, committed 4992K, reserved 1048576K
}
Event: 23.188 GC heap before
{Heap before GC invocations=14 (full 2):
 PSYoungGen      total 73216K, used 61440K [0x00000000e0000000, 0x00000000e6f80000, 0x0000000100000000)
  eden space 61440K, 100% used [0x00000000e0000000,0x00000000e3c00000,0x00000000e3c00000)
  from space 11776K, 0% used [0x00000000e3c00000,0x00000000e3c00000,0x00000000e4780000)
  to   space 11776K, 0% used [0x00000000e6400000,0x00000000e6400000,0x00000000e6f80000)
 ParOldGen       total 81408K, used 14710K [0x00000000a0000000, 0x00000000a4f80000, 0x00000000e0000000)
  object space 81408K, 18% used [0x00000000a0000000,0x00000000a0e5d9a0,0x00000000a4f80000)
 Metaspace       used 41772K, capacity 42880K, committed 43136K, reserved 1087488K
  class space    used 5663K, capacity 5956K, committed 6016K, reserved 1048576K
Event: 23.198 GC heap after
Heap after GC invocations=14 (full 2):
 PSYoungGen      total 102912K, used 7826K [0x00000000e0000000, 0x00000000e7000000, 0x0000000100000000)
  eden space 91136K, 0% used [0x00000000e0000000,0x00000000e0000000,0x00000000e5900000)
  from space 11776K, 66% used [0x00000000e6400000,0x00000000e6ba4960,0x00000000e6f80000)
  to   space 11264K, 0% used [0x00000000e5900000,0x00000000e5900000,0x00000000e6400000)
 ParOldGen       total 81408K, used 14718K [0x00000000a0000000, 0x00000000a4f80000, 0x00000000e0000000)
  object space 81408K, 18% used [0x00000000a0000000,0x00000000a0e5f9a0,0x00000000a4f80000)
 Metaspace       used 41772K, capacity 42880K, committed 43136K, reserved 1087488K
  class space    used 5663K, capacity 5956K, committed 6016K, reserved 1048576K
}
Event: 25.652 GC heap before
{Heap before GC invocations=15 (full 2):
 PSYoungGen      total 102912K, used 98962K [0x00000000e0000000, 0x00000000e7000000, 0x0000000100000000)
  eden space 91136K, 100% used [0x00000000e0000000,0x00000000e5900000,0x00000000e5900000)
  from space 11776K, 66% used [0x00000000e6400000,0x00000000e6ba4960,0x00000000e6f80000)
  to   space 11264K, 0% used [0x00000000e5900000,0x00000000e5900000,0x00000000e6400000)
 ParOldGen       total 81408K, used 14718K [0x00000000a0000000, 0x00000000a4f80000, 0x00000000e0000000)
  object space 81408K, 18% used [0x00000000a0000000,0x00000000a0e5f9a0,0x00000000a4f80000)
 Metaspace       used 49194K, capacity 50612K, committed 50816K, reserved 1093632K
  class space    used 6598K, capacity 6951K, committed 7040K, reserved 1048576K
Event: 25.664 GC heap after
Heap after GC invocations=15 (full 2):
 PSYoungGen      total 102400K, used 11246K [0x00000000e0000000, 0x00000000e9e80000, 0x0000000100000000)
  eden space 91136K, 0% used [0x00000000e0000000,0x00000000e0000000,0x00000000e5900000)
  from space 11264K, 99% used [0x00000000e5900000,0x00000000e63fbbd0,0x00000000e6400000)
  to   space 13824K, 0% used [0x00000000e9100000,0x00000000e9100000,0x00000000e9e80000)
 ParOldGen       total 81408K, used 17563K [0x00000000a0000000, 0x00000000a4f80000, 0x00000000e0000000)
  object space 81408K, 21% used [0x00000000a0000000,0x00000000a1126d88,0x00000000a4f80000)
 Metaspace       used 49194K, capacity 50612K, committed 50816K, reserved 1093632K
  class space    used 6598K, capacity 6951K, committed 7040K, reserved 1048576K
}
Event: 30.677 GC heap before
{Heap before GC invocations=16 (full 2):
 PSYoungGen      total 102400K, used 102382K [0x00000000e0000000, 0x00000000e9e80000, 0x0000000100000000)
  eden space 91136K, 100% used [0x00000000e0000000,0x00000000e5900000,0x00000000e5900000)
  from space 11264K, 99% used [0x00000000e5900000,0x00000000e63fbbd0,0x00000000e6400000)
  to   space 13824K, 0% used [0x00000000e9100000,0x00000000e9100000,0x00000000e9e80000)
 ParOldGen       total 81408K, used 17563K [0x00000000a0000000, 0x00000000a4f80000, 0x00000000e0000000)
  object space 81408K, 21% used [0x00000000a0000000,0x00000000a1126d88,0x00000000a4f80000)
 Metaspace       used 56041K, capacity 57908K, committed 58112K, reserved 1099776K
  class space    used 7716K, capacity 8153K, committed 8192K, reserved 1048576K
Event: 30.692 GC heap after
Heap after GC invocations=16 (full 2):
 PSYoungGen      total 144896K, used 13821K [0x00000000e0000000, 0x00000000ea300000, 0x0000000100000000)
  eden space 131072K, 0% used [0x00000000e0000000,0x00000000e0000000,0x00000000e8000000)
  from space 13824K, 99% used [0x00000000e9100000,0x00000000e9e7f7d0,0x00000000e9e80000)
  to   space 17408K, 0% used [0x00000000e8000000,0x00000000e8000000,0x00000000e9100000)
 ParOldGen       total 81408K, used 23090K [0x00000000a0000000, 0x00000000a4f80000, 0x00000000e0000000)
  object space 81408K, 28% used [0x00000000a0000000,0x00000000a168cb98,0x00000000a4f80000)
 Metaspace       used 56041K, capacity 57908K, committed 58112K, reserved 1099776K
  class space    used 7716K, capacity 8153K, committed 8192K, reserved 1048576K
}

