# JRE version: OpenJDK Runtime Environment (8.0_212-b04) (build 1.8.0_212-release-1586-b04)
# Java VM: OpenJDK 64-Bit Server VM (25.212-b04 mixed mode windows-amd64 compressed oops)
Heap:
 PSYoungGen      total 180224K, used 152929K [0x00000000e0000000, 0x00000000ede80000, 0x0000000100000000)
  eden space 161792K, 87% used [0x00000000e0000000,0x00000000e8980078,0x00000000e9e00000)
  from space 18432K, 65% used [0x00000000e9e00000,0x00000000ea9d8390,0x00000000eb000000)
  to   space 18944K, 0% used [0x00000000ecc00000,0x00000000ecc00000,0x00000000ede80000)
 ParOldGen       total 140800K, used 31455K [0x00000000a0000000, 0x00000000a8980000, 0x00000000e0000000)
  object space 140800K, 22% used [0x00000000a0000000,0x00000000a1eb7fc0,0x00000000a8980000)
 Metaspace       used 65534K, capacity 68073K, committed 68312K, reserved 1107968K
  class space    used 8916K, capacity 9424K, committed 9432K, reserved 1048576K
GC Heap History (10 events):
Event: 4.880 GC heap before
{Heap before GC invocations=12 (full 2):
 PSYoungGen      total 117248K, used 105984K [0x00000000e0000000, 0x00000000ea600000, 0x0000000100000000)
  eden space 105984K, 100% used [0x00000000e0000000,0x00000000e6780000,0x00000000e6780000)
  from space 11264K, 0% used [0x00000000e6780000,0x00000000e6780000,0x00000000e7280000)
  to   space 12288K, 0% used [0x00000000e9a00000,0x00000000e9a00000,0x00000000ea600000)
 ParOldGen       total 93184K, used 17061K [0x00000000a0000000, 0x00000000a5b00000, 0x00000000e0000000)
  object space 93184K, 18% used [0x00000000a0000000,0x00000000a10a9728,0x00000000a5b00000)
 Metaspace       used 45133K, capacity 46218K, committed 46592K, reserved 1089536K
  class space    used 6054K, capacity 6329K, committed 6400K, reserved 1048576K
Event: 4.891 GC heap after
Heap after GC invocations=12 (full 2):
 PSYoungGen      total 143872K, used 12280K [0x00000000e0000000, 0x00000000ea600000, 0x0000000100000000)
  eden space 131584K, 0% used [0x00000000e0000000,0x00000000e0000000,0x00000000e8080000)
  from space 12288K, 99% used [0x00000000e9a00000,0x00000000ea5fe030,0x00000000ea600000)
  to   space 14336K, 0% used [0x00000000e8a00000,0x00000000e8a00000,0x00000000e9800000)
 ParOldGen       total 93184K, used 18310K [0x00000000a0000000, 0x00000000a5b00000, 0x00000000e0000000)
  object space 93184K, 19% used [0x00000000a0000000,0x00000000a11e1a38,0x00000000a5b00000)
 Metaspace       used 45133K, capacity 46218K, committed 46592K, reserved 1089536K
  class space    used 6054K, capacity 6329K, committed 6400K, reserved 1048576K
}
Event: 6.187 GC heap before
{Heap before GC invocations=13 (full 2):
 PSYoungGen      total 143872K, used 143864K [0x00000000e0000000, 0x00000000ea600000, 0x0000000100000000)
  eden space 131584K, 100% used [0x00000000e0000000,0x00000000e8080000,0x00000000e8080000)
  from space 12288K, 99% used [0x00000000e9a00000,0x00000000ea5fe030,0x00000000ea600000)
  to   space 14336K, 0% used [0x00000000e8a00000,0x00000000e8a00000,0x00000000e9800000)
 ParOldGen       total 93184K, used 18310K [0x00000000a0000000, 0x00000000a5b00000, 0x00000000e0000000)
  object space 93184K, 19% used [0x00000000a0000000,0x00000000a11e1a38,0x00000000a5b00000)
 Metaspace       used 55765K, capacity 57468K, committed 57600K, reserved 1099776K
  class space    used 7673K, capacity 8093K, committed 8192K, reserved 1048576K
Event: 6.206 GC heap after
Heap after GC invocations=13 (full 2):
 PSYoungGen      total 155648K, used 14304K [0x00000000e0000000, 0x00000000ec200000, 0x0000000100000000)
  eden space 141312K, 0% used [0x00000000e0000000,0x00000000e0000000,0x00000000e8a00000)
  from space 14336K, 99% used [0x00000000e8a00000,0x00000000e97f8360,0x00000000e9800000)
  to   space 18432K, 0% used [0x00000000eb000000,0x00000000eb000000,0x00000000ec200000)
 ParOldGen       total 93184K, used 25273K [0x00000000a0000000, 0x00000000a5b00000, 0x00000000e0000000)
  object space 93184K, 27% used [0x00000000a0000000,0x00000000a18ae548,0x00000000a5b00000)
 Metaspace       used 55765K, capacity 57468K, committed 57600K, reserved 1099776K
  class space    used 7673K, capacity 8093K, committed 8192K, reserved 1048576K
}
Event: 6.418 GC heap before
{Heap before GC invocations=14 (full 2):
 PSYoungGen      total 155648K, used 39815K [0x00000000e0000000, 0x00000000ec200000, 0x0000000100000000)
  eden space 141312K, 18% used [0x00000000e0000000,0x00000000e18e9b20,0x00000000e8a00000)
  from space 14336K, 99% used [0x00000000e8a00000,0x00000000e97f8360,0x00000000e9800000)
  to   space 18432K, 0% used [0x00000000eb000000,0x00000000eb000000,0x00000000ec200000)
 ParOldGen       total 93184K, used 25273K [0x00000000a0000000, 0x00000000a5b00000, 0x00000000e0000000)
  object space 93184K, 27% used [0x00000000a0000000,0x00000000a18ae548,0x00000000a5b00000)
 Metaspace       used 57018K, capacity 59087K, committed 59096K, reserved 1099776K
  class space    used 7915K, capacity 8399K, committed 8408K, reserved 1048576K
Event: 6.426 GC heap after
Heap after GC invocations=14 (full 2):
 PSYoungGen      total 180224K, used 3226K [0x00000000e0000000, 0x00000000ed300000, 0x0000000100000000)
  eden space 161792K, 0% used [0x00000000e0000000,0x00000000e0000000,0x00000000e9e00000)
  from space 18432K, 17% used [0x00000000eb000000,0x00000000eb3269d8,0x00000000ec200000)
  to   space 18432K, 0% used [0x00000000e9e00000,0x00000000e9e00000,0x00000000eb000000)
 ParOldGen       total 93184K, used 33344K [0x00000000a0000000, 0x00000000a5b00000, 0x00000000e0000000)
  object space 93184K, 35% used [0x00000000a0000000,0x00000000a20901c8,0x00000000a5b00000)
 Metaspace       used 57018K, capacity 59087K, committed 59096K, reserved 1099776K
  class space    used 7915K, capacity 8399K, committed 8408K, reserved 1048576K
}
Event: 6.426 GC heap before
{Heap before GC invocations=15 (full 3):
 PSYoungGen      total 180224K, used 3226K [0x00000000e0000000, 0x00000000ed300000, 0x0000000100000000)
  eden space 161792K, 0% used [0x00000000e0000000,0x00000000e0000000,0x00000000e9e00000)
  from space 18432K, 17% used [0x00000000eb000000,0x00000000eb3269d8,0x00000000ec200000)
  to   space 18432K, 0% used [0x00000000e9e00000,0x00000000e9e00000,0x00000000eb000000)
 ParOldGen       total 93184K, used 33344K [0x00000000a0000000, 0x00000000a5b00000, 0x00000000e0000000)
  object space 93184K, 35% used [0x00000000a0000000,0x00000000a20901c8,0x00000000a5b00000)
 Metaspace       used 57018K, capacity 59087K, committed 59096K, reserved 1099776K
  class space    used 7915K, capacity 8399K, committed 8408K, reserved 1048576K
Event: 6.642 GC heap after
Heap after GC invocations=15 (full 3):
 PSYoungGen      total 180224K, used 0K [0x00000000e0000000, 0x00000000ed300000, 0x0000000100000000)
  eden space 161792K, 0% used [0x00000000e0000000,0x00000000e0000000,0x00000000e9e00000)
  from space 18432K, 0% used [0x00000000eb000000,0x00000000eb000000,0x00000000ec200000)
  to   space 18432K, 0% used [0x00000000e9e00000,0x00000000e9e00000,0x00000000eb000000)
 ParOldGen       total 140800K, used 31447K [0x00000000a0000000, 0x00000000a8980000, 0x00000000e0000000)
  object space 140800K, 22% used [0x00000000a0000000,0x00000000a1eb5fc0,0x00000000a8980000)
 Metaspace       used 56824K, capacity 58583K, committed 59096K, reserved 1099776K
  class space    used 7852K, capacity 8285K, committed 8408K, reserved 1048576K
}
Event: 8.313 GC heap before
{Heap before GC invocations=16 (full 3):
 PSYoungGen      total 180224K, used 161792K [0x00000000e0000000, 0x00000000ed300000, 0x0000000100000000)
  eden space 161792K, 100% used [0x00000000e0000000,0x00000000e9e00000,0x00000000e9e00000)
  from space 18432K, 0% used [0x00000000eb000000,0x00000000eb000000,0x00000000ec200000)
  to   space 18432K, 0% used [0x00000000e9e00000,0x00000000e9e00000,0x00000000eb000000)
 ParOldGen       total 140800K, used 31447K [0x00000000a0000000, 0x00000000a8980000, 0x00000000e0000000)
  object space 140800K, 22% used [0x00000000a0000000,0x00000000a1eb5fc0,0x00000000a8980000)
 Metaspace       used 61426K, capacity 63699K, committed 63832K, reserved 1103872K
  class space    used 8460K, capacity 8951K, committed 9048K, reserved 1048576K
Event: 8.323 GC heap after
Heap after GC invocations=16 (full 3):
 PSYoungGen      total 180224K, used 12128K [0x00000000e0000000, 0x00000000ede80000, 0x0000000100000000)
  eden space 161792K, 0% used [0x00000000e0000000,0x00000000e0000000,0x00000000e9e00000)
  from space 18432K, 65% used [0x00000000e9e00000,0x00000000ea9d8390,0x00000000eb000000)
  to   space 18944K, 0% used [0x00000000ecc00000,0x00000000ecc00000,0x00000000ede80000)
 ParOldGen       total 140800K, used 31455K [0x00000000a0000000, 0x00000000a8980000, 0x00000000e0000000)
  object space 140800K, 22% used [0x00000000a0000000,0x00000000a1eb7fc0,0x00000000a8980000)
 Metaspace       used 61426K, capacity 63699K, committed 63832K, reserved 1103872K
  class space    used 8460K, capacity 8951K, committed 9048K, reserved 1048576K
}

