# JRE version: OpenJDK Runtime Environment (8.0_212-b04) (build 1.8.0_212-release-1586-b04)
# Java VM: OpenJDK 64-Bit Server VM (25.212-b04 mixed mode windows-amd64 compressed oops)
Heap:
 PSYoungGen      total 171520K, used 90849K [0x00000000e0000000, 0x00000000ec000000, 0x0000000100000000)
  eden space 154624K, 58% used [0x00000000e0000000,0x00000000e58b8630,0x00000000e9700000)
  from space 16896K, 0% used [0x00000000eaa80000,0x00000000eaa80000,0x00000000ebb00000)
  to   space 19968K, 0% used [0x00000000e9700000,0x00000000e9700000,0x00000000eaa80000)
 ParOldGen       total 140288K, used 33436K [0x00000000a0000000, 0x00000000a8900000, 0x00000000e0000000)
  object space 140288K, 23% used [0x00000000a0000000,0x00000000a20a7200,0x00000000a8900000)
 Metaspace       used 60797K, capacity 62802K, committed 63104K, reserved 1103872K
  class space    used 8310K, capacity 8746K, committed 8832K, reserved 1048576K
GC Heap History (10 events):
Event: 8.678 GC heap before
{Heap before GC invocations=11 (full 2):
 PSYoungGen      total 112128K, used 7268K [0x00000000e0000000, 0x00000000e9580000, 0x0000000100000000)
  eden space 99328K, 0% used [0x00000000e0000000,0x00000000e0000000,0x00000000e6100000)
  from space 12800K, 56% used [0x00000000e6100000,0x00000000e68193b0,0x00000000e6d80000)
  to   space 11776K, 0% used [0x00000000e8a00000,0x00000000e8a00000,0x00000000e9580000)
 ParOldGen       total 61440K, used 9478K [0x00000000a0000000, 0x00000000a3c00000, 0x00000000e0000000)
  object space 61440K, 15% used [0x00000000a0000000,0x00000000a0941b90,0x00000000a3c00000)
 Metaspace       used 34640K, capacity 35402K, committed 35496K, reserved 1079296K
  class space    used 4571K, capacity 4783K, committed 4864K, reserved 1048576K
Event: 8.725 GC heap after
Heap after GC invocations=11 (full 2):
 PSYoungGen      total 112128K, used 0K [0x00000000e0000000, 0x00000000e9580000, 0x0000000100000000)
  eden space 99328K, 0% used [0x00000000e0000000,0x00000000e0000000,0x00000000e6100000)
  from space 12800K, 0% used [0x00000000e6100000,0x00000000e6100000,0x00000000e6d80000)
  to   space 11776K, 0% used [0x00000000e8a00000,0x00000000e8a00000,0x00000000e9580000)
 ParOldGen       total 90112K, used 14403K [0x00000000a0000000, 0x00000000a5800000, 0x00000000e0000000)
  object space 90112K, 15% used [0x00000000a0000000,0x00000000a0e10c30,0x00000000a5800000)
 Metaspace       used 34594K, capacity 35298K, committed 35496K, reserved 1079296K
  class space    used 4560K, capacity 4771K, committed 4864K, reserved 1048576K
}
Event: 13.017 GC heap before
{Heap before GC invocations=12 (full 2):
 PSYoungGen      total 112128K, used 99328K [0x00000000e0000000, 0x00000000e9580000, 0x0000000100000000)
  eden space 99328K, 100% used [0x00000000e0000000,0x00000000e6100000,0x00000000e6100000)
  from space 12800K, 0% used [0x00000000e6100000,0x00000000e6100000,0x00000000e6d80000)
  to   space 11776K, 0% used [0x00000000e8a00000,0x00000000e8a00000,0x00000000e9580000)
 ParOldGen       total 90112K, used 14403K [0x00000000a0000000, 0x00000000a5800000, 0x00000000e0000000)
  object space 90112K, 15% used [0x00000000a0000000,0x00000000a0e10c30,0x00000000a5800000)
 Metaspace       used 39219K, capacity 40360K, committed 40448K, reserved 1083392K
  class space    used 5287K, capacity 5565K, committed 5632K, reserved 1048576K
Event: 13.028 GC heap after
Heap after GC invocations=12 (full 2):
 PSYoungGen      total 136192K, used 8932K [0x00000000e0000000, 0x00000000e9380000, 0x0000000100000000)
  eden space 126464K, 0% used [0x00000000e0000000,0x00000000e0000000,0x00000000e7b80000)
  from space 9728K, 91% used [0x00000000e8a00000,0x00000000e92b92e0,0x00000000e9380000)
  to   space 12288K, 0% used [0x00000000e7b80000,0x00000000e7b80000,0x00000000e8780000)
 ParOldGen       total 90112K, used 14411K [0x00000000a0000000, 0x00000000a5800000, 0x00000000e0000000)
  object space 90112K, 15% used [0x00000000a0000000,0x00000000a0e12c30,0x00000000a5800000)
 Metaspace       used 39219K, capacity 40360K, committed 40448K, reserved 1083392K
  class space    used 5287K, capacity 5565K, committed 5632K, reserved 1048576K
}
Event: 19.284 GC heap before
{Heap before GC invocations=13 (full 2):
 PSYoungGen      total 136192K, used 135396K [0x00000000e0000000, 0x00000000e9380000, 0x0000000100000000)
  eden space 126464K, 100% used [0x00000000e0000000,0x00000000e7b80000,0x00000000e7b80000)
  from space 9728K, 91% used [0x00000000e8a00000,0x00000000e92b92e0,0x00000000e9380000)
  to   space 12288K, 0% used [0x00000000e7b80000,0x00000000e7b80000,0x00000000e8780000)
 ParOldGen       total 90112K, used 14411K [0x00000000a0000000, 0x00000000a5800000, 0x00000000e0000000)
  object space 90112K, 15% used [0x00000000a0000000,0x00000000a0e12c30,0x00000000a5800000)
 Metaspace       used 51906K, capacity 53396K, committed 53632K, reserved 1095680K
  class space    used 6847K, capacity 7238K, committed 7296K, reserved 1048576K
Event: 19.301 GC heap after
Heap after GC invocations=13 (full 2):
 PSYoungGen      total 138752K, used 12284K [0x00000000e0000000, 0x00000000ebb00000, 0x0000000100000000)
  eden space 126464K, 0% used [0x00000000e0000000,0x00000000e0000000,0x00000000e7b80000)
  from space 12288K, 99% used [0x00000000e7b80000,0x00000000e877f320,0x00000000e8780000)
  to   space 16896K, 0% used [0x00000000eaa80000,0x00000000eaa80000,0x00000000ebb00000)
 ParOldGen       total 90112K, used 23096K [0x00000000a0000000, 0x00000000a5800000, 0x00000000e0000000)
  object space 90112K, 25% used [0x00000000a0000000,0x00000000a168e018,0x00000000a5800000)
 Metaspace       used 51906K, capacity 53396K, committed 53632K, reserved 1095680K
  class space    used 6847K, capacity 7238K, committed 7296K, reserved 1048576K
}
Event: 22.060 GC heap before
{Heap before GC invocations=14 (full 2):
 PSYoungGen      total 138752K, used 85743K [0x00000000e0000000, 0x00000000ebb00000, 0x0000000100000000)
  eden space 126464K, 58% used [0x00000000e0000000,0x00000000e47bcc50,0x00000000e7b80000)
  from space 12288K, 99% used [0x00000000e7b80000,0x00000000e877f320,0x00000000e8780000)
  to   space 16896K, 0% used [0x00000000eaa80000,0x00000000eaa80000,0x00000000ebb00000)
 ParOldGen       total 90112K, used 23096K [0x00000000a0000000, 0x00000000a5800000, 0x00000000e0000000)
  object space 90112K, 25% used [0x00000000a0000000,0x00000000a168e018,0x00000000a5800000)
 Metaspace       used 57131K, capacity 59102K, committed 59136K, reserved 1099776K
  class space    used 7735K, capacity 8188K, committed 8192K, reserved 1048576K
Event: 22.076 GC heap after
Heap after GC invocations=14 (full 2):
 PSYoungGen      total 171520K, used 16878K [0x00000000e0000000, 0x00000000ec000000, 0x0000000100000000)
  eden space 154624K, 0% used [0x00000000e0000000,0x00000000e0000000,0x00000000e9700000)
  from space 16896K, 99% used [0x00000000eaa80000,0x00000000ebafbbc8,0x00000000ebb00000)
  to   space 19968K, 0% used [0x00000000e9700000,0x00000000e9700000,0x00000000eaa80000)
 ParOldGen       total 90112K, used 25896K [0x00000000a0000000, 0x00000000a5800000, 0x00000000e0000000)
  object space 90112K, 28% used [0x00000000a0000000,0x00000000a194a1a0,0x00000000a5800000)
 Metaspace       used 57131K, capacity 59102K, committed 59136K, reserved 1099776K
  class space    used 7735K, capacity 8188K, committed 8192K, reserved 1048576K
}
Event: 22.076 GC heap before
{Heap before GC invocations=15 (full 3):
 PSYoungGen      total 171520K, used 16878K [0x00000000e0000000, 0x00000000ec000000, 0x0000000100000000)
  eden space 154624K, 0% used [0x00000000e0000000,0x00000000e0000000,0x00000000e9700000)
  from space 16896K, 99% used [0x00000000eaa80000,0x00000000ebafbbc8,0x00000000ebb00000)
  to   space 19968K, 0% used [0x00000000e9700000,0x00000000e9700000,0x00000000eaa80000)
 ParOldGen       total 90112K, used 25896K [0x00000000a0000000, 0x00000000a5800000, 0x00000000e0000000)
  object space 90112K, 28% used [0x00000000a0000000,0x00000000a194a1a0,0x00000000a5800000)
 Metaspace       used 57131K, capacity 59102K, committed 59136K, reserved 1099776K
  class space    used 7735K, capacity 8188K, committed 8192K, reserved 1048576K
Event: 22.319 GC heap after
Heap after GC invocations=15 (full 3):
 PSYoungGen      total 171520K, used 0K [0x00000000e0000000, 0x00000000ec000000, 0x0000000100000000)
  eden space 154624K, 0% used [0x00000000e0000000,0x00000000e0000000,0x00000000e9700000)
  from space 16896K, 0% used [0x00000000eaa80000,0x00000000eaa80000,0x00000000ebb00000)
  to   space 19968K, 0% used [0x00000000e9700000,0x00000000e9700000,0x00000000eaa80000)
 ParOldGen       total 140288K, used 33436K [0x00000000a0000000, 0x00000000a8900000, 0x00000000e0000000)
  object space 140288K, 23% used [0x00000000a0000000,0x00000000a20a7200,0x00000000a8900000)
 Metaspace       used 57097K, capacity 58988K, committed 59136K, reserved 1099776K
  class space    used 7725K, capacity 8169K, committed 8192K, reserved 1048576K
}

