# JRE version: OpenJDK Runtime Environment (8.0_212-b04) (build 1.8.0_212-release-1586-b04)
# Java VM: OpenJDK 64-Bit Server VM (25.212-b04 mixed mode windows-amd64 compressed oops)
Heap:
 PSYoungGen      total 217600K, used 58301K [0x00000000e0000000, 0x00000000f2000000, 0x0000000100000000)
  eden space 192000K, 17% used [0x00000000e0000000,0x00000000e1ff16d0,0x00000000ebb80000)
  from space 25600K, 99% used [0x00000000ebb80000,0x00000000ed47ded8,0x00000000ed480000)
  to   space 32256K, 0% used [0x00000000f0080000,0x00000000f0080000,0x00000000f2000000)
 ParOldGen       total 125952K, used 40960K [0x00000000a0000000, 0x00000000a7b00000, 0x00000000e0000000)
  object space 125952K, 32% used [0x00000000a0000000,0x00000000a2800200,0x00000000a7b00000)
 Metaspace       used 75605K, capacity 78138K, committed 78296K, reserved 1118208K
  class space    used 9857K, capacity 10382K, committed 10456K, reserved 1048576K
GC Heap History (10 events):
Event: 27.711 GC heap before
{Heap before GC invocations=14 (full 2):
 PSYoungGen      total 139264K, used 53366K [0x00000000e0000000, 0x00000000ec080000, 0x0000000100000000)
  eden space 124928K, 31% used [0x00000000e0000000,0x00000000e2624dd0,0x00000000e7a00000)
  from space 14336K, 99% used [0x00000000e7a00000,0x00000000e87f8d48,0x00000000e8800000)
  to   space 18432K, 0% used [0x00000000eae80000,0x00000000eae80000,0x00000000ec080000)
 ParOldGen       total 87552K, used 24195K [0x00000000a0000000, 0x00000000a5580000, 0x00000000e0000000)
  object space 87552K, 27% used [0x00000000a0000000,0x00000000a17a0c38,0x00000000a5580000)
 Metaspace       used 57039K, capacity 59050K, committed 59096K, reserved 1099776K
  class space    used 7884K, capacity 8362K, committed 8408K, reserved 1048576K
Event: 27.731 GC heap after
Heap after GC invocations=14 (full 2):
 PSYoungGen      total 176640K, used 17654K [0x00000000e0000000, 0x00000000eca00000, 0x0000000100000000)
  eden space 158208K, 0% used [0x00000000e0000000,0x00000000e0000000,0x00000000e9a80000)
  from space 18432K, 95% used [0x00000000eae80000,0x00000000ebfbd830,0x00000000ec080000)
  to   space 20480K, 0% used [0x00000000e9a80000,0x00000000e9a80000,0x00000000eae80000)
 ParOldGen       total 87552K, used 24203K [0x00000000a0000000, 0x00000000a5580000, 0x00000000e0000000)
  object space 87552K, 27% used [0x00000000a0000000,0x00000000a17a2c38,0x00000000a5580000)
 Metaspace       used 57039K, capacity 59050K, committed 59096K, reserved 1099776K
  class space    used 7884K, capacity 8362K, committed 8408K, reserved 1048576K
}
Event: 27.731 GC heap before
{Heap before GC invocations=15 (full 3):
 PSYoungGen      total 176640K, used 17654K [0x00000000e0000000, 0x00000000eca00000, 0x0000000100000000)
  eden space 158208K, 0% used [0x00000000e0000000,0x00000000e0000000,0x00000000e9a80000)
  from space 18432K, 95% used [0x00000000eae80000,0x00000000ebfbd830,0x00000000ec080000)
  to   space 20480K, 0% used [0x00000000e9a80000,0x00000000e9a80000,0x00000000eae80000)
 ParOldGen       total 87552K, used 24203K [0x00000000a0000000, 0x00000000a5580000, 0x00000000e0000000)
  object space 87552K, 27% used [0x00000000a0000000,0x00000000a17a2c38,0x00000000a5580000)
 Metaspace       used 57039K, capacity 59050K, committed 59096K, reserved 1099776K
  class space    used 7884K, capacity 8362K, committed 8408K, reserved 1048576K
Event: 27.946 GC heap after
Heap after GC invocations=15 (full 3):
 PSYoungGen      total 176640K, used 0K [0x00000000e0000000, 0x00000000eca00000, 0x0000000100000000)
  eden space 158208K, 0% used [0x00000000e0000000,0x00000000e0000000,0x00000000e9a80000)
  from space 18432K, 0% used [0x00000000eae80000,0x00000000eae80000,0x00000000ec080000)
  to   space 20480K, 0% used [0x00000000e9a80000,0x00000000e9a80000,0x00000000eae80000)
 ParOldGen       total 125952K, used 31853K [0x00000000a0000000, 0x00000000a7b00000, 0x00000000e0000000)
  object space 125952K, 25% used [0x00000000a0000000,0x00000000a1f1b6f0,0x00000000a7b00000)
 Metaspace       used 56997K, capacity 58928K, committed 59096K, reserved 1099776K
  class space    used 7871K, capacity 8339K, committed 8408K, reserved 1048576K
}
Event: 32.955 GC heap before
{Heap before GC invocations=16 (full 3):
 PSYoungGen      total 176640K, used 158208K [0x00000000e0000000, 0x00000000eca00000, 0x0000000100000000)
  eden space 158208K, 100% used [0x00000000e0000000,0x00000000e9a80000,0x00000000e9a80000)
  from space 18432K, 0% used [0x00000000eae80000,0x00000000eae80000,0x00000000ec080000)
  to   space 20480K, 0% used [0x00000000e9a80000,0x00000000e9a80000,0x00000000eae80000)
 ParOldGen       total 125952K, used 31853K [0x00000000a0000000, 0x00000000a7b00000, 0x00000000e0000000)
  object space 125952K, 25% used [0x00000000a0000000,0x00000000a1f1b6f0,0x00000000a7b00000)
 Metaspace       used 60524K, capacity 62810K, committed 62936K, reserved 1103872K
  class space    used 8324K, capacity 8848K, committed 8920K, reserved 1048576K
Event: 32.975 GC heap after
Heap after GC invocations=16 (full 3):
 PSYoungGen      total 178688K, used 17781K [0x00000000e0000000, 0x00000000eed80000, 0x0000000100000000)
  eden space 158208K, 0% used [0x00000000e0000000,0x00000000e0000000,0x00000000e9a80000)
  from space 20480K, 86% used [0x00000000e9a80000,0x00000000eabdd520,0x00000000eae80000)
  to   space 22528K, 0% used [0x00000000ed780000,0x00000000ed780000,0x00000000eed80000)
 ParOldGen       total 125952K, used 31861K [0x00000000a0000000, 0x00000000a7b00000, 0x00000000e0000000)
  object space 125952K, 25% used [0x00000000a0000000,0x00000000a1f1d6f0,0x00000000a7b00000)
 Metaspace       used 60524K, capacity 62810K, committed 62936K, reserved 1103872K
  class space    used 8324K, capacity 8848K, committed 8920K, reserved 1048576K
}
Event: 99.329 GC heap before
{Heap before GC invocations=17 (full 3):
 PSYoungGen      total 178688K, used 175989K [0x00000000e0000000, 0x00000000eed80000, 0x0000000100000000)
  eden space 158208K, 100% used [0x00000000e0000000,0x00000000e9a80000,0x00000000e9a80000)
  from space 20480K, 86% used [0x00000000e9a80000,0x00000000eabdd520,0x00000000eae80000)
  to   space 22528K, 0% used [0x00000000ed780000,0x00000000ed780000,0x00000000eed80000)
 ParOldGen       total 125952K, used 31861K [0x00000000a0000000, 0x00000000a7b00000, 0x00000000e0000000)
  object space 125952K, 25% used [0x00000000a0000000,0x00000000a1f1d6f0,0x00000000a7b00000)
 Metaspace       used 67830K, capacity 70384K, committed 70488K, reserved 1110016K
  class space    used 9013K, capacity 9533K, committed 9560K, reserved 1048576K
Event: 99.348 GC heap after
Heap after GC invocations=17 (full 3):
 PSYoungGen      total 214528K, used 22178K [0x00000000e0000000, 0x00000000eed80000, 0x0000000100000000)
  eden space 192000K, 0% used [0x00000000e0000000,0x00000000e0000000,0x00000000ebb80000)
  from space 22528K, 98% used [0x00000000ed780000,0x00000000eed28848,0x00000000eed80000)
  to   space 25600K, 0% used [0x00000000ebb80000,0x00000000ebb80000,0x00000000ed480000)
 ParOldGen       total 125952K, used 31869K [0x00000000a0000000, 0x00000000a7b00000, 0x00000000e0000000)
  object space 125952K, 25% used [0x00000000a0000000,0x00000000a1f1f6f0,0x00000000a7b00000)
 Metaspace       used 67830K, capacity 70384K, committed 70488K, reserved 1110016K
  class space    used 9013K, capacity 9533K, committed 9560K, reserved 1048576K
}
Event: 108.521 GC heap before
{Heap before GC invocations=18 (full 3):
 PSYoungGen      total 214528K, used 214178K [0x00000000e0000000, 0x00000000eed80000, 0x0000000100000000)
  eden space 192000K, 100% used [0x00000000e0000000,0x00000000ebb80000,0x00000000ebb80000)
  from space 22528K, 98% used [0x00000000ed780000,0x00000000eed28848,0x00000000eed80000)
  to   space 25600K, 0% used [0x00000000ebb80000,0x00000000ebb80000,0x00000000ed480000)
 ParOldGen       total 125952K, used 31869K [0x00000000a0000000, 0x00000000a7b00000, 0x00000000e0000000)
  object space 125952K, 25% used [0x00000000a0000000,0x00000000a1f1f6f0,0x00000000a7b00000)
 Metaspace       used 74776K, capacity 77292K, committed 77400K, reserved 1116160K
  class space    used 9796K, capacity 10315K, committed 10328K, reserved 1048576K
Event: 108.554 GC heap after
Heap after GC invocations=18 (full 3):
 PSYoungGen      total 217600K, used 25591K [0x00000000e0000000, 0x00000000f2000000, 0x0000000100000000)
  eden space 192000K, 0% used [0x00000000e0000000,0x00000000e0000000,0x00000000ebb80000)
  from space 25600K, 99% used [0x00000000ebb80000,0x00000000ed47ded8,0x00000000ed480000)
  to   space 32256K, 0% used [0x00000000f0080000,0x00000000f0080000,0x00000000f2000000)
 ParOldGen       total 125952K, used 40960K [0x00000000a0000000, 0x00000000a7b00000, 0x00000000e0000000)
  object space 125952K, 32% used [0x00000000a0000000,0x00000000a2800200,0x00000000a7b00000)
 Metaspace       used 74776K, capacity 77292K, committed 77400K, reserved 1116160K
  class space    used 9796K, capacity 10315K, committed 10328K, reserved 1048576K
}

