# JRE version: OpenJDK Runtime Environment (8.0_212-b04) (build 1.8.0_212-release-1586-b04)
# Java VM: OpenJDK 64-Bit Server VM (25.212-b04 mixed mode windows-amd64 compressed oops)
Heap:
 PSYoungGen      total 224256K, used 81719K [0x00000000e0000000, 0x00000000f2c00000, 0x0000000100000000)
  eden space 156672K, 52% used [0x00000000e0000000,0x00000000e4fcdf58,0x00000000e9900000)
  from space 67584K, 0% used [0x00000000edb80000,0x00000000edb80000,0x00000000f1d80000)
  to   space 68096K, 0% used [0x00000000e9900000,0x00000000e9900000,0x00000000edb80000)
 ParOldGen       total 218112K, used 52696K [0x00000000a0000000, 0x00000000ad500000, 0x00000000e0000000)
  object space 218112K, 24% used [0x00000000a0000000,0x00000000a33763a0,0x00000000ad500000)
 Metaspace       used 92330K, capacity 97171K, committed 98880K, reserved 1134592K
  class space    used 11879K, capacity 12741K, committed 13144K, reserved 1048576K
GC Heap History (10 events):
Event: 6538.027 GC heap before
{Heap before GC invocations=32 (full 3):
 PSYoungGen      total 226304K, used 205937K [0x00000000e0000000, 0x00000000f1b80000, 0x0000000100000000)
  eden space 166400K, 100% used [0x00000000e0000000,0x00000000ea280000,0x00000000ea280000)
  from space 59904K, 66% used [0x00000000edf80000,0x00000000f061c528,0x00000000f1a00000)
  to   space 61952K, 0% used [0x00000000ea280000,0x00000000ea280000,0x00000000edf00000)
 ParOldGen       total 142848K, used 112134K [0x00000000a0000000, 0x00000000a8b80000, 0x00000000e0000000)
  object space 142848K, 78% used [0x00000000a0000000,0x00000000a6d81ac0,0x00000000a8b80000)
 Metaspace       used 92185K, capacity 97744K, committed 98008K, reserved 1134592K
  class space    used 11980K, capacity 12945K, committed 13016K, reserved 1048576K
Event: 6538.061 GC heap after
Heap after GC invocations=32 (full 3):
 PSYoungGen      total 228352K, used 40777K [0x00000000e0000000, 0x00000000f2b00000, 0x0000000100000000)
  eden space 166400K, 0% used [0x00000000e0000000,0x00000000e0000000,0x00000000ea280000)
  from space 61952K, 65% used [0x00000000ea280000,0x00000000eca52638,0x00000000edf00000)
  to   space 63488K, 0% used [0x00000000eed00000,0x00000000eed00000,0x00000000f2b00000)
 ParOldGen       total 142848K, used 112142K [0x00000000a0000000, 0x00000000a8b80000, 0x00000000e0000000)
  object space 142848K, 78% used [0x00000000a0000000,0x00000000a6d83ac0,0x00000000a8b80000)
 Metaspace       used 92185K, capacity 97744K, committed 98008K, reserved 1134592K
  class space    used 11980K, capacity 12945K, committed 13016K, reserved 1048576K
}
Event: 8016.840 GC heap before
{Heap before GC invocations=33 (full 3):
 PSYoungGen      total 228352K, used 207177K [0x00000000e0000000, 0x00000000f2b00000, 0x0000000100000000)
  eden space 166400K, 100% used [0x00000000e0000000,0x00000000ea280000,0x00000000ea280000)
  from space 61952K, 65% used [0x00000000ea280000,0x00000000eca52638,0x00000000edf00000)
  to   space 63488K, 0% used [0x00000000eed00000,0x00000000eed00000,0x00000000f2b00000)
 ParOldGen       total 142848K, used 112142K [0x00000000a0000000, 0x00000000a8b80000, 0x00000000e0000000)
  object space 142848K, 78% used [0x00000000a0000000,0x00000000a6d83ac0,0x00000000a8b80000)
 Metaspace       used 92383K, capacity 98032K, committed 98264K, reserved 1134592K
  class space    used 11999K, capacity 12981K, committed 13016K, reserved 1048576K
Event: 8017.064 GC heap after
Heap after GC invocations=33 (full 3):
 PSYoungGen      total 210944K, used 40713K [0x00000000e0000000, 0x00000000f1d00000, 0x0000000100000000)
  eden space 161792K, 0% used [0x00000000e0000000,0x00000000e0000000,0x00000000e9e00000)
  from space 49152K, 82% used [0x00000000eed00000,0x00000000f14c2638,0x00000000f1d00000)
  to   space 65024K, 0% used [0x00000000e9e00000,0x00000000e9e00000,0x00000000edd80000)
 ParOldGen       total 142848K, used 112150K [0x00000000a0000000, 0x00000000a8b80000, 0x00000000e0000000)
  object space 142848K, 78% used [0x00000000a0000000,0x00000000a6d85ac0,0x00000000a8b80000)
 Metaspace       used 92383K, capacity 98032K, committed 98264K, reserved 1134592K
  class space    used 11999K, capacity 12981K, committed 13016K, reserved 1048576K
}
Event: 8027.972 GC heap before
{Heap before GC invocations=34 (full 3):
 PSYoungGen      total 210944K, used 202505K [0x00000000e0000000, 0x00000000f1d00000, 0x0000000100000000)
  eden space 161792K, 100% used [0x00000000e0000000,0x00000000e9e00000,0x00000000e9e00000)
  from space 49152K, 82% used [0x00000000eed00000,0x00000000f14c2638,0x00000000f1d00000)
  to   space 65024K, 0% used [0x00000000e9e00000,0x00000000e9e00000,0x00000000edd80000)
 ParOldGen       total 142848K, used 112150K [0x00000000a0000000, 0x00000000a8b80000, 0x00000000e0000000)
  object space 142848K, 78% used [0x00000000a0000000,0x00000000a6d85ac0,0x00000000a8b80000)
 Metaspace       used 92487K, capacity 98038K, committed 98264K, reserved 1134592K
  class space    used 12000K, capacity 12982K, committed 13016K, reserved 1048576K
Event: 8028.023 GC heap after
Heap after GC invocations=34 (full 3):
 PSYoungGen      total 203776K, used 46115K [0x00000000e0000000, 0x00000000f1d80000, 0x0000000100000000)
  eden space 157184K, 0% used [0x00000000e0000000,0x00000000e0000000,0x00000000e9980000)
  from space 46592K, 98% used [0x00000000e9e00000,0x00000000ecb08e38,0x00000000ecb80000)
  to   space 67584K, 0% used [0x00000000edb80000,0x00000000edb80000,0x00000000f1d80000)
 ParOldGen       total 142848K, used 112150K [0x00000000a0000000, 0x00000000a8b80000, 0x00000000e0000000)
  object space 142848K, 78% used [0x00000000a0000000,0x00000000a6d85ac0,0x00000000a8b80000)
 Metaspace       used 92487K, capacity 98038K, committed 98264K, reserved 1134592K
  class space    used 12000K, capacity 12982K, committed 13016K, reserved 1048576K
}
Event: 8029.472 GC heap before
{Heap before GC invocations=35 (full 3):
 PSYoungGen      total 203776K, used 131520K [0x00000000e0000000, 0x00000000f1d80000, 0x0000000100000000)
  eden space 157184K, 54% used [0x00000000e0000000,0x00000000e53673b0,0x00000000e9980000)
  from space 46592K, 98% used [0x00000000e9e00000,0x00000000ecb08e38,0x00000000ecb80000)
  to   space 67584K, 0% used [0x00000000edb80000,0x00000000edb80000,0x00000000f1d80000)
 ParOldGen       total 142848K, used 112150K [0x00000000a0000000, 0x00000000a8b80000, 0x00000000e0000000)
  object space 142848K, 78% used [0x00000000a0000000,0x00000000a6d85ac0,0x00000000a8b80000)
 Metaspace       used 92784K, capacity 98471K, committed 98496K, reserved 1134592K
  class space    used 12007K, capacity 13016K, committed 13016K, reserved 1048576K
Event: 8029.512 GC heap after
Heap after GC invocations=35 (full 3):
 PSYoungGen      total 224256K, used 41532K [0x00000000e0000000, 0x00000000f2c00000, 0x0000000100000000)
  eden space 156672K, 0% used [0x00000000e0000000,0x00000000e0000000,0x00000000e9900000)
  from space 67584K, 61% used [0x00000000edb80000,0x00000000f040f188,0x00000000f1d80000)
  to   space 68096K, 0% used [0x00000000e9900000,0x00000000e9900000,0x00000000edb80000)
 ParOldGen       total 142848K, used 112150K [0x00000000a0000000, 0x00000000a8b80000, 0x00000000e0000000)
  object space 142848K, 78% used [0x00000000a0000000,0x00000000a6d85ac0,0x00000000a8b80000)
 Metaspace       used 92784K, capacity 98471K, committed 98496K, reserved 1134592K
  class space    used 12007K, capacity 13016K, committed 13016K, reserved 1048576K
}
Event: 8029.512 GC heap before
{Heap before GC invocations=36 (full 4):
 PSYoungGen      total 224256K, used 41532K [0x00000000e0000000, 0x00000000f2c00000, 0x0000000100000000)
  eden space 156672K, 0% used [0x00000000e0000000,0x00000000e0000000,0x00000000e9900000)
  from space 67584K, 61% used [0x00000000edb80000,0x00000000f040f188,0x00000000f1d80000)
  to   space 68096K, 0% used [0x00000000e9900000,0x00000000e9900000,0x00000000edb80000)
 ParOldGen       total 142848K, used 112150K [0x00000000a0000000, 0x00000000a8b80000, 0x00000000e0000000)
  object space 142848K, 78% used [0x00000000a0000000,0x00000000a6d85ac0,0x00000000a8b80000)
 Metaspace       used 92784K, capacity 98471K, committed 98496K, reserved 1134592K
  class space    used 12007K, capacity 13016K, committed 13016K, reserved 1048576K
Event: 8033.463 GC heap after
Heap after GC invocations=36 (full 4):
 PSYoungGen      total 224256K, used 0K [0x00000000e0000000, 0x00000000f2c00000, 0x0000000100000000)
  eden space 156672K, 0% used [0x00000000e0000000,0x00000000e0000000,0x00000000e9900000)
  from space 67584K, 0% used [0x00000000edb80000,0x00000000edb80000,0x00000000f1d80000)
  to   space 68096K, 0% used [0x00000000e9900000,0x00000000e9900000,0x00000000edb80000)
 ParOldGen       total 218112K, used 52696K [0x00000000a0000000, 0x00000000ad500000, 0x00000000e0000000)
  object space 218112K, 24% used [0x00000000a0000000,0x00000000a33763a0,0x00000000ad500000)
 Metaspace       used 92156K, capacity 97033K, committed 98496K, reserved 1134592K
  class space    used 11847K, capacity 12727K, committed 13016K, reserved 1048576K
}

