# JRE version: OpenJDK Runtime Environment (8.0_212-b04) (build 1.8.0_212-release-1586-b04)
# Java VM: OpenJDK 64-Bit Server VM (25.212-b04 mixed mode windows-amd64 compressed oops)
Heap:
 PSYoungGen      total 335872K, used 72308K [0x00000000e0000000, 0x00000000f6f80000, 0x0000000100000000)
  eden space 306688K, 14% used [0x00000000e0000000,0x00000000e2a22d70,0x00000000f2b80000)
  from space 29184K, 99% used [0x00000000f4f80000,0x00000000f6bfa490,0x00000000f6c00000)
  to   space 34816K, 0% used [0x00000000f2b80000,0x00000000f2b80000,0x00000000f4d80000)
 ParOldGen       total 156160K, used 37024K [0x00000000a0000000, 0x00000000a9880000, 0x00000000e0000000)
  object space 156160K, 23% used [0x00000000a0000000,0x00000000a2428318,0x00000000a9880000)
 Metaspace       used 77105K, capacity 80008K, committed 80216K, reserved 1118208K
  class space    used 10157K, capacity 10783K, committed 10840K, reserved 1048576K
GC Heap History (10 events):
Event: 10.206 GC heap before
{Heap before GC invocations=9 (full 2):
 PSYoungGen      total 209920K, used 198656K [0x00000000e0000000, 0x00000000ee200000, 0x0000000100000000)
  eden space 198656K, 100% used [0x00000000e0000000,0x00000000ec200000,0x00000000ec200000)
  from space 11264K, 0% used [0x00000000ed700000,0x00000000ed700000,0x00000000ee200000)
  to   space 16384K, 0% used [0x00000000ec200000,0x00000000ec200000,0x00000000ed200000)
 ParOldGen       total 107008K, used 16726K [0x00000000a0000000, 0x00000000a6880000, 0x00000000e0000000)
  object space 107008K, 15% used [0x00000000a0000000,0x00000000a1055bc0,0x00000000a6880000)
 Metaspace       used 53120K, capacity 54774K, committed 54912K, reserved 1095680K
  class space    used 7276K, capacity 7704K, committed 7808K, reserved 1048576K
Event: 10.223 GC heap after
Heap after GC invocations=9 (full 2):
 PSYoungGen      total 215040K, used 16378K [0x00000000e0000000, 0x00000000f3200000, 0x0000000100000000)
  eden space 198656K, 0% used [0x00000000e0000000,0x00000000e0000000,0x00000000ec200000)
  from space 16384K, 99% used [0x00000000ec200000,0x00000000ed1fe8d8,0x00000000ed200000)
  to   space 23040K, 0% used [0x00000000f1b80000,0x00000000f1b80000,0x00000000f3200000)
 ParOldGen       total 107008K, used 24832K [0x00000000a0000000, 0x00000000a6880000, 0x00000000e0000000)
  object space 107008K, 23% used [0x00000000a0000000,0x00000000a1840040,0x00000000a6880000)
 Metaspace       used 53120K, capacity 54774K, committed 54912K, reserved 1095680K
  class space    used 7276K, capacity 7704K, committed 7808K, reserved 1048576K
}
Event: 11.181 GC heap before
{Heap before GC invocations=10 (full 2):
 PSYoungGen      total 215040K, used 89283K [0x00000000e0000000, 0x00000000f3200000, 0x0000000100000000)
  eden space 198656K, 36% used [0x00000000e0000000,0x00000000e4732668,0x00000000ec200000)
  from space 16384K, 99% used [0x00000000ec200000,0x00000000ed1fe8d8,0x00000000ed200000)
  to   space 23040K, 0% used [0x00000000f1b80000,0x00000000f1b80000,0x00000000f3200000)
 ParOldGen       total 107008K, used 24832K [0x00000000a0000000, 0x00000000a6880000, 0x00000000e0000000)
  object space 107008K, 23% used [0x00000000a0000000,0x00000000a1840040,0x00000000a6880000)
 Metaspace       used 57032K, capacity 59040K, committed 59096K, reserved 1099776K
  class space    used 7890K, capacity 8353K, committed 8408K, reserved 1048576K
Event: 11.199 GC heap after
Heap after GC invocations=10 (full 2):
 PSYoungGen      total 288256K, used 19350K [0x00000000e0000000, 0x00000000f4100000, 0x0000000100000000)
  eden space 265216K, 0% used [0x00000000e0000000,0x00000000e0000000,0x00000000f0300000)
  from space 23040K, 83% used [0x00000000f1b80000,0x00000000f2e659d0,0x00000000f3200000)
  to   space 25088K, 0% used [0x00000000f0300000,0x00000000f0300000,0x00000000f1b80000)
 ParOldGen       total 107008K, used 24840K [0x00000000a0000000, 0x00000000a6880000, 0x00000000e0000000)
  object space 107008K, 23% used [0x00000000a0000000,0x00000000a1842040,0x00000000a6880000)
 Metaspace       used 57032K, capacity 59040K, committed 59096K, reserved 1099776K
  class space    used 7890K, capacity 8353K, committed 8408K, reserved 1048576K
}
Event: 11.199 GC heap before
{Heap before GC invocations=11 (full 3):
 PSYoungGen      total 288256K, used 19350K [0x00000000e0000000, 0x00000000f4100000, 0x0000000100000000)
  eden space 265216K, 0% used [0x00000000e0000000,0x00000000e0000000,0x00000000f0300000)
  from space 23040K, 83% used [0x00000000f1b80000,0x00000000f2e659d0,0x00000000f3200000)
  to   space 25088K, 0% used [0x00000000f0300000,0x00000000f0300000,0x00000000f1b80000)
 ParOldGen       total 107008K, used 24840K [0x00000000a0000000, 0x00000000a6880000, 0x00000000e0000000)
  object space 107008K, 23% used [0x00000000a0000000,0x00000000a1842040,0x00000000a6880000)
 Metaspace       used 57032K, capacity 59040K, committed 59096K, reserved 1099776K
  class space    used 7890K, capacity 8353K, committed 8408K, reserved 1048576K
Event: 11.398 GC heap after
Heap after GC invocations=11 (full 3):
 PSYoungGen      total 288256K, used 0K [0x00000000e0000000, 0x00000000f4100000, 0x0000000100000000)
  eden space 265216K, 0% used [0x00000000e0000000,0x00000000e0000000,0x00000000f0300000)
  from space 23040K, 0% used [0x00000000f1b80000,0x00000000f1b80000,0x00000000f3200000)
  to   space 25088K, 0% used [0x00000000f0300000,0x00000000f0300000,0x00000000f1b80000)
 ParOldGen       total 156160K, used 33129K [0x00000000a0000000, 0x00000000a9880000, 0x00000000e0000000)
  object space 156160K, 21% used [0x00000000a0000000,0x00000000a205a720,0x00000000a9880000)
 Metaspace       used 56945K, capacity 58790K, committed 59096K, reserved 1099776K
  class space    used 7863K, capacity 8306K, committed 8408K, reserved 1048576K
}
Event: 15.485 GC heap before
{Heap before GC invocations=12 (full 3):
 PSYoungGen      total 288256K, used 265216K [0x00000000e0000000, 0x00000000f4100000, 0x0000000100000000)
  eden space 265216K, 100% used [0x00000000e0000000,0x00000000f0300000,0x00000000f0300000)
  from space 23040K, 0% used [0x00000000f1b80000,0x00000000f1b80000,0x00000000f3200000)
  to   space 25088K, 0% used [0x00000000f0300000,0x00000000f0300000,0x00000000f1b80000)
 ParOldGen       total 156160K, used 33129K [0x00000000a0000000, 0x00000000a9880000, 0x00000000e0000000)
  object space 156160K, 21% used [0x00000000a0000000,0x00000000a205a720,0x00000000a9880000)
 Metaspace       used 64854K, capacity 67388K, committed 67544K, reserved 1107968K
  class space    used 8873K, capacity 9393K, committed 9432K, reserved 1048576K
Event: 15.505 GC heap after
Heap after GC invocations=12 (full 3):
 PSYoungGen      total 290304K, used 24954K [0x00000000e0000000, 0x00000000f6c00000, 0x0000000100000000)
  eden space 265216K, 0% used [0x00000000e0000000,0x00000000e0000000,0x00000000f0300000)
  from space 25088K, 99% used [0x00000000f0300000,0x00000000f1b5e9f8,0x00000000f1b80000)
  to   space 29184K, 0% used [0x00000000f4f80000,0x00000000f4f80000,0x00000000f6c00000)
 ParOldGen       total 156160K, used 33137K [0x00000000a0000000, 0x00000000a9880000, 0x00000000e0000000)
  object space 156160K, 21% used [0x00000000a0000000,0x00000000a205c720,0x00000000a9880000)
 Metaspace       used 64854K, capacity 67388K, committed 67544K, reserved 1107968K
  class space    used 8873K, capacity 9393K, committed 9432K, reserved 1048576K
}
Event: 39.104 GC heap before
{Heap before GC invocations=13 (full 3):
 PSYoungGen      total 290304K, used 289416K [0x00000000e0000000, 0x00000000f6c00000, 0x0000000100000000)
  eden space 265216K, 99% used [0x00000000e0000000,0x00000000f02438f0,0x00000000f0300000)
  from space 25088K, 99% used [0x00000000f0300000,0x00000000f1b5e9f8,0x00000000f1b80000)
  to   space 29184K, 0% used [0x00000000f4f80000,0x00000000f4f80000,0x00000000f6c00000)
 ParOldGen       total 156160K, used 33137K [0x00000000a0000000, 0x00000000a9880000, 0x00000000e0000000)
  object space 156160K, 21% used [0x00000000a0000000,0x00000000a205c720,0x00000000a9880000)
 Metaspace       used 75716K, capacity 78528K, committed 78680K, reserved 1118208K
  class space    used 9920K, capacity 10527K, committed 10584K, reserved 1048576K
Event: 39.139 GC heap after
Heap after GC invocations=13 (full 3):
 PSYoungGen      total 335872K, used 29161K [0x00000000e0000000, 0x00000000f6f80000, 0x0000000100000000)
  eden space 306688K, 0% used [0x00000000e0000000,0x00000000e0000000,0x00000000f2b80000)
  from space 29184K, 99% used [0x00000000f4f80000,0x00000000f6bfa490,0x00000000f6c00000)
  to   space 34816K, 0% used [0x00000000f2b80000,0x00000000f2b80000,0x00000000f4d80000)
 ParOldGen       total 156160K, used 37024K [0x00000000a0000000, 0x00000000a9880000, 0x00000000e0000000)
  object space 156160K, 23% used [0x00000000a0000000,0x00000000a2428318,0x00000000a9880000)
 Metaspace       used 75716K, capacity 78528K, committed 78680K, reserved 1118208K
  class space    used 9920K, capacity 10527K, committed 10584K, reserved 1048576K
}

