# JRE version: OpenJDK Runtime Environment (8.0_212-b04) (build 1.8.0_212-release-1586-b04)
# Java VM: OpenJDK 64-Bit Server VM (25.212-b04 mixed mode windows-amd64 compressed oops)
Heap:
 PSYoungGen      total 265728K, used 202880K [0x00000000e0000000, 0x00000000f2800000, 0x0000000100000000)
  eden space 236544K, 78% used [0x00000000e0000000,0x00000000eb46fc08,0x00000000ee700000)
  from space 29184K, 62% used [0x00000000f0b80000,0x00000000f1d30708,0x00000000f2800000)
  to   space 33280K, 0% used [0x00000000ee700000,0x00000000ee700000,0x00000000f0780000)
 ParOldGen       total 137216K, used 74902K [0x00000000a0000000, 0x00000000a8600000, 0x00000000e0000000)
  object space 137216K, 54% used [0x00000000a0000000,0x00000000a4925a58,0x00000000a8600000)
 Metaspace       used 88326K, capacity 92570K, committed 92760K, reserved 1130496K
  class space    used 11748K, capacity 12600K, committed 12632K, reserved 1048576K
GC Heap History (10 events):
Event: 17.529 GC heap before
{Heap before GC invocations=17 (full 3):
 PSYoungGen      total 185344K, used 178832K [0x00000000e0000000, 0x00000000ee280000, 0x0000000100000000)
  eden space 168448K, 100% used [0x00000000e0000000,0x00000000ea480000,0x00000000ea480000)
  from space 16896K, 61% used [0x00000000ea480000,0x00000000eaea40e8,0x00000000eb500000)
  to   space 16384K, 0% used [0x00000000ed280000,0x00000000ed280000,0x00000000ee280000)
 ParOldGen       total 137216K, used 31526K [0x00000000a0000000, 0x00000000a8600000, 0x00000000e0000000)
  object space 137216K, 22% used [0x00000000a0000000,0x00000000a1ec9868,0x00000000a8600000)
 Metaspace       used 69316K, capacity 71886K, committed 72024K, reserved 1112064K
  class space    used 9414K, capacity 9994K, committed 10072K, reserved 1048576K
Event: 17.569 GC heap after
Heap after GC invocations=17 (full 3):
 PSYoungGen      total 209408K, used 16365K [0x00000000e0000000, 0x00000000eeb80000, 0x0000000100000000)
  eden space 193024K, 0% used [0x00000000e0000000,0x00000000e0000000,0x00000000ebc80000)
  from space 16384K, 99% used [0x00000000ed280000,0x00000000ee27b7a8,0x00000000ee280000)
  to   space 22528K, 0% used [0x00000000ebc80000,0x00000000ebc80000,0x00000000ed280000)
 ParOldGen       total 137216K, used 42656K [0x00000000a0000000, 0x00000000a8600000, 0x00000000e0000000)
  object space 137216K, 31% used [0x00000000a0000000,0x00000000a29a80a8,0x00000000a8600000)
 Metaspace       used 69316K, capacity 71886K, committed 72024K, reserved 1112064K
  class space    used 9414K, capacity 9994K, committed 10072K, reserved 1048576K
}
Event: 20.276 GC heap before
{Heap before GC invocations=18 (full 3):
 PSYoungGen      total 209408K, used 209389K [0x00000000e0000000, 0x00000000eeb80000, 0x0000000100000000)
  eden space 193024K, 100% used [0x00000000e0000000,0x00000000ebc80000,0x00000000ebc80000)
  from space 16384K, 99% used [0x00000000ed280000,0x00000000ee27b7a8,0x00000000ee280000)
  to   space 22528K, 0% used [0x00000000ebc80000,0x00000000ebc80000,0x00000000ed280000)
 ParOldGen       total 137216K, used 42656K [0x00000000a0000000, 0x00000000a8600000, 0x00000000e0000000)
  object space 137216K, 31% used [0x00000000a0000000,0x00000000a29a80a8,0x00000000a8600000)
 Metaspace       used 78092K, capacity 81526K, committed 81880K, reserved 1120256K
  class space    used 10678K, capacity 11378K, committed 11480K, reserved 1048576K
Event: 20.343 GC heap after
Heap after GC invocations=18 (full 3):
 PSYoungGen      total 215552K, used 22520K [0x00000000e0000000, 0x00000000f2380000, 0x0000000100000000)
  eden space 193024K, 0% used [0x00000000e0000000,0x00000000e0000000,0x00000000ebc80000)
  from space 22528K, 99% used [0x00000000ebc80000,0x00000000ed27e338,0x00000000ed280000)
  to   space 35840K, 0% used [0x00000000f0080000,0x00000000f0080000,0x00000000f2380000)
 ParOldGen       total 137216K, used 70570K [0x00000000a0000000, 0x00000000a8600000, 0x00000000e0000000)
  object space 137216K, 51% used [0x00000000a0000000,0x00000000a44ea8a0,0x00000000a8600000)
 Metaspace       used 78092K, capacity 81526K, committed 81880K, reserved 1120256K
  class space    used 10678K, capacity 11378K, committed 11480K, reserved 1048576K
}
Event: 24.175 GC heap before
{Heap before GC invocations=19 (full 3):
 PSYoungGen      total 215552K, used 215544K [0x00000000e0000000, 0x00000000f2380000, 0x0000000100000000)
  eden space 193024K, 100% used [0x00000000e0000000,0x00000000ebc80000,0x00000000ebc80000)
  from space 22528K, 99% used [0x00000000ebc80000,0x00000000ed27e338,0x00000000ed280000)
  to   space 35840K, 0% used [0x00000000f0080000,0x00000000f0080000,0x00000000f2380000)
 ParOldGen       total 137216K, used 70570K [0x00000000a0000000, 0x00000000a8600000, 0x00000000e0000000)
  object space 137216K, 51% used [0x00000000a0000000,0x00000000a44ea8a0,0x00000000a8600000)
 Metaspace       used 83201K, capacity 87046K, committed 87256K, reserved 1124352K
  class space    used 11435K, capacity 12246K, committed 12248K, reserved 1048576K
Event: 24.196 GC heap after
Heap after GC invocations=19 (full 3):
 PSYoungGen      total 251392K, used 8927K [0x00000000e0000000, 0x00000000f1d00000, 0x0000000100000000)
  eden space 222208K, 0% used [0x00000000e0000000,0x00000000e0000000,0x00000000ed900000)
  from space 29184K, 30% used [0x00000000f0080000,0x00000000f0937fc0,0x00000000f1d00000)
  to   space 34816K, 0% used [0x00000000ed900000,0x00000000ed900000,0x00000000efb00000)
 ParOldGen       total 137216K, used 74886K [0x00000000a0000000, 0x00000000a8600000, 0x00000000e0000000)
  object space 137216K, 54% used [0x00000000a0000000,0x00000000a4921a58,0x00000000a8600000)
 Metaspace       used 83201K, capacity 87046K, committed 87256K, reserved 1124352K
  class space    used 11435K, capacity 12246K, committed 12248K, reserved 1048576K
}
Event: 188.816 GC heap before
{Heap before GC invocations=20 (full 3):
 PSYoungGen      total 251392K, used 231135K [0x00000000e0000000, 0x00000000f1d00000, 0x0000000100000000)
  eden space 222208K, 100% used [0x00000000e0000000,0x00000000ed900000,0x00000000ed900000)
  from space 29184K, 30% used [0x00000000f0080000,0x00000000f0937fc0,0x00000000f1d00000)
  to   space 34816K, 0% used [0x00000000ed900000,0x00000000ed900000,0x00000000efb00000)
 ParOldGen       total 137216K, used 74886K [0x00000000a0000000, 0x00000000a8600000, 0x00000000e0000000)
  object space 137216K, 54% used [0x00000000a0000000,0x00000000a4921a58,0x00000000a8600000)
 Metaspace       used 86424K, capacity 90380K, committed 90584K, reserved 1128448K
  class space    used 11600K, capacity 12413K, committed 12504K, reserved 1048576K
Event: 188.828 GC heap after
Heap after GC invocations=20 (full 3):
 PSYoungGen      total 257024K, used 10874K [0x00000000e0000000, 0x00000000f2c80000, 0x0000000100000000)
  eden space 222208K, 0% used [0x00000000e0000000,0x00000000e0000000,0x00000000ed900000)
  from space 34816K, 31% used [0x00000000ed900000,0x00000000ee39eb48,0x00000000efb00000)
  to   space 33792K, 0% used [0x00000000f0b80000,0x00000000f0b80000,0x00000000f2c80000)
 ParOldGen       total 137216K, used 74894K [0x00000000a0000000, 0x00000000a8600000, 0x00000000e0000000)
  object space 137216K, 54% used [0x00000000a0000000,0x00000000a4923a58,0x00000000a8600000)
 Metaspace       used 86424K, capacity 90380K, committed 90584K, reserved 1128448K
  class space    used 11600K, capacity 12413K, committed 12504K, reserved 1048576K
}
Event: 249.950 GC heap before
{Heap before GC invocations=21 (full 3):
 PSYoungGen      total 257024K, used 233082K [0x00000000e0000000, 0x00000000f2c80000, 0x0000000100000000)
  eden space 222208K, 100% used [0x00000000e0000000,0x00000000ed900000,0x00000000ed900000)
  from space 34816K, 31% used [0x00000000ed900000,0x00000000ee39eb48,0x00000000efb00000)
  to   space 33792K, 0% used [0x00000000f0b80000,0x00000000f0b80000,0x00000000f2c80000)
 ParOldGen       total 137216K, used 74894K [0x00000000a0000000, 0x00000000a8600000, 0x00000000e0000000)
  object space 137216K, 54% used [0x00000000a0000000,0x00000000a4923a58,0x00000000a8600000)
 Metaspace       used 87950K, capacity 92092K, committed 92248K, reserved 1128448K
  class space    used 11722K, capacity 12555K, committed 12632K, reserved 1048576K
Event: 249.971 GC heap after
Heap after GC invocations=21 (full 3):
 PSYoungGen      total 265728K, used 18113K [0x00000000e0000000, 0x00000000f2800000, 0x0000000100000000)
  eden space 236544K, 0% used [0x00000000e0000000,0x00000000e0000000,0x00000000ee700000)
  from space 29184K, 62% used [0x00000000f0b80000,0x00000000f1d30708,0x00000000f2800000)
  to   space 33280K, 0% used [0x00000000ee700000,0x00000000ee700000,0x00000000f0780000)
 ParOldGen       total 137216K, used 74902K [0x00000000a0000000, 0x00000000a8600000, 0x00000000e0000000)
  object space 137216K, 54% used [0x00000000a0000000,0x00000000a4925a58,0x00000000a8600000)
 Metaspace       used 87950K, capacity 92092K, committed 92248K, reserved 1128448K
  class space    used 11722K, capacity 12555K, committed 12632K, reserved 1048576K
}

