# JRE version: OpenJDK Runtime Environment (8.0_212-b04) (build 1.8.0_212-release-1586-b04)
# Java VM: OpenJDK 64-Bit Server VM (25.212-b04 mixed mode windows-amd64 compressed oops)
Heap:
 PSYoungGen      total 270848K, used 116397K [0x00000000e0000000, 0x00000000f4800000, 0x0000000100000000)
  eden space 245760K, 38% used [0x00000000e0000000,0x00000000e5c30af0,0x00000000ef000000)
  from space 25088K, 87% used [0x00000000ef000000,0x00000000f057ad00,0x00000000f0880000)
  to   space 27648K, 0% used [0x00000000f2d00000,0x00000000f2d00000,0x00000000f4800000)
 ParOldGen       total 169472K, used 34124K [0x00000000a0000000, 0x00000000aa580000, 0x00000000e0000000)
  object space 169472K, 20% used [0x00000000a0000000,0x00000000a2153090,0x00000000aa580000)
 Metaspace       used 67846K, capacity 70486K, committed 70656K, reserved 1110016K
  class space    used 9336K, capacity 9874K, committed 9984K, reserved 1048576K
GC Heap History (10 events):
Event: 4.331 GC heap before
{Heap before GC invocations=8 (full 2):
 PSYoungGen      total 201728K, used 10738K [0x00000000e0000000, 0x00000000edc00000, 0x0000000100000000)
  eden space 184832K, 0% used [0x00000000e0000000,0x00000000e0000000,0x00000000eb480000)
  from space 16896K, 63% used [0x00000000ec500000,0x00000000ecf7c808,0x00000000ed580000)
  to   space 16896K, 0% used [0x00000000eb480000,0x00000000eb480000,0x00000000ec500000)
 ParOldGen       total 74240K, used 19551K [0x00000000a0000000, 0x00000000a4880000, 0x00000000e0000000)
  object space 74240K, 26% used [0x00000000a0000000,0x00000000a1317e28,0x00000000a4880000)
 Metaspace       used 34603K, capacity 35446K, committed 35496K, reserved 1079296K
  class space    used 4771K, capacity 4967K, committed 4992K, reserved 1048576K
Event: 4.389 GC heap after
Heap after GC invocations=8 (full 2):
 PSYoungGen      total 201728K, used 0K [0x00000000e0000000, 0x00000000edc00000, 0x0000000100000000)
  eden space 184832K, 0% used [0x00000000e0000000,0x00000000e0000000,0x00000000eb480000)
  from space 16896K, 0% used [0x00000000ec500000,0x00000000ec500000,0x00000000ed580000)
  to   space 16896K, 0% used [0x00000000eb480000,0x00000000eb480000,0x00000000ec500000)
 ParOldGen       total 115200K, used 17639K [0x00000000a0000000, 0x00000000a7080000, 0x00000000e0000000)
  object space 115200K, 15% used [0x00000000a0000000,0x00000000a1139ed0,0x00000000a7080000)
 Metaspace       used 34579K, capacity 35368K, committed 35496K, reserved 1079296K
  class space    used 4764K, capacity 4954K, committed 4992K, reserved 1048576K
}
Event: 6.334 GC heap before
{Heap before GC invocations=9 (full 2):
 PSYoungGen      total 201728K, used 184832K [0x00000000e0000000, 0x00000000edc00000, 0x0000000100000000)
  eden space 184832K, 100% used [0x00000000e0000000,0x00000000eb480000,0x00000000eb480000)
  from space 16896K, 0% used [0x00000000ec500000,0x00000000ec500000,0x00000000ed580000)
  to   space 16896K, 0% used [0x00000000eb480000,0x00000000eb480000,0x00000000ec500000)
 ParOldGen       total 115200K, used 17639K [0x00000000a0000000, 0x00000000a7080000, 0x00000000e0000000)
  object space 115200K, 15% used [0x00000000a0000000,0x00000000a1139ed0,0x00000000a7080000)
 Metaspace       used 51818K, capacity 53382K, committed 53632K, reserved 1095680K
  class space    used 7098K, capacity 7478K, committed 7552K, reserved 1048576K
Event: 6.351 GC heap after
Heap after GC invocations=9 (full 2):
 PSYoungGen      total 201728K, used 16888K [0x00000000e0000000, 0x00000000f1e80000, 0x0000000100000000)
  eden space 184832K, 0% used [0x00000000e0000000,0x00000000e0000000,0x00000000eb480000)
  from space 16896K, 99% used [0x00000000eb480000,0x00000000ec4fe368,0x00000000ec500000)
  to   space 22528K, 0% used [0x00000000f0880000,0x00000000f0880000,0x00000000f1e80000)
 ParOldGen       total 115200K, used 23227K [0x00000000a0000000, 0x00000000a7080000, 0x00000000e0000000)
  object space 115200K, 20% used [0x00000000a0000000,0x00000000a16aeed8,0x00000000a7080000)
 Metaspace       used 51818K, capacity 53382K, committed 53632K, reserved 1095680K
  class space    used 7098K, capacity 7478K, committed 7552K, reserved 1048576K
}
Event: 7.338 GC heap before
{Heap before GC invocations=10 (full 2):
 PSYoungGen      total 201728K, used 99524K [0x00000000e0000000, 0x00000000f1e80000, 0x0000000100000000)
  eden space 184832K, 44% used [0x00000000e0000000,0x00000000e50b2ee8,0x00000000eb480000)
  from space 16896K, 99% used [0x00000000eb480000,0x00000000ec4fe368,0x00000000ec500000)
  to   space 22528K, 0% used [0x00000000f0880000,0x00000000f0880000,0x00000000f1e80000)
 ParOldGen       total 115200K, used 23227K [0x00000000a0000000, 0x00000000a7080000, 0x00000000e0000000)
  object space 115200K, 20% used [0x00000000a0000000,0x00000000a16aeed8,0x00000000a7080000)
 Metaspace       used 57011K, capacity 59086K, committed 59160K, reserved 1099776K
  class space    used 7916K, capacity 8392K, committed 8448K, reserved 1048576K
Event: 7.357 GC heap after
Heap after GC invocations=10 (full 2):
 PSYoungGen      total 268288K, used 19846K [0x00000000e0000000, 0x00000000f2800000, 0x0000000100000000)
  eden space 245760K, 0% used [0x00000000e0000000,0x00000000e0000000,0x00000000ef000000)
  from space 22528K, 88% used [0x00000000f0880000,0x00000000f1be1888,0x00000000f1e80000)
  to   space 25088K, 0% used [0x00000000ef000000,0x00000000ef000000,0x00000000f0880000)
 ParOldGen       total 115200K, used 23235K [0x00000000a0000000, 0x00000000a7080000, 0x00000000e0000000)
  object space 115200K, 20% used [0x00000000a0000000,0x00000000a16b0ed8,0x00000000a7080000)
 Metaspace       used 57011K, capacity 59086K, committed 59160K, reserved 1099776K
  class space    used 7916K, capacity 8392K, committed 8448K, reserved 1048576K
}
Event: 7.357 GC heap before
{Heap before GC invocations=11 (full 3):
 PSYoungGen      total 268288K, used 19846K [0x00000000e0000000, 0x00000000f2800000, 0x0000000100000000)
  eden space 245760K, 0% used [0x00000000e0000000,0x00000000e0000000,0x00000000ef000000)
  from space 22528K, 88% used [0x00000000f0880000,0x00000000f1be1888,0x00000000f1e80000)
  to   space 25088K, 0% used [0x00000000ef000000,0x00000000ef000000,0x00000000f0880000)
 ParOldGen       total 115200K, used 23235K [0x00000000a0000000, 0x00000000a7080000, 0x00000000e0000000)
  object space 115200K, 20% used [0x00000000a0000000,0x00000000a16b0ed8,0x00000000a7080000)
 Metaspace       used 57011K, capacity 59086K, committed 59160K, reserved 1099776K
  class space    used 7916K, capacity 8392K, committed 8448K, reserved 1048576K
Event: 7.556 GC heap after
Heap after GC invocations=11 (full 3):
 PSYoungGen      total 268288K, used 0K [0x00000000e0000000, 0x00000000f2800000, 0x0000000100000000)
  eden space 245760K, 0% used [0x00000000e0000000,0x00000000e0000000,0x00000000ef000000)
  from space 22528K, 0% used [0x00000000f0880000,0x00000000f0880000,0x00000000f1e80000)
  to   space 25088K, 0% used [0x00000000ef000000,0x00000000ef000000,0x00000000f0880000)
 ParOldGen       total 169472K, used 34116K [0x00000000a0000000, 0x00000000aa580000, 0x00000000e0000000)
  object space 169472K, 20% used [0x00000000a0000000,0x00000000a2151090,0x00000000aa580000)
 Metaspace       used 56823K, capacity 58578K, committed 59160K, reserved 1099776K
  class space    used 7855K, capacity 8282K, committed 8448K, reserved 1048576K
}
Event: 14.728 GC heap before
{Heap before GC invocations=12 (full 3):
 PSYoungGen      total 268288K, used 245760K [0x00000000e0000000, 0x00000000f2800000, 0x0000000100000000)
  eden space 245760K, 100% used [0x00000000e0000000,0x00000000ef000000,0x00000000ef000000)
  from space 22528K, 0% used [0x00000000f0880000,0x00000000f0880000,0x00000000f1e80000)
  to   space 25088K, 0% used [0x00000000ef000000,0x00000000ef000000,0x00000000f0880000)
 ParOldGen       total 169472K, used 34116K [0x00000000a0000000, 0x00000000aa580000, 0x00000000e0000000)
  object space 169472K, 20% used [0x00000000a0000000,0x00000000a2151090,0x00000000aa580000)
 Metaspace       used 63995K, capacity 66258K, committed 66560K, reserved 1105920K
  class space    used 8710K, capacity 9162K, committed 9216K, reserved 1048576K
Event: 14.746 GC heap after
Heap after GC invocations=12 (full 3):
 PSYoungGen      total 270848K, used 21995K [0x00000000e0000000, 0x00000000f4800000, 0x0000000100000000)
  eden space 245760K, 0% used [0x00000000e0000000,0x00000000e0000000,0x00000000ef000000)
  from space 25088K, 87% used [0x00000000ef000000,0x00000000f057ad00,0x00000000f0880000)
  to   space 27648K, 0% used [0x00000000f2d00000,0x00000000f2d00000,0x00000000f4800000)
 ParOldGen       total 169472K, used 34124K [0x00000000a0000000, 0x00000000aa580000, 0x00000000e0000000)
  object space 169472K, 20% used [0x00000000a0000000,0x00000000a2153090,0x00000000aa580000)
 Metaspace       used 63995K, capacity 66258K, committed 66560K, reserved 1105920K
  class space    used 8710K, capacity 9162K, committed 9216K, reserved 1048576K
}

